#
# There is insufficient memory for the Java Runtime Environment to continue.
# Native memory allocation (malloc) failed to allocate 1765296 bytes. Error detail: Chunk::new
# Possible reasons:
#   The system is out of physical RAM or swap space
#   This process is running with CompressedOops enabled, and the Java Heap may be blocking the growth of the native heap
# Possible solutions:
#   Reduce memory load on the system
#   Increase physical memory or swap space
#   Check if swap backing store is full
#   Decrease Java heap size (-Xmx/-Xms)
#   Decrease number of Java threads
#   Decrease Java thread stack sizes (-Xss)
#   Set larger code cache with -XX:ReservedCodeCacheSize=
#   JVM is running with Unscaled Compressed Oops mode in which the Java heap is
#     placed in the first 4GB address space. The Java Heap base address is the
#     maximum limit for the native heap growth. Please use -XX:HeapBaseMinAddress
#     to set the Java Heap base and to place the Java Heap above 4GB virtual address.
# This output file may be truncated or incomplete.
#
#  Out of Memory Error (arena.cpp:168), pid=53644, tid=61940
#
# JRE version: OpenJDK Runtime Environment Temurin-21.0.8+9 (21.0.8+9) (build 21.0.8+9-LTS)
# Java VM: OpenJDK 64-Bit Server VM Temurin-21.0.8+9 (21.0.8+9-LTS, mixed mode, sharing, tiered, compressed oops, compressed class ptrs, parallel gc, windows-amd64)
# No core dump will be written. Minidumps are not enabled by default on client versions of Windows
#

---------------  S U M M A R Y ------------

Command Line: --add-modules=ALL-SYSTEM --add-opens=java.base/java.util=ALL-UNNAMED --add-opens=java.base/java.lang=ALL-UNNAMED --add-opens=java.base/sun.nio.fs=ALL-UNNAMED -Declipse.application=org.eclipse.jdt.ls.core.id1 -Dosgi.bundles.defaultStartLevel=4 -Declipse.product=org.eclipse.jdt.ls.core.product -Djava.import.generatesMetadataFilesAtProjectRoot=false -DDetectVMInstallationsJob.disabled=true -Dfile.encoding=utf8 -XX:+UseParallelGC -XX:GCTimeRatio=4 -XX:AdaptiveSizePolicyWeight=90 -Dsun.zip.disableMemoryMapping=true -Xmx2G -Xms100m -Xlog:disable -javaagent:c:\Users\Rach Kolly\.vscode\extensions\redhat.java-1.46.0-win32-x64\lombok\lombok-1.18.39-4050.jar -XX:+HeapDumpOnOutOfMemoryError -XX:HeapDumpPath=c:\Users\Rach Kolly\AppData\Roaming\Code\User\workspaceStorage\0cbd0e41e0e1a9b1775bc30de082a4ce\redhat.java -Daether.dependencyCollector.impl=bf c:\Users\Rach Kolly\.vscode\extensions\redhat.java-1.46.0-win32-x64\server\plugins\org.eclipse.equinox.launcher_1.7.0.v20250519-0528.jar -configuration c:\Users\Rach Kolly\AppData\Roaming\Code\User\globalStorage\redhat.java\1.46.0\config_win -data c:\Users\Rach Kolly\AppData\Roaming\Code\User\workspaceStorage\0cbd0e41e0e1a9b1775bc30de082a4ce\redhat.java\jdt_ws --pipe=\\.\pipe\lsp-4ec77287186e269db48675b4f4f8c6d4-sock

Host: AMD Ryzen 7 4800H with Radeon Graphics         , 16 cores, 7G,  Windows 11 , 64 bit Build 26100 (10.0.26100.6725)
Time: Sat Oct 25 11:53:33 2025 Malay Peninsula Standard Time elapsed time: 331.157625 seconds (0d 0h 5m 31s)

---------------  T H R E A D  ---------------

Current thread (0x000001724637c8f0):  JavaThread "C2 CompilerThread1" daemon [_thread_in_native, id=61940, stack(0x0000003c0f700000,0x0000003c0f800000) (1024K)]


Current CompileTask:
C2:331157 16343   !   4       lombok.core.AST::buildWithField0 (121 bytes)

Stack: [0x0000003c0f700000,0x0000003c0f800000]
Native frames: (J=compiled Java code, j=interpreted, Vv=VM code, C=native code)
V  [jvm.dll+0x6d2449]
V  [jvm.dll+0x8ae341]
V  [jvm.dll+0x8b08be]
V  [jvm.dll+0x8b0fa3]
V  [jvm.dll+0x280c96]
V  [jvm.dll+0xc581d]
V  [jvm.dll+0xc5d53]
V  [jvm.dll+0x3b919c]
V  [jvm.dll+0x1e1213]
V  [jvm.dll+0x249022]
V  [jvm.dll+0x2484af]
V  [jvm.dll+0x1c89ee]
V  [jvm.dll+0x257d4d]
V  [jvm.dll+0x2562ea]
V  [jvm.dll+0x3f2d16]
V  [jvm.dll+0x857e6b]
V  [jvm.dll+0x6d0b0d]
C  [ucrtbase.dll+0x37b0]
C  [KERNEL32.DLL+0x2e8d7]
C  [ntdll.dll+0x8c53c]


---------------  P R O C E S S  ---------------

Threads class SMR info:
_java_thread_list=0x000001724903dbb0, length=74, elements={
0x0000017264659a90, 0x0000017266b84370, 0x0000017266a8d8b0, 0x0000017266b872f0,
0x0000017266b89100, 0x0000017266b8c800, 0x0000017266b92890, 0x0000017266b96f50,
0x0000017266b9a640, 0x0000017266b4e000, 0x00000172411240a0, 0x00000172461ad470,
0x0000017246121cd0, 0x00000172461843a0, 0x000001724627a6e0, 0x00000172418c8810,
0x000001724640eb60, 0x00000172464736b0, 0x000001727e9552b0, 0x0000017247079330,
0x000001724707a6e0, 0x000001724707a050, 0x000001724707b400, 0x0000017247077f80,
0x00000172470799c0, 0x0000017247c15bf0, 0x0000017247c19700, 0x0000017247c16fa0,
0x0000017247c189e0, 0x0000017247c18350, 0x0000017247c16280, 0x0000017247c19070,
0x0000017247c17630, 0x0000017247c19d90, 0x0000017247c16910, 0x0000017247c1a420,
0x0000017247c1aab0, 0x0000017247c1b140, 0x0000017247c17cc0, 0x0000017247c1cb80,
0x0000017247c1b7d0, 0x0000017247c1c4f0, 0x0000017247c1be60, 0x0000017248f10980,
0x0000017248f0e8b0, 0x0000017248f11010, 0x0000017248f11d30, 0x0000017248f123c0,
0x0000017248f15840, 0x00000172532f7a00, 0x00000172532f8db0, 0x00000172532f6ce0,
0x00000172532f9440, 0x00000172532f9ad0, 0x00000172532f6650, 0x00000172532fc8c0,
0x00000172532fae80, 0x00000172532fbba0, 0x00000172532fdc70, 0x00000172532fc230,
0x0000017248f0ef40, 0x0000017248f102f0, 0x0000017248f14490, 0x0000017247078610,
0x0000017248f13770, 0x000001724707ad70, 0x0000017247078ca0, 0x0000017247c15560,
0x000001724955d760, 0x000001724955e480, 0x000001724955eb10, 0x000001724955f1a0,
0x000001724955ddf0, 0x000001724637c8f0
}

Java Threads: ( => current thread )
  0x0000017264659a90 JavaThread "main"                              [_thread_blocked, id=52200, stack(0x0000003c0c700000,0x0000003c0c800000) (1024K)]
  0x0000017266b84370 JavaThread "Reference Handler"          daemon [_thread_blocked, id=13144, stack(0x0000003c0cb00000,0x0000003c0cc00000) (1024K)]
  0x0000017266a8d8b0 JavaThread "Finalizer"                  daemon [_thread_blocked, id=46108, stack(0x0000003c0cc00000,0x0000003c0cd00000) (1024K)]
  0x0000017266b872f0 JavaThread "Signal Dispatcher"          daemon [_thread_blocked, id=50392, stack(0x0000003c0cd00000,0x0000003c0ce00000) (1024K)]
  0x0000017266b89100 JavaThread "Attach Listener"            daemon [_thread_blocked, id=40072, stack(0x0000003c0ce00000,0x0000003c0cf00000) (1024K)]
  0x0000017266b8c800 JavaThread "Service Thread"             daemon [_thread_blocked, id=54312, stack(0x0000003c0cf00000,0x0000003c0d000000) (1024K)]
  0x0000017266b92890 JavaThread "Monitor Deflation Thread"   daemon [_thread_blocked, id=53728, stack(0x0000003c0d000000,0x0000003c0d100000) (1024K)]
  0x0000017266b96f50 JavaThread "C2 CompilerThread0"         daemon [_thread_blocked, id=53628, stack(0x0000003c0d100000,0x0000003c0d200000) (1024K)]
  0x0000017266b9a640 JavaThread "C1 CompilerThread0"         daemon [_thread_blocked, id=53940, stack(0x0000003c0d200000,0x0000003c0d300000) (1024K)]
  0x0000017266b4e000 JavaThread "Common-Cleaner"             daemon [_thread_blocked, id=18324, stack(0x0000003c0d300000,0x0000003c0d400000) (1024K)]
  0x00000172411240a0 JavaThread "Notification Thread"        daemon [_thread_blocked, id=48584, stack(0x0000003c0d700000,0x0000003c0d800000) (1024K)]
  0x00000172461ad470 JavaThread "Active Thread: Equinox Container: a3976462-39f0-4b0b-bfec-e290c4d56868"        [_thread_blocked, id=55224, stack(0x0000003c0e100000,0x0000003c0e200000) (1024K)]
  0x0000017246121cd0 JavaThread "Refresh Thread: Equinox Container: a3976462-39f0-4b0b-bfec-e290c4d56868" daemon [_thread_blocked, id=46088, stack(0x0000003c0e200000,0x0000003c0e300000) (1024K)]
  0x00000172461843a0 JavaThread "Framework Event Dispatcher: Equinox Container: a3976462-39f0-4b0b-bfec-e290c4d56868" daemon [_thread_blocked, id=54428, stack(0x0000003c0e300000,0x0000003c0e400000) (1024K)]
  0x000001724627a6e0 JavaThread "Start Level: Equinox Container: a3976462-39f0-4b0b-bfec-e290c4d56868" daemon [_thread_blocked, id=49108, stack(0x0000003c0e400000,0x0000003c0e500000) (1024K)]
  0x00000172418c8810 JavaThread "Bundle File Closer"         daemon [_thread_blocked, id=53868, stack(0x0000003c0d900000,0x0000003c0da00000) (1024K)]
  0x000001724640eb60 JavaThread "SCR Component Actor"        daemon [_thread_blocked, id=53820, stack(0x0000003c0d800000,0x0000003c0d900000) (1024K)]
  0x00000172464736b0 JavaThread "Worker-JM"                         [_thread_blocked, id=49344, stack(0x0000003c0e900000,0x0000003c0ea00000) (1024K)]
  0x000001727e9552b0 JavaThread "JNA Cleaner"                daemon [_thread_blocked, id=484, stack(0x0000003c0d400000,0x0000003c0d500000) (1024K)]
  0x0000017247079330 JavaThread "Worker-0: Initialize workspace"        [_thread_blocked, id=33972, stack(0x0000003c0d600000,0x0000003c0d700000) (1024K)]
  0x000001724707a6e0 JavaThread "Worker-1: Refreshing workspace"        [_thread_blocked, id=54516, stack(0x0000003c0ed00000,0x0000003c0ee00000) (1024K)]
  0x000001724707a050 JavaThread "Worker-3"                          [_thread_blocked, id=54080, stack(0x0000003c0ef00000,0x0000003c0f000000) (1024K)]
  0x000001724707b400 JavaThread "Java indexing"              daemon [_thread_blocked, id=34900, stack(0x0000003c0f000000,0x0000003c0f100000) (1024K)]
  0x0000017247077f80 JavaThread "Worker-4"                          [_thread_blocked, id=4808, stack(0x0000003c0f100000,0x0000003c0f200000) (1024K)]
  0x00000172470799c0 JavaThread "Worker-7: Synchronize Gradle projects with workspace"        [_thread_blocked, id=34844, stack(0x0000003c0f600000,0x0000003c0f700000) (1024K)]
  0x0000017247c15bf0 JavaThread "Thread-1"                   daemon [_thread_in_native, id=54596, stack(0x0000003c0f800000,0x0000003c0f900000) (1024K)]
  0x0000017247c19700 JavaThread "Thread-2"                   daemon [_thread_in_native, id=49652, stack(0x0000003c0f900000,0x0000003c0fa00000) (1024K)]
  0x0000017247c16fa0 JavaThread "Thread-3"                   daemon [_thread_in_native, id=48400, stack(0x0000003c0fa00000,0x0000003c0fb00000) (1024K)]
  0x0000017247c189e0 JavaThread "Thread-4"                   daemon [_thread_in_native, id=52016, stack(0x0000003c0fb00000,0x0000003c0fc00000) (1024K)]
  0x0000017247c18350 JavaThread "Thread-5"                   daemon [_thread_in_native, id=53520, stack(0x0000003c0fc00000,0x0000003c0fd00000) (1024K)]
  0x0000017247c16280 JavaThread "Thread-6"                   daemon [_thread_in_native, id=52968, stack(0x0000003c0fd00000,0x0000003c0fe00000) (1024K)]
  0x0000017247c19070 JavaThread "Thread-7"                   daemon [_thread_in_native, id=51636, stack(0x0000003c0fe00000,0x0000003c0ff00000) (1024K)]
  0x0000017247c17630 JavaThread "Thread-8"                   daemon [_thread_in_native, id=54408, stack(0x0000003c0ff00000,0x0000003c10000000) (1024K)]
  0x0000017247c19d90 JavaThread "Thread-9"                   daemon [_thread_in_native, id=50404, stack(0x0000003c10000000,0x0000003c10100000) (1024K)]
  0x0000017247c16910 JavaThread "Thread-10"                  daemon [_thread_in_native, id=50868, stack(0x0000003c10100000,0x0000003c10200000) (1024K)]
  0x0000017247c1a420 JavaThread "Thread-11"                  daemon [_thread_in_native, id=54520, stack(0x0000003c10200000,0x0000003c10300000) (1024K)]
  0x0000017247c1aab0 JavaThread "Thread-12"                  daemon [_thread_in_native, id=51672, stack(0x0000003c10300000,0x0000003c10400000) (1024K)]
  0x0000017247c1b140 JavaThread "Thread-13"                  daemon [_thread_in_native, id=48216, stack(0x0000003c10400000,0x0000003c10500000) (1024K)]
  0x0000017247c17cc0 JavaThread "Thread-14"                  daemon [_thread_in_native, id=25576, stack(0x0000003c10500000,0x0000003c10600000) (1024K)]
  0x0000017247c1cb80 JavaThread "Thread-15"                  daemon [_thread_in_native, id=54736, stack(0x0000003c10600000,0x0000003c10700000) (1024K)]
  0x0000017247c1b7d0 JavaThread "Thread-16"                  daemon [_thread_in_native, id=46728, stack(0x0000003c10700000,0x0000003c10800000) (1024K)]
  0x0000017247c1c4f0 JavaThread "Thread-17"                  daemon [_thread_in_native, id=22944, stack(0x0000003c10800000,0x0000003c10900000) (1024K)]
  0x0000017247c1be60 JavaThread "pool-2-thread-1"                   [_thread_blocked, id=44708, stack(0x0000003c10900000,0x0000003c10a00000) (1024K)]
  0x0000017248f10980 JavaThread "WorkspaceEventsHandler"            [_thread_blocked, id=53468, stack(0x0000003c10c00000,0x0000003c10d00000) (1024K)]
  0x0000017248f0e8b0 JavaThread "pool-1-thread-1"                   [_thread_blocked, id=44140, stack(0x0000003c10d00000,0x0000003c10e00000) (1024K)]
  0x0000017248f11010 JavaThread "Timer-0"                           [_thread_blocked, id=54100, stack(0x0000003c10e00000,0x0000003c10f00000) (1024K)]
  0x0000017248f11d30 JavaThread "Worker-9: Java indexing... "        [_thread_blocked, id=39496, stack(0x0000003c10f00000,0x0000003c11000000) (1024K)]
  0x0000017248f123c0 JavaThread "Timer-1"                           [_thread_blocked, id=54984, stack(0x0000003c11100000,0x0000003c11200000) (1024K)]
  0x0000017248f15840 JavaThread "Timer-2"                           [_thread_blocked, id=10940, stack(0x0000003c0d500000,0x0000003c0d600000) (1024K)]
  0x00000172532f7a00 JavaThread "Timer-3"                           [_thread_blocked, id=34928, stack(0x0000003c0e800000,0x0000003c0e900000) (1024K)]
  0x00000172532f8db0 JavaThread "Timer-4"                           [_thread_blocked, id=52056, stack(0x0000003c10a00000,0x0000003c10b00000) (1024K)]
  0x00000172532f6ce0 JavaThread "Timer-5"                           [_thread_blocked, id=45896, stack(0x0000003c10b00000,0x0000003c10c00000) (1024K)]
  0x00000172532f9440 JavaThread "Timer-6"                           [_thread_blocked, id=48108, stack(0x0000003c0ee00000,0x0000003c0ef00000) (1024K)]
  0x00000172532f9ad0 JavaThread "Timer-7"                           [_thread_blocked, id=48544, stack(0x0000003c11200000,0x0000003c11300000) (1024K)]
  0x00000172532f6650 JavaThread "Timer-8"                           [_thread_blocked, id=54664, stack(0x0000003c0c400000,0x0000003c0c500000) (1024K)]
  0x00000172532fc8c0 JavaThread "Timer-9"                           [_thread_blocked, id=54544, stack(0x0000003c0c600000,0x0000003c0c700000) (1024K)]
  0x00000172532fae80 JavaThread "Timer-10"                          [_thread_blocked, id=47416, stack(0x0000003c0c500000,0x0000003c0c600000) (1024K)]
  0x00000172532fbba0 JavaThread "Timer-11"                          [_thread_blocked, id=49676, stack(0x0000003c11300000,0x0000003c11400000) (1024K)]
  0x00000172532fdc70 JavaThread "Timer-12"                          [_thread_blocked, id=57232, stack(0x0000003c11400000,0x0000003c11500000) (1024K)]
  0x00000172532fc230 JavaThread "Timer-13"                          [_thread_blocked, id=57092, stack(0x0000003c11600000,0x0000003c11700000) (1024K)]
  0x0000017248f0ef40 JavaThread "Timer-14"                          [_thread_blocked, id=60888, stack(0x0000003c0f200000,0x0000003c0f300000) (1024K)]
  0x0000017248f102f0 JavaThread "Timer-15"                          [_thread_blocked, id=51784, stack(0x0000003c11500000,0x0000003c11600000) (1024K)]
  0x0000017248f14490 JavaThread "Timer-16"                          [_thread_blocked, id=52468, stack(0x0000003c11700000,0x0000003c11800000) (1024K)]
  0x0000017247078610 JavaThread "Timer-17"                          [_thread_blocked, id=54760, stack(0x0000003c11b00000,0x0000003c11c00000) (1024K)]
  0x0000017248f13770 JavaThread "Timer-18"                          [_thread_blocked, id=59044, stack(0x0000003c0ea00000,0x0000003c0eb00000) (1024K)]
  0x000001724707ad70 JavaThread "Timer-19"                          [_thread_blocked, id=60632, stack(0x0000003c0f500000,0x0000003c0f600000) (1024K)]
  0x0000017247078ca0 JavaThread "Timer-20"                          [_thread_blocked, id=61348, stack(0x0000003c11000000,0x0000003c11100000) (1024K)]
  0x0000017247c15560 JavaThread "Timer-21"                          [_thread_blocked, id=54560, stack(0x0000003c11800000,0x0000003c11900000) (1024K)]
  0x000001724955d760 JavaThread "Timer-22"                          [_thread_blocked, id=59656, stack(0x0000003c11c00000,0x0000003c11d00000) (1024K)]
  0x000001724955e480 JavaThread "Timer-23"                          [_thread_blocked, id=46260, stack(0x0000003c11a00000,0x0000003c11b00000) (1024K)]
  0x000001724955eb10 JavaThread "Timer-24"                          [_thread_blocked, id=60568, stack(0x0000003c11d00000,0x0000003c11e00000) (1024K)]
  0x000001724955f1a0 JavaThread "Connection worker"                 [_thread_in_native, id=61312, stack(0x0000003c11f00000,0x0000003c12000000) (1024K)]
  0x000001724955ddf0 JavaThread "pool-7-thread-1"                   [_thread_blocked, id=56672, stack(0x0000003c12000000,0x0000003c12100000) (1024K)]
=>0x000001724637c8f0 JavaThread "C2 CompilerThread1"         daemon [_thread_in_native, id=61940, stack(0x0000003c0f700000,0x0000003c0f800000) (1024K)]
Total: 74

Other Threads:
  0x0000017266a74df0 VMThread "VM Thread"                           [id=54608, stack(0x0000003c0ca00000,0x0000003c0cb00000) (1024K)]
  0x000001726696ba00 WatcherThread "VM Periodic Task Thread"        [id=54568, stack(0x0000003c0c900000,0x0000003c0ca00000) (1024K)]
  0x0000017266afced0 WorkerThread "GC Thread#0"                     [id=44712, stack(0x0000003c0c800000,0x0000003c0c900000) (1024K)]
  0x00000172460ace30 WorkerThread "GC Thread#1"                     [id=51416, stack(0x0000003c0da00000,0x0000003c0db00000) (1024K)]
  0x00000172460ad5e0 WorkerThread "GC Thread#2"                     [id=54116, stack(0x0000003c0db00000,0x0000003c0dc00000) (1024K)]
  0x00000172417b2440 WorkerThread "GC Thread#3"                     [id=54724, stack(0x0000003c0dc00000,0x0000003c0dd00000) (1024K)]
  0x00000172417b27e0 WorkerThread "GC Thread#4"                     [id=54852, stack(0x0000003c0dd00000,0x0000003c0de00000) (1024K)]
  0x00000172460ab010 WorkerThread "GC Thread#5"                     [id=53764, stack(0x0000003c0de00000,0x0000003c0df00000) (1024K)]
  0x00000172460ab3b0 WorkerThread "GC Thread#6"                     [id=52656, stack(0x0000003c0df00000,0x0000003c0e000000) (1024K)]
  0x00000172462a7360 WorkerThread "GC Thread#7"                     [id=54868, stack(0x0000003c0e000000,0x0000003c0e100000) (1024K)]
  0x00000172462d3230 WorkerThread "GC Thread#8"                     [id=54352, stack(0x0000003c0e500000,0x0000003c0e600000) (1024K)]
  0x00000172462d18d0 WorkerThread "GC Thread#9"                     [id=45948, stack(0x0000003c0e600000,0x0000003c0e700000) (1024K)]
  0x00000172462d2750 WorkerThread "GC Thread#10"                    [id=48836, stack(0x0000003c0e700000,0x0000003c0e800000) (1024K)]
  0x00000172462d1c70 WorkerThread "GC Thread#11"                    [id=42512, stack(0x0000003c0eb00000,0x0000003c0ec00000) (1024K)]
  0x00000172462d2af0 WorkerThread "GC Thread#12"                    [id=54712, stack(0x0000003c0ec00000,0x0000003c0ed00000) (1024K)]
Total: 15

Threads with active compile tasks:
C2 CompilerThread0  331231 16544       4       org.eclipse.jdt.internal.compiler.SourceElementParser::constructTypeReference (765 bytes)
C1 CompilerThread0  331231 16566       3       org.eclipse.jdt.internal.compiler.parser.Parser::consumeCaseLabelElement (171 bytes)
C2 CompilerThread1  331231 16343   !   4       lombok.core.AST::buildWithField0 (121 bytes)
Total: 3

VM state: at safepoint (normal execution)

VM Mutex/Monitor currently owned by a thread:  ([mutex/lock_event])
[0x00007ffa63cc5458] Threads_lock - owner thread: 0x0000017266a74df0
[0x00007ffa63cc5558] Heap_lock - owner thread: 0x0000017248f11d30
[0x00007ffa63cc59d8] PSOldGenExpand_lock - owner thread: 0x0000017266afced0

Heap address: 0x0000000080000000, size: 2048 MB, Compressed Oops mode: 32-bit

CDS archive(s) mapped at: [0x0000017200000000-0x0000017200ba0000-0x0000017200ba0000), size 12189696, SharedBaseAddress: 0x0000017200000000, ArchiveRelocationMode: 1.
Compressed class space mapped at: 0x0000017201000000-0x0000017241000000, reserved size: 1073741824
Narrow klass base: 0x0000017200000000, Narrow klass shift: 0, Narrow klass range: 0x100000000

GC Precious Log:
 CardTable entry size: 512
 CPUs: 16 total, 16 available
 Memory: 7597M
 Large Page Support: Disabled
 NUMA Support: Disabled
 Compressed Oops: Enabled (32-bit)
 Alignments: Space 512K, Generation 512K, Heap 2M
 Heap Min Capacity: 100M
 Heap Initial Capacity: 100M
 Heap Max Capacity: 2G
 Pre-touch: Disabled
 Parallel Workers: 13

Heap:
 PSYoungGen      total 6144K, used 5739K [0x00000000d5580000, 0x00000000d5e00000, 0x0000000100000000)
  eden space 4096K, 100% used [0x00000000d5580000,0x00000000d5980000,0x00000000d5980000)
  from space 2048K, 80% used [0x00000000d5c00000,0x00000000d5d9ac18,0x00000000d5e00000)
  to   space 2048K, 20% used [0x00000000d5980000,0x00000000d59e8000,0x00000000d5b80000)
 ParOldGen       total 1255424K, used 1255417K [0x0000000080000000, 0x00000000cca00000, 0x00000000d5580000)
  object space 1255424K, 99% used [0x0000000080000000,0x00000000cc9fe618,0x00000000cca00000)
 Metaspace       used 91782K, committed 93696K, reserved 1179648K
  class space    used 11266K, committed 12160K, reserved 1048576K

Card table byte_map: [0x0000017266480000,0x0000017266890000] _byte_map_base: 0x0000017266080000

Marking Bits: (ParMarkBitMap*) 0x00007ffa63cca340
 Begin Bits: [0x0000017278f80000, 0x000001727af80000)
 End Bits:   [0x000001727af80000, 0x000001727cf80000)

Polling page: 0x0000017264830000

Metaspace:

Usage:
  Non-class:     78.63 MB used.
      Class:     11.00 MB used.
       Both:     89.63 MB used.

Virtual space:
  Non-class space:      128.00 MB reserved,      79.62 MB ( 62%) committed,  2 nodes.
      Class space:        1.00 GB reserved,      11.88 MB (  1%) committed,  1 nodes.
             Both:        1.12 GB reserved,      91.50 MB (  8%) committed. 

Chunk freelists:
   Non-Class:  354.00 KB
       Class:  4.03 MB
        Both:  4.38 MB

MaxMetaspaceSize: unlimited
CompressedClassSpaceSize: 1.00 GB
Initial GC threshold: 21.00 MB
Current GC threshold: 134.19 MB
CDS: on
 - commit_granule_bytes: 65536.
 - commit_granule_words: 8192.
 - virtual_space_node_default_size: 8388608.
 - enlarge_chunks_in_place: 1.
 - use_allocation_guard: 0.


Internal statistics:

num_allocs_failed_limit: 11.
num_arena_births: 1914.
num_arena_deaths: 26.
num_vsnodes_births: 3.
num_vsnodes_deaths: 0.
num_space_committed: 1464.
num_space_uncommitted: 0.
num_chunks_returned_to_freelist: 42.
num_chunks_taken_from_freelist: 6169.
num_chunk_merges: 17.
num_chunk_splits: 3786.
num_chunks_enlarged: 2131.
num_inconsistent_stats: 0.

CodeHeap 'non-profiled nmethods': size=119168Kb used=14585Kb max_used=14585Kb free=104582Kb
 bounds [0x0000017271870000, 0x00000172726b0000, 0x0000017278cd0000]
CodeHeap 'profiled nmethods': size=119104Kb used=32258Kb max_used=32258Kb free=86845Kb
 bounds [0x0000017269cd0000, 0x000001726bc60000, 0x0000017271120000]
CodeHeap 'non-nmethods': size=7488Kb used=1487Kb max_used=3145Kb free=6000Kb
 bounds [0x0000017271120000, 0x00000172714b0000, 0x0000017271870000]
CodeCache: size=245760Kb, used=48330Kb, max_used=49988Kb, free=197427Kb
 total_blobs=15299, nmethods=14494, adapters=708, full_count=0
Compilation: enabled, stopped_count=0, restarted_count=0

Compilation events (20 events):
Event: 330.514 Thread 0x0000017266b9a640 16556       3       org.eclipse.jdt.internal.compiler.ast.TypeDeclaration$$Lambda/0x0000017201b1a760::apply (5 bytes)
Event: 330.515 Thread 0x0000017266b9a640 nmethod 16556 0x000001726bc4c490 code [0x000001726bc4c640, 0x000001726bc4c838]
Event: 330.516 Thread 0x0000017266b9a640 16557       3       org.eclipse.jdt.internal.compiler.ast.TypeDeclaration::lambda$0 (5 bytes)
Event: 330.516 Thread 0x0000017266b9a640 nmethod 16557 0x000001726bc4c910 code [0x000001726bc4caa0, 0x000001726bc4cc20]
Event: 330.545 Thread 0x0000017266b9a640 16558       3       java.lang.String::isBlank (17 bytes)
Event: 330.546 Thread 0x0000017266b9a640 nmethod 16558 0x000001726bc4cd10 code [0x000001726bc4cf00, 0x000001726bc4d328]
Event: 330.547 Thread 0x0000017266b9a640 16559       3       java.lang.String::indexOfNonWhitespace (25 bytes)
Event: 330.548 Thread 0x0000017266b9a640 nmethod 16559 0x000001726bc4d490 code [0x000001726bc4d660, 0x000001726bc4d8f8]
Event: 330.548 Thread 0x0000017266b9a640 16560       3       java.lang.StringLatin1::indexOfNonWhitespace (49 bytes)
Event: 330.549 Thread 0x0000017266b9a640 nmethod 16560 0x000001726bc4da10 code [0x000001726bc4dbe0, 0x000001726bc4dfe8]
Event: 330.550 Thread 0x0000017266b9a640 16561       3       org.eclipse.jdt.internal.compiler.ast.ConstructorDeclaration::<init> (6 bytes)
Event: 330.551 Thread 0x0000017266b9a640 nmethod 16561 0x000001726bc4e190 code [0x000001726bc4e340, 0x000001726bc4e590]
Event: 330.577 Thread 0x0000017266b9a640 16565       3       org.eclipse.jdt.internal.compiler.ast.ConditionalExpression::<init> (68 bytes)
Event: 330.580 Thread 0x0000017266b9a640 nmethod 16565 0x000001726bc4e690 code [0x000001726bc4e860, 0x000001726bc4ebe8]
Event: 330.580 Thread 0x0000017266b9a640 16567   !   3       org.eclipse.jdt.internal.compiler.parser.Parser::$SWITCH_TABLE$org$eclipse$jdt$internal$compiler$parser$Parser$CaseLabelKind (61 bytes)
Event: 330.581 Thread 0x0000017266b9a640 nmethod 16567 0x000001726bc4ed90 code [0x000001726bc4ef60, 0x000001726bc4f300]
Event: 330.582 Thread 0x0000017266b9a640 16570       3       org.eclipse.jdt.internal.compiler.ast.ArrayReference::<init> (23 bytes)
Event: 330.582 Thread 0x0000017266b9a640 nmethod 16570 0x000001726bc4f490 code [0x000001726bc4f660, 0x000001726bc4f990]
Event: 330.582 Thread 0x0000017266b9a640 16566       3       org.eclipse.jdt.internal.compiler.parser.Parser::consumeCaseLabelElement (171 bytes)
Event: 331.148 Thread 0x0000017266b9a640 nmethod 16566 0x000001726bc4fb10 code [0x000001726bc4fd60, 0x000001726bc506e0]

GC Heap History (20 events):
Event: 325.058 GC heap before
{Heap before GC invocations=3194 (full 4):
 PSYoungGen      total 4096K, used 3712K [0x00000000d5580000, 0x00000000d5b80000, 0x0000000100000000)
  eden space 2048K, 100% used [0x00000000d5580000,0x00000000d5780000,0x00000000d5780000)
  from space 2048K, 81% used [0x00000000d5980000,0x00000000d5b20000,0x00000000d5b80000)
  to   space 2048K, 0% used [0x00000000d5780000,0x00000000d5780000,0x00000000d5980000)
 ParOldGen       total 1232896K, used 1232476K [0x0000000080000000, 0x00000000cb400000, 0x00000000d5580000)
  object space 1232896K, 99% used [0x0000000080000000,0x00000000cb397350,0x00000000cb400000)
 Metaspace       used 91609K, committed 93568K, reserved 1179648K
  class space    used 11260K, committed 12160K, reserved 1048576K
}
Event: 325.065 GC heap after
{Heap after GC invocations=3194 (full 4):
 PSYoungGen      total 4096K, used 2048K [0x00000000d5580000, 0x00000000d6000000, 0x0000000100000000)
  eden space 2048K, 0% used [0x00000000d5580000,0x00000000d5580000,0x00000000d5780000)
  from space 2048K, 100% used [0x00000000d5780000,0x00000000d5980000,0x00000000d5980000)
  to   space 4096K, 0% used [0x00000000d5c00000,0x00000000d5c00000,0x00000000d6000000)
 ParOldGen       total 1234432K, used 1234124K [0x0000000080000000, 0x00000000cb580000, 0x00000000d5580000)
  object space 1234432K, 99% used [0x0000000080000000,0x00000000cb533350,0x00000000cb580000)
 Metaspace       used 91609K, committed 93568K, reserved 1179648K
  class space    used 11260K, committed 12160K, reserved 1048576K
}
Event: 325.125 GC heap before
{Heap before GC invocations=3195 (full 4):
 PSYoungGen      total 4096K, used 3653K [0x00000000d5580000, 0x00000000d6000000, 0x0000000100000000)
  eden space 2048K, 78% used [0x00000000d5580000,0x00000000d5711548,0x00000000d5780000)
  from space 2048K, 100% used [0x00000000d5780000,0x00000000d5980000,0x00000000d5980000)
  to   space 4096K, 0% used [0x00000000d5c00000,0x00000000d5c00000,0x00000000d6000000)
 ParOldGen       total 1234432K, used 1234124K [0x0000000080000000, 0x00000000cb580000, 0x00000000d5580000)
  object space 1234432K, 99% used [0x0000000080000000,0x00000000cb533350,0x00000000cb580000)
 Metaspace       used 91609K, committed 93568K, reserved 1179648K
  class space    used 11260K, committed 12160K, reserved 1048576K
}
Event: 325.133 GC heap after
{Heap after GC invocations=3195 (full 4):
 PSYoungGen      total 4608K, used 1632K [0x00000000d5580000, 0x00000000d5e00000, 0x0000000100000000)
  eden space 2560K, 0% used [0x00000000d5580000,0x00000000d5580000,0x00000000d5800000)
  from space 2048K, 79% used [0x00000000d5c00000,0x00000000d5d98000,0x00000000d5e00000)
  to   space 2560K, 0% used [0x00000000d5900000,0x00000000d5900000,0x00000000d5b80000)
 ParOldGen       total 1236480K, used 1236188K [0x0000000080000000, 0x00000000cb780000, 0x00000000d5580000)
  object space 1236480K, 99% used [0x0000000080000000,0x00000000cb737350,0x00000000cb780000)
 Metaspace       used 91609K, committed 93568K, reserved 1179648K
  class space    used 11260K, committed 12160K, reserved 1048576K
}
Event: 325.190 GC heap before
{Heap before GC invocations=3196 (full 4):
 PSYoungGen      total 4608K, used 4192K [0x00000000d5580000, 0x00000000d5e00000, 0x0000000100000000)
  eden space 2560K, 100% used [0x00000000d5580000,0x00000000d5800000,0x00000000d5800000)
  from space 2048K, 79% used [0x00000000d5c00000,0x00000000d5d98000,0x00000000d5e00000)
  to   space 2560K, 0% used [0x00000000d5900000,0x00000000d5900000,0x00000000d5b80000)
 ParOldGen       total 1236480K, used 1236188K [0x0000000080000000, 0x00000000cb780000, 0x00000000d5580000)
  object space 1236480K, 99% used [0x0000000080000000,0x00000000cb737350,0x00000000cb780000)
 Metaspace       used 91609K, committed 93568K, reserved 1179648K
  class space    used 11260K, committed 12160K, reserved 1048576K
}
Event: 325.199 GC heap after
{Heap after GC invocations=3196 (full 4):
 PSYoungGen      total 5632K, used 2552K [0x00000000d5580000, 0x00000000d6180000, 0x0000000100000000)
  eden space 3072K, 0% used [0x00000000d5580000,0x00000000d5580000,0x00000000d5880000)
  from space 2560K, 99% used [0x00000000d5900000,0x00000000d5b7e000,0x00000000d5b80000)
  to   space 4608K, 0% used [0x00000000d5d00000,0x00000000d5d00000,0x00000000d6180000)
 ParOldGen       total 1238016K, used 1237628K [0x0000000080000000, 0x00000000cb900000, 0x00000000d5580000)
  object space 1238016K, 99% used [0x0000000080000000,0x00000000cb89f350,0x00000000cb900000)
 Metaspace       used 91609K, committed 93568K, reserved 1179648K
  class space    used 11260K, committed 12160K, reserved 1048576K
}
Event: 325.446 GC heap before
{Heap before GC invocations=3197 (full 4):
 PSYoungGen      total 5632K, used 5624K [0x00000000d5580000, 0x00000000d6180000, 0x0000000100000000)
  eden space 3072K, 100% used [0x00000000d5580000,0x00000000d5880000,0x00000000d5880000)
  from space 2560K, 99% used [0x00000000d5900000,0x00000000d5b7e000,0x00000000d5b80000)
  to   space 4608K, 0% used [0x00000000d5d00000,0x00000000d5d00000,0x00000000d6180000)
 ParOldGen       total 1238016K, used 1237628K [0x0000000080000000, 0x00000000cb900000, 0x00000000d5580000)
  object space 1238016K, 99% used [0x0000000080000000,0x00000000cb89f350,0x00000000cb900000)
 Metaspace       used 91610K, committed 93568K, reserved 1179648K
  class space    used 11260K, committed 12160K, reserved 1048576K
}
Event: 325.460 GC heap after
{Heap after GC invocations=3197 (full 4):
 PSYoungGen      total 7680K, used 2592K [0x00000000d5580000, 0x00000000d6080000, 0x0000000100000000)
  eden space 4096K, 0% used [0x00000000d5580000,0x00000000d5580000,0x00000000d5980000)
  from space 3584K, 72% used [0x00000000d5d00000,0x00000000d5f88000,0x00000000d6080000)
  to   space 3584K, 0% used [0x00000000d5980000,0x00000000d5980000,0x00000000d5d00000)
 ParOldGen       total 1242112K, used 1241668K [0x0000000080000000, 0x00000000cbd00000, 0x00000000d5580000)
  object space 1242112K, 99% used [0x0000000080000000,0x00000000cbc91350,0x00000000cbd00000)
 Metaspace       used 91610K, committed 93568K, reserved 1179648K
  class space    used 11260K, committed 12160K, reserved 1048576K
}
Event: 325.696 GC heap before
{Heap before GC invocations=3198 (full 4):
 PSYoungGen      total 7680K, used 6688K [0x00000000d5580000, 0x00000000d6080000, 0x0000000100000000)
  eden space 4096K, 100% used [0x00000000d5580000,0x00000000d5980000,0x00000000d5980000)
  from space 3584K, 72% used [0x00000000d5d00000,0x00000000d5f88000,0x00000000d6080000)
  to   space 3584K, 0% used [0x00000000d5980000,0x00000000d5980000,0x00000000d5d00000)
 ParOldGen       total 1242112K, used 1241668K [0x0000000080000000, 0x00000000cbd00000, 0x00000000d5580000)
  object space 1242112K, 99% used [0x0000000080000000,0x00000000cbc91350,0x00000000cbd00000)
 Metaspace       used 91610K, committed 93568K, reserved 1179648K
  class space    used 11260K, committed 12160K, reserved 1048576K
}
Event: 325.710 GC heap after
{Heap after GC invocations=3198 (full 4):
 PSYoungGen      total 7680K, used 2456K [0x00000000d5580000, 0x00000000d6080000, 0x0000000100000000)
  eden space 4096K, 0% used [0x00000000d5580000,0x00000000d5580000,0x00000000d5980000)
  from space 3584K, 68% used [0x00000000d5980000,0x00000000d5be6000,0x00000000d5d00000)
  to   space 3072K, 0% used [0x00000000d5d80000,0x00000000d5d80000,0x00000000d6080000)
 ParOldGen       total 1246208K, used 1245740K [0x0000000080000000, 0x00000000cc100000, 0x00000000d5580000)
  object space 1246208K, 99% used [0x0000000080000000,0x00000000cc08b350,0x00000000cc100000)
 Metaspace       used 91610K, committed 93568K, reserved 1179648K
  class space    used 11260K, committed 12160K, reserved 1048576K
}
Event: 326.536 GC heap before
{Heap before GC invocations=3199 (full 4):
 PSYoungGen      total 7680K, used 6552K [0x00000000d5580000, 0x00000000d6080000, 0x0000000100000000)
  eden space 4096K, 100% used [0x00000000d5580000,0x00000000d5980000,0x00000000d5980000)
  from space 3584K, 68% used [0x00000000d5980000,0x00000000d5be6000,0x00000000d5d00000)
  to   space 3072K, 0% used [0x00000000d5d80000,0x00000000d5d80000,0x00000000d6080000)
 ParOldGen       total 1246208K, used 1245740K [0x0000000080000000, 0x00000000cc100000, 0x00000000d5580000)
  object space 1246208K, 99% used [0x0000000080000000,0x00000000cc08b350,0x00000000cc100000)
 Metaspace       used 91636K, committed 93568K, reserved 1179648K
  class space    used 11264K, committed 12160K, reserved 1048576K
}
Event: 326.553 GC heap after
{Heap after GC invocations=3199 (full 4):
 PSYoungGen      total 6656K, used 2272K [0x00000000d5580000, 0x00000000d6000000, 0x0000000100000000)
  eden space 4096K, 0% used [0x00000000d5580000,0x00000000d5580000,0x00000000d5980000)
  from space 2560K, 88% used [0x00000000d5d80000,0x00000000d5fb8000,0x00000000d6000000)
  to   space 2560K, 0% used [0x00000000d5b00000,0x00000000d5b00000,0x00000000d5d80000)
 ParOldGen       total 1248256K, used 1247988K [0x0000000080000000, 0x00000000cc300000, 0x00000000d5580000)
  object space 1248256K, 99% used [0x0000000080000000,0x00000000cc2bd350,0x00000000cc300000)
 Metaspace       used 91636K, committed 93568K, reserved 1179648K
  class space    used 11264K, committed 12160K, reserved 1048576K
}
Event: 327.043 GC heap before
{Heap before GC invocations=3200 (full 4):
 PSYoungGen      total 6656K, used 6367K [0x00000000d5580000, 0x00000000d6000000, 0x0000000100000000)
  eden space 4096K, 99% used [0x00000000d5580000,0x00000000d597fff8,0x00000000d5980000)
  from space 2560K, 88% used [0x00000000d5d80000,0x00000000d5fb8000,0x00000000d6000000)
  to   space 2560K, 0% used [0x00000000d5b00000,0x00000000d5b00000,0x00000000d5d80000)
 ParOldGen       total 1248256K, used 1247988K [0x0000000080000000, 0x00000000cc300000, 0x00000000d5580000)
  object space 1248256K, 99% used [0x0000000080000000,0x00000000cc2bd350,0x00000000cc300000)
 Metaspace       used 91655K, committed 93568K, reserved 1179648K
  class space    used 11264K, committed 12160K, reserved 1048576K
}
Event: 327.058 GC heap after
{Heap after GC invocations=3200 (full 4):
 PSYoungGen      total 6144K, used 1586K [0x00000000d5580000, 0x00000000d5e00000, 0x0000000100000000)
  eden space 4096K, 0% used [0x00000000d5580000,0x00000000d5580000,0x00000000d5980000)
  from space 2048K, 77% used [0x00000000d5b00000,0x00000000d5c8c960,0x00000000d5d00000)
  to   space 1024K, 0% used [0x00000000d5d00000,0x00000000d5d00000,0x00000000d5e00000)
 ParOldGen       total 1250304K, used 1250052K [0x0000000080000000, 0x00000000cc500000, 0x00000000d5580000)
  object space 1250304K, 99% used [0x0000000080000000,0x00000000cc4c1048,0x00000000cc500000)
 Metaspace       used 91655K, committed 93568K, reserved 1179648K
  class space    used 11264K, committed 12160K, reserved 1048576K
}
Event: 327.356 GC heap before
{Heap before GC invocations=3201 (full 4):
 PSYoungGen      total 6144K, used 5682K [0x00000000d5580000, 0x00000000d5e00000, 0x0000000100000000)
  eden space 4096K, 100% used [0x00000000d5580000,0x00000000d5980000,0x00000000d5980000)
  from space 2048K, 77% used [0x00000000d5b00000,0x00000000d5c8c960,0x00000000d5d00000)
  to   space 1024K, 0% used [0x00000000d5d00000,0x00000000d5d00000,0x00000000d5e00000)
 ParOldGen       total 1250304K, used 1250052K [0x0000000080000000, 0x00000000cc500000, 0x00000000d5580000)
  object space 1250304K, 99% used [0x0000000080000000,0x00000000cc4c1048,0x00000000cc500000)
 Metaspace       used 91679K, committed 93632K, reserved 1179648K
  class space    used 11265K, committed 12160K, reserved 1048576K
}
Event: 327.408 GC heap after
{Heap after GC invocations=3201 (full 4):
 PSYoungGen      total 5120K, used 993K [0x00000000d5580000, 0x00000000d6080000, 0x0000000100000000)
  eden space 4096K, 0% used [0x00000000d5580000,0x00000000d5580000,0x00000000d5980000)
  from space 1024K, 96% used [0x00000000d5d00000,0x00000000d5df8510,0x00000000d5e00000)
  to   space 3584K, 0% used [0x00000000d5980000,0x00000000d5980000,0x00000000d5d00000)
 ParOldGen       total 1252352K, used 1252110K [0x0000000080000000, 0x00000000cc700000, 0x00000000d5580000)
  object space 1252352K, 99% used [0x0000000080000000,0x00000000cc6c39a0,0x00000000cc700000)
 Metaspace       used 91679K, committed 93632K, reserved 1179648K
  class space    used 11265K, committed 12160K, reserved 1048576K
}
Event: 328.151 GC heap before
{Heap before GC invocations=3202 (full 4):
 PSYoungGen      total 5120K, used 5089K [0x00000000d5580000, 0x00000000d6080000, 0x0000000100000000)
  eden space 4096K, 100% used [0x00000000d5580000,0x00000000d5980000,0x00000000d5980000)
  from space 1024K, 96% used [0x00000000d5d00000,0x00000000d5df8510,0x00000000d5e00000)
  to   space 3584K, 0% used [0x00000000d5980000,0x00000000d5980000,0x00000000d5d00000)
 ParOldGen       total 1252352K, used 1252110K [0x0000000080000000, 0x00000000cc700000, 0x00000000d5580000)
  object space 1252352K, 99% used [0x0000000080000000,0x00000000cc6c39a0,0x00000000cc700000)
 Metaspace       used 91722K, committed 93632K, reserved 1179648K
  class space    used 11265K, committed 12160K, reserved 1048576K
}
Event: 328.165 GC heap after
{Heap after GC invocations=3202 (full 4):
 PSYoungGen      total 6144K, used 1554K [0x00000000d5580000, 0x00000000d5e80000, 0x0000000100000000)
  eden space 4096K, 0% used [0x00000000d5580000,0x00000000d5580000,0x00000000d5980000)
  from space 2048K, 75% used [0x00000000d5980000,0x00000000d5b04bb8,0x00000000d5b80000)
  to   space 2560K, 0% used [0x00000000d5c00000,0x00000000d5c00000,0x00000000d5e80000)
 ParOldGen       total 1253376K, used 1253256K [0x0000000080000000, 0x00000000cc800000, 0x00000000d5580000)
  object space 1253376K, 99% used [0x0000000080000000,0x00000000cc7e2108,0x00000000cc800000)
 Metaspace       used 91722K, committed 93632K, reserved 1179648K
  class space    used 11265K, committed 12160K, reserved 1048576K
}
Event: 328.703 GC heap before
{Heap before GC invocations=3203 (full 4):
 PSYoungGen      total 6144K, used 5650K [0x00000000d5580000, 0x00000000d5e80000, 0x0000000100000000)
  eden space 4096K, 100% used [0x00000000d5580000,0x00000000d5980000,0x00000000d5980000)
  from space 2048K, 75% used [0x00000000d5980000,0x00000000d5b04bb8,0x00000000d5b80000)
  to   space 2560K, 0% used [0x00000000d5c00000,0x00000000d5c00000,0x00000000d5e80000)
 ParOldGen       total 1253376K, used 1253256K [0x0000000080000000, 0x00000000cc800000, 0x00000000d5580000)
  object space 1253376K, 99% used [0x0000000080000000,0x00000000cc7e2108,0x00000000cc800000)
 Metaspace       used 91757K, committed 93696K, reserved 1179648K
  class space    used 11266K, committed 12160K, reserved 1048576K
}
Event: 328.712 GC heap after
{Heap after GC invocations=3203 (full 4):
 PSYoungGen      total 6144K, used 1643K [0x00000000d5580000, 0x00000000d5e00000, 0x0000000100000000)
  eden space 4096K, 0% used [0x00000000d5580000,0x00000000d5580000,0x00000000d5980000)
  from space 2048K, 80% used [0x00000000d5c00000,0x00000000d5d9ac18,0x00000000d5e00000)
  to   space 2048K, 0% used [0x00000000d5980000,0x00000000d5980000,0x00000000d5b80000)
 ParOldGen       total 1254912K, used 1254555K [0x0000000080000000, 0x00000000cc980000, 0x00000000d5580000)
  object space 1254912K, 99% used [0x0000000080000000,0x00000000cc926e38,0x00000000cc980000)
 Metaspace       used 91757K, committed 93696K, reserved 1179648K
  class space    used 11266K, committed 12160K, reserved 1048576K
}

Dll operation events (16 events):
Event: 0.057 Loaded shared library c:\Users\Rach Kolly\.vscode\extensions\redhat.java-1.46.0-win32-x64\jre\21.0.8-win32-x86_64\bin\java.dll
Event: 0.217 Loaded shared library c:\Users\Rach Kolly\.vscode\extensions\redhat.java-1.46.0-win32-x64\jre\21.0.8-win32-x86_64\bin\zip.dll
Event: 0.259 Loaded shared library C:\Users\Rach Kolly\.vscode\extensions\redhat.java-1.46.0-win32-x64\jre\21.0.8-win32-x86_64\bin\instrument.dll
Event: 0.273 Loaded shared library C:\Users\Rach Kolly\.vscode\extensions\redhat.java-1.46.0-win32-x64\jre\21.0.8-win32-x86_64\bin\net.dll
Event: 0.279 Loaded shared library C:\Users\Rach Kolly\.vscode\extensions\redhat.java-1.46.0-win32-x64\jre\21.0.8-win32-x86_64\bin\nio.dll
Event: 0.287 Loaded shared library C:\Users\Rach Kolly\.vscode\extensions\redhat.java-1.46.0-win32-x64\jre\21.0.8-win32-x86_64\bin\zip.dll
Event: 0.326 Loaded shared library C:\Users\Rach Kolly\.vscode\extensions\redhat.java-1.46.0-win32-x64\jre\21.0.8-win32-x86_64\bin\jimage.dll
Event: 0.477 Loaded shared library c:\Users\Rach Kolly\.vscode\extensions\redhat.java-1.46.0-win32-x64\jre\21.0.8-win32-x86_64\bin\verify.dll
Event: 2.306 Loaded shared library C:\Users\Rach Kolly\AppData\Roaming\Code\User\globalStorage\redhat.java\1.46.0\config_win\org.eclipse.equinox.launcher\org.eclipse.equinox.launcher.win32.win32.x86_64_1.2.1400.v20250801-0854\eclipse_11916.dll
Event: 5.426 Loaded shared library C:\Users\Rach Kolly\AppData\Local\Temp\jna-1375782601\jna2102664004964970435.dll
Event: 15.988 Loaded shared library C:\Users\Rach Kolly\.gradle\native\c067742578af261105cb4f569cf0c3c89f3d7b1fecec35dd04571415982c5e48\windows-amd64\native-platform.dll
Event: 23.362 Loaded shared library C:\Users\Rach Kolly\.vscode\extensions\redhat.java-1.46.0-win32-x64\jre\21.0.8-win32-x86_64\bin\management.dll
Event: 23.404 Loaded shared library C:\Users\Rach Kolly\.vscode\extensions\redhat.java-1.46.0-win32-x64\jre\21.0.8-win32-x86_64\bin\management_ext.dll
Event: 27.492 Loaded shared library C:\Users\Rach Kolly\.gradle\native\1def1411415f61bf3af743bc5b6707747c0891f09f0c88961ee8f79bc544acac\windows-amd64\native-platform.dll
Event: 53.922 Loaded shared library C:\Users\Rach Kolly\.vscode\extensions\redhat.java-1.46.0-win32-x64\jre\21.0.8-win32-x86_64\bin\extnet.dll
Event: 54.798 Loaded shared library C:\Users\Rach Kolly\.vscode\extensions\redhat.java-1.46.0-win32-x64\jre\21.0.8-win32-x86_64\bin\sunmscapi.dll

Deoptimization events (20 events):
Event: 328.069 Thread 0x000001724707b400 DEOPT PACKING pc=0x0000017272523df4 sp=0x0000003c0f0fe1d0
Event: 328.069 Thread 0x000001724707b400 DEOPT UNPACKING pc=0x0000017271173aa2 sp=0x0000003c0f0fe178 mode 2
Event: 328.223 Thread 0x000001724707b400 DEOPT PACKING pc=0x000001726b871fe5 sp=0x0000003c0f0fd680
Event: 328.223 Thread 0x000001724707b400 DEOPT UNPACKING pc=0x0000017271174242 sp=0x0000003c0f0fcb38 mode 0
Event: 328.495 Thread 0x000001724707b400 Uncommon trap: trap_request=0xffffff6e fr.pc=0x00000172724eee7c relative=0x000000000000015c
Event: 328.495 Thread 0x000001724707b400 Uncommon trap: reason=loop_limit_check action=maybe_recompile pc=0x00000172724eee7c method=org.eclipse.jdt.internal.compiler.lookup.ReferenceBinding.compare([C[CII)I @ 46 c2
Event: 328.495 Thread 0x000001724707b400 DEOPT PACKING pc=0x00000172724eee7c sp=0x0000003c0f0fe720
Event: 328.495 Thread 0x000001724707b400 DEOPT UNPACKING pc=0x0000017271173aa2 sp=0x0000003c0f0fe690 mode 2
Event: 328.788 Thread 0x000001724707b400 Uncommon trap: trap_request=0xffffff45 fr.pc=0x000001727267a130 relative=0x00000000000023b0
Event: 328.788 Thread 0x000001724707b400 Uncommon trap: reason=unstable_if action=reinterpret pc=0x000001727267a130 method=java.util.IdentityHashMap.closeDeletion(I)V @ 61 c2
Event: 328.789 Thread 0x000001724707b400 DEOPT PACKING pc=0x000001727267a130 sp=0x0000003c0f0fe2a0
Event: 328.789 Thread 0x000001724707b400 DEOPT UNPACKING pc=0x0000017271173aa2 sp=0x0000003c0f0fe170 mode 2
Event: 328.789 Thread 0x000001724707b400 Uncommon trap: trap_request=0xffffff45 fr.pc=0x00000172724fb0d0 relative=0x0000000000000550
Event: 328.789 Thread 0x000001724707b400 Uncommon trap: reason=unstable_if action=reinterpret pc=0x00000172724fb0d0 method=java.util.IdentityHashMap.closeDeletion(I)V @ 61 c2
Event: 328.789 Thread 0x000001724707b400 DEOPT PACKING pc=0x00000172724fb0d0 sp=0x0000003c0f0fe270
Event: 328.789 Thread 0x000001724707b400 DEOPT UNPACKING pc=0x0000017271173aa2 sp=0x0000003c0f0fe168 mode 2
Event: 329.310 Thread 0x000001724707b400 Uncommon trap: trap_request=0xffffff6e fr.pc=0x0000017272684338 relative=0x00000000000023b8
Event: 329.310 Thread 0x000001724707b400 Uncommon trap: reason=loop_limit_check action=maybe_recompile pc=0x0000017272684338 method=org.eclipse.jdt.internal.compiler.SourceElementParser.constructTypeReference(I)Lorg/eclipse/jdt/internal/compiler/ast/TypeReference; @ 760 c2
Event: 329.310 Thread 0x000001724707b400 DEOPT PACKING pc=0x0000017272684338 sp=0x0000003c0f0fed20
Event: 329.310 Thread 0x000001724707b400 DEOPT UNPACKING pc=0x0000017271173aa2 sp=0x0000003c0f0fecf0 mode 2

Classes loaded (20 events):
Event: 233.563 Loading class java/util/Scanner
Event: 233.566 Loading class java/util/Scanner done
Event: 233.576 Loading class java/util/Scanner$PatternLRUCache
Event: 233.577 Loading class java/util/Scanner$PatternLRUCache done
Event: 241.292 Loading class java/util/regex/Matcher$ImmutableMatchResult
Event: 241.294 Loading class java/util/regex/Matcher$ImmutableMatchResult done
Event: 322.700 Loading class java/util/stream/Nodes$CollectorTask$OfRef
Event: 322.716 Loading class java/util/stream/Nodes$CollectorTask
Event: 322.737 Loading class java/util/stream/Nodes$CollectorTask done
Event: 322.737 Loading class java/util/stream/Nodes$CollectorTask$OfRef done
Event: 322.741 Loading class java/util/function/LongFunction
Event: 322.745 Loading class java/util/function/LongFunction done
Event: 322.753 Loading class java/util/stream/Nodes$ConcNode
Event: 322.757 Loading class java/util/stream/Nodes$AbstractConcNode
Event: 322.763 Loading class java/util/stream/Nodes$AbstractConcNode done
Event: 322.763 Loading class java/util/stream/Nodes$ConcNode done
Event: 322.996 Loading class java/util/stream/Nodes$ToArrayTask$OfRef
Event: 322.999 Loading class java/util/stream/Nodes$ToArrayTask
Event: 323.002 Loading class java/util/stream/Nodes$ToArrayTask done
Event: 323.002 Loading class java/util/stream/Nodes$ToArrayTask$OfRef done

Classes unloaded (13 events):
Event: 6.420 Thread 0x0000017266a74df0 Unloading class 0x00000172011aac00 'java/lang/invoke/LambdaForm$MH+0x00000172011aac00'
Event: 6.420 Thread 0x0000017266a74df0 Unloading class 0x00000172011aa800 'java/lang/invoke/LambdaForm$MH+0x00000172011aa800'
Event: 6.420 Thread 0x0000017266a74df0 Unloading class 0x00000172011aa400 'java/lang/invoke/LambdaForm$MH+0x00000172011aa400'
Event: 6.420 Thread 0x0000017266a74df0 Unloading class 0x00000172011aa000 'java/lang/invoke/LambdaForm$MH+0x00000172011aa000'
Event: 6.420 Thread 0x0000017266a74df0 Unloading class 0x00000172011a9c00 'java/lang/invoke/LambdaForm$BMH+0x00000172011a9c00'
Event: 6.420 Thread 0x0000017266a74df0 Unloading class 0x00000172011a9800 'java/lang/invoke/LambdaForm$DMH+0x00000172011a9800'
Event: 6.420 Thread 0x0000017266a74df0 Unloading class 0x00000172011a8400 'java/lang/invoke/LambdaForm$DMH+0x00000172011a8400'
Event: 8.324 Thread 0x0000017266a74df0 Unloading class 0x000001720132c800 'java/lang/invoke/LambdaForm$MH+0x000001720132c800'
Event: 8.324 Thread 0x0000017266a74df0 Unloading class 0x000001720132c000 'java/lang/invoke/LambdaForm$MH+0x000001720132c000'
Event: 8.324 Thread 0x0000017266a74df0 Unloading class 0x000001720132bc00 'java/lang/invoke/LambdaForm$MH+0x000001720132bc00'
Event: 8.324 Thread 0x0000017266a74df0 Unloading class 0x000001720132b400 'java/lang/invoke/LambdaForm$MH+0x000001720132b400'
Event: 8.324 Thread 0x0000017266a74df0 Unloading class 0x000001720132a800 'java/lang/invoke/LambdaForm$DMH+0x000001720132a800'
Event: 8.324 Thread 0x0000017266a74df0 Unloading class 0x000001720132a000 'java/lang/invoke/LambdaForm$MH+0x000001720132a000'

Classes redefined (0 events):
No events

Internal exceptions (20 events):
Event: 322.924 Thread 0x000001724707a050 Exception <a 'sun/nio/fs/WindowsException'{0x00000000d55de490}> (0x00000000d55de490) 
thrown [s\src\hotspot\share\prims\jni.cpp, line 520]
Event: 322.927 Thread 0x000001724707a050 Exception <a 'sun/nio/fs/WindowsException'{0x00000000d55e3530}> (0x00000000d55e3530) 
thrown [s\src\hotspot\share\prims\jni.cpp, line 520]
Event: 322.927 Thread 0x000001724707a050 Exception <a 'sun/nio/fs/WindowsException'{0x00000000d55e4050}> (0x00000000d55e4050) 
thrown [s\src\hotspot\share\prims\jni.cpp, line 520]
Event: 322.931 Thread 0x000001724707a050 Exception <a 'sun/nio/fs/WindowsException'{0x00000000d55ebc10}> (0x00000000d55ebc10) 
thrown [s\src\hotspot\share\prims\jni.cpp, line 520]
Event: 322.931 Thread 0x000001724707a050 Exception <a 'sun/nio/fs/WindowsException'{0x00000000d55ec730}> (0x00000000d55ec730) 
thrown [s\src\hotspot\share\prims\jni.cpp, line 520]
Event: 322.932 Thread 0x000001724707a050 Exception <a 'sun/nio/fs/WindowsException'{0x00000000d55ee020}> (0x00000000d55ee020) 
thrown [s\src\hotspot\share\prims\jni.cpp, line 520]
Event: 322.932 Thread 0x000001724707a050 Exception <a 'sun/nio/fs/WindowsException'{0x00000000d55eeb48}> (0x00000000d55eeb48) 
thrown [s\src\hotspot\share\prims\jni.cpp, line 520]
Event: 322.955 Thread 0x000001724707a050 Exception <a 'sun/nio/fs/WindowsException'{0x00000000d561cda0}> (0x00000000d561cda0) 
thrown [s\src\hotspot\share\prims\jni.cpp, line 520]
Event: 322.955 Thread 0x000001724707a050 Exception <a 'sun/nio/fs/WindowsException'{0x00000000d561d8b8}> (0x00000000d561d8b8) 
thrown [s\src\hotspot\share\prims\jni.cpp, line 520]
Event: 322.959 Thread 0x000001724707a050 Exception <a 'sun/nio/fs/WindowsException'{0x00000000d56231f0}> (0x00000000d56231f0) 
thrown [s\src\hotspot\share\prims\jni.cpp, line 520]
Event: 322.959 Thread 0x000001724707a050 Exception <a 'sun/nio/fs/WindowsException'{0x00000000d5623d28}> (0x00000000d5623d28) 
thrown [s\src\hotspot\share\prims\jni.cpp, line 520]
Event: 322.960 Thread 0x000001724707a050 Exception <a 'sun/nio/fs/WindowsException'{0x00000000d5626f00}> (0x00000000d5626f00) 
thrown [s\src\hotspot\share\prims\jni.cpp, line 520]
Event: 322.960 Thread 0x000001724707a050 Exception <a 'sun/nio/fs/WindowsException'{0x00000000d5627a08}> (0x00000000d5627a08) 
thrown [s\src\hotspot\share\prims\jni.cpp, line 520]
Event: 322.962 Thread 0x000001724707a050 Exception <a 'sun/nio/fs/WindowsException'{0x00000000d56293c0}> (0x00000000d56293c0) 
thrown [s\src\hotspot\share\prims\jni.cpp, line 520]
Event: 322.962 Thread 0x000001724707a050 Exception <a 'sun/nio/fs/WindowsException'{0x00000000d5629f08}> (0x00000000d5629f08) 
thrown [s\src\hotspot\share\prims\jni.cpp, line 520]
Event: 322.969 Thread 0x000001724707a050 Implicit null exception at 0x0000017271b8a486 to 0x0000017271b8a720
Event: 323.131 Thread 0x000001724707a050 Exception <a 'java/lang/NoSuchMethodError'{0x00000000d55a3ae8}: 'java.lang.Object java.lang.invoke.DirectMethodHandle$Holder.newInvokeSpecial(java.lang.Object, java.lang.Object, java.lang.Object, java.lang.Object, java.lang.Object, java.lang.Object, java.lang.Object, java.lang.Object)'> (0x00000000d55a3ae8) 
thrown [s\src\hotspot\share\interpreter\linkResolver.cpp, line 773]
Event: 323.462 Thread 0x0000017248f0e8b0 Exception <a 'sun/nio/fs/WindowsException'{0x00000000d5650558}> (0x00000000d5650558) 
thrown [s\src\hotspot\share\prims\jni.cpp, line 520]
Event: 324.048 Thread 0x000001724955f1a0 Implicit null exception at 0x000001727250e2a1 to 0x000001727250e3f0
Event: 326.038 Thread 0x000001724707b400 Exception <a 'sun/nio/fs/WindowsException'{0x00000000d571d008}> (0x00000000d571d008) 
thrown [s\src\hotspot\share\prims\jni.cpp, line 520]

ZGC Phase Switch (0 events):
No events

VM Operations (20 events):
Event: 325.133 Executing VM operation: ParallelGCFailedAllocation (Allocation Failure) done
Event: 325.190 Executing VM operation: ParallelGCFailedAllocation (Allocation Failure)
Event: 325.199 Executing VM operation: ParallelGCFailedAllocation (Allocation Failure) done
Event: 325.446 Executing VM operation: ParallelGCFailedAllocation (Allocation Failure)
Event: 325.460 Executing VM operation: ParallelGCFailedAllocation (Allocation Failure) done
Event: 325.696 Executing VM operation: ParallelGCFailedAllocation (Allocation Failure)
Event: 325.710 Executing VM operation: ParallelGCFailedAllocation (Allocation Failure) done
Event: 326.536 Executing VM operation: ParallelGCFailedAllocation (Allocation Failure)
Event: 326.553 Executing VM operation: ParallelGCFailedAllocation (Allocation Failure) done
Event: 327.043 Executing VM operation: ParallelGCFailedAllocation (Allocation Failure)
Event: 327.058 Executing VM operation: ParallelGCFailedAllocation (Allocation Failure) done
Event: 327.349 Executing VM operation: ParallelGCFailedAllocation (Allocation Failure)
Event: 327.408 Executing VM operation: ParallelGCFailedAllocation (Allocation Failure) done
Event: 328.151 Executing VM operation: ParallelGCFailedAllocation (Allocation Failure)
Event: 328.165 Executing VM operation: ParallelGCFailedAllocation (Allocation Failure) done
Event: 328.703 Executing VM operation: ParallelGCFailedAllocation (Allocation Failure)
Event: 328.712 Executing VM operation: ParallelGCFailedAllocation (Allocation Failure) done
Event: 329.712 Executing VM operation: Cleanup
Event: 329.713 Executing VM operation: Cleanup done
Event: 330.702 Executing VM operation: ParallelGCFailedAllocation (Allocation Failure)

Memory protections (0 events):
No events

Nmethod flushes (20 events):
Event: 197.935 Thread 0x0000017266a74df0 flushing  nmethod 0x000001726ae93710
Event: 197.935 Thread 0x0000017266a74df0 flushing  nmethod 0x000001726ae93a90
Event: 197.935 Thread 0x0000017266a74df0 flushing  nmethod 0x000001726ae9a890
Event: 197.935 Thread 0x0000017266a74df0 flushing  nmethod 0x000001726ae9c290
Event: 197.935 Thread 0x0000017266a74df0 flushing  nmethod 0x000001726ae9c790
Event: 197.935 Thread 0x0000017266a74df0 flushing  nmethod 0x000001726ae9f190
Event: 197.935 Thread 0x0000017266a74df0 flushing  nmethod 0x000001726aea1590
Event: 197.935 Thread 0x0000017266a74df0 flushing  nmethod 0x000001726aea2390
Event: 197.935 Thread 0x0000017266a74df0 flushing  nmethod 0x000001726aeaa590
Event: 197.935 Thread 0x0000017266a74df0 flushing  nmethod 0x000001726aeade90
Event: 197.935 Thread 0x0000017266a74df0 flushing  nmethod 0x000001726aeb9190
Event: 197.935 Thread 0x0000017266a74df0 flushing  nmethod 0x000001726aeba310
Event: 197.935 Thread 0x0000017266a74df0 flushing  nmethod 0x000001726aeda790
Event: 197.935 Thread 0x0000017266a74df0 flushing  nmethod 0x000001726aee3310
Event: 197.935 Thread 0x0000017266a74df0 flushing  nmethod 0x000001726aef8f90
Event: 197.935 Thread 0x0000017266a74df0 flushing  nmethod 0x000001726af12990
Event: 197.935 Thread 0x0000017266a74df0 flushing  nmethod 0x000001726af25490
Event: 197.935 Thread 0x0000017266a74df0 flushing  nmethod 0x000001726af34290
Event: 197.935 Thread 0x0000017266a74df0 flushing  nmethod 0x000001726af3a690
Event: 197.935 Thread 0x0000017266a74df0 flushing  nmethod 0x000001726af3b610

Events (20 events):
Event: 323.414 Thread 0x000001724707ad70 Thread exited: 0x000001724707ad70
Event: 323.506 Thread 0x0000017248f0e8b0 Thread added: 0x0000017248f13770
Event: 323.526 Thread 0x0000017248f0e8b0 Thread added: 0x000001724707ad70
Event: 323.688 Thread 0x0000017266b9a640 Thread added: 0x000001724637cfc0
Event: 323.691 Thread 0x000001724707ad70 Thread exited: 0x000001724707ad70
Event: 323.789 Thread 0x00000172470799c0 Thread added: 0x000001724707ad70
Event: 323.808 Thread 0x00000172470799c0 Thread added: 0x0000017247078ca0
Event: 323.810 Thread 0x0000017248f0e8b0 Thread added: 0x0000017247c15560
Event: 323.815 Thread 0x00000172470799c0 Thread added: 0x000001724955d0d0
Event: 323.872 Thread 0x0000017248f0e8b0 Thread added: 0x000001724955d760
Event: 323.873 Thread 0x0000017248f0e8b0 Thread added: 0x000001724955fec0
Event: 323.918 Thread 0x000001724955d0d0 Thread exited: 0x000001724955d0d0
Event: 323.918 Thread 0x000001724955fec0 Thread exited: 0x000001724955fec0
Event: 323.919 Thread 0x0000017248f0e8b0 Thread added: 0x000001724955e480
Event: 323.920 Thread 0x00000172470799c0 Thread added: 0x000001724955eb10
Event: 323.920 Thread 0x0000017248f0e8b0 Thread added: 0x000001724955f1a0
Event: 324.182 Thread 0x000001724955f1a0 Thread added: 0x000001724955ddf0
Event: 324.782 Thread 0x000001724637cfc0 Thread exited: 0x000001724637cfc0
Event: 325.367 Thread 0x000001724637c8f0 Thread exited: 0x000001724637c8f0
Event: 326.316 Thread 0x0000017266b9a640 Thread added: 0x000001724637c8f0


Dynamic libraries:
0x00007ff7545b0000 - 0x00007ff7545be000 	c:\Users\Rach Kolly\.vscode\extensions\redhat.java-1.46.0-win32-x64\jre\21.0.8-win32-x86_64\bin\java.exe
0x00007ffb4cae0000 - 0x00007ffb4cd48000 	C:\WINDOWS\SYSTEM32\ntdll.dll
0x00007ffb4bc60000 - 0x00007ffb4bd29000 	C:\WINDOWS\System32\KERNEL32.DLL
0x00007ffb4a370000 - 0x00007ffb4a762000 	C:\WINDOWS\System32\KERNELBASE.dll
0x00007ffb49d10000 - 0x00007ffb49e5b000 	C:\WINDOWS\System32\ucrtbase.dll
0x00007ffb17380000 - 0x00007ffb17398000 	c:\Users\Rach Kolly\.vscode\extensions\redhat.java-1.46.0-win32-x64\jre\21.0.8-win32-x86_64\bin\jli.dll
0x00007ffb14f40000 - 0x00007ffb14f5e000 	c:\Users\Rach Kolly\.vscode\extensions\redhat.java-1.46.0-win32-x64\jre\21.0.8-win32-x86_64\bin\VCRUNTIME140.dll
0x00007ffb4b480000 - 0x00007ffb4b645000 	C:\WINDOWS\System32\USER32.dll
0x00007ffb4a280000 - 0x00007ffb4a2a7000 	C:\WINDOWS\System32\win32u.dll
0x00007ffb48ef0000 - 0x00007ffb49183000 	C:\WINDOWS\WinSxS\amd64_microsoft.windows.common-controls_6595b64144ccf1df_6.0.26100.6899_none_3e0efeeae32e88c1\COMCTL32.dll
0x00007ffb4bd30000 - 0x00007ffb4bd5b000 	C:\WINDOWS\System32\GDI32.dll
0x00007ffb4abc0000 - 0x00007ffb4ac69000 	C:\WINDOWS\System32\msvcrt.dll
0x00007ffb49fd0000 - 0x00007ffb4a0fd000 	C:\WINDOWS\System32\gdi32full.dll
0x00007ffb4a800000 - 0x00007ffb4a8a3000 	C:\WINDOWS\System32\msvcp_win.dll
0x00007ffb4c5d0000 - 0x00007ffb4c5ff000 	C:\WINDOWS\System32\IMM32.DLL
0x00007ffb34c10000 - 0x00007ffb34c1c000 	c:\Users\Rach Kolly\.vscode\extensions\redhat.java-1.46.0-win32-x64\jre\21.0.8-win32-x86_64\bin\vcruntime140_1.dll
0x00007ffaff320000 - 0x00007ffaff3ad000 	c:\Users\Rach Kolly\.vscode\extensions\redhat.java-1.46.0-win32-x64\jre\21.0.8-win32-x86_64\bin\msvcp140.dll
0x00007ffa63010000 - 0x00007ffa63da7000 	c:\Users\Rach Kolly\.vscode\extensions\redhat.java-1.46.0-win32-x64\jre\21.0.8-win32-x86_64\bin\server\jvm.dll
0x00007ffb4c510000 - 0x00007ffb4c5c4000 	C:\WINDOWS\System32\ADVAPI32.dll
0x00007ffb4ab10000 - 0x00007ffb4abb6000 	C:\WINDOWS\System32\sechost.dll
0x00007ffb4a9f0000 - 0x00007ffb4ab08000 	C:\WINDOWS\System32\RPCRT4.dll
0x00007ffb4c010000 - 0x00007ffb4c084000 	C:\WINDOWS\System32\WS2_32.dll
0x00007ffb3ea90000 - 0x00007ffb3eac5000 	C:\WINDOWS\SYSTEM32\WINMM.dll
0x00007ffb49ad0000 - 0x00007ffb49b2e000 	C:\WINDOWS\SYSTEM32\POWRPROF.dll
0x00007ffb3ead0000 - 0x00007ffb3eadb000 	C:\WINDOWS\SYSTEM32\VERSION.dll
0x00007ffb49ab0000 - 0x00007ffb49ac4000 	C:\WINDOWS\SYSTEM32\UMPDC.dll
0x00007ffb480f0000 - 0x00007ffb4810b000 	C:\WINDOWS\SYSTEM32\kernel.appcore.dll
0x00007ffb34150000 - 0x00007ffb3415a000 	c:\Users\Rach Kolly\.vscode\extensions\redhat.java-1.46.0-win32-x64\jre\21.0.8-win32-x86_64\bin\jimage.dll
0x00007ffb494c0000 - 0x00007ffb49702000 	C:\WINDOWS\SYSTEM32\DBGHELP.DLL
0x00007ffb4c190000 - 0x00007ffb4c50b000 	C:\WINDOWS\System32\combase.dll
0x00007ffb4b6f0000 - 0x00007ffb4b7c7000 	C:\WINDOWS\System32\OLEAUT32.dll
0x00007ffb49390000 - 0x00007ffb493cc000 	C:\WINDOWS\SYSTEM32\dbgcore.DLL
0x00007ffb49c70000 - 0x00007ffb49d08000 	C:\WINDOWS\System32\bcryptPrimitives.dll
0x00007ffb43d50000 - 0x00007ffb43d5f000 	c:\Users\Rach Kolly\.vscode\extensions\redhat.java-1.46.0-win32-x64\jre\21.0.8-win32-x86_64\bin\instrument.dll
0x00007ffb07b40000 - 0x00007ffb07b5f000 	c:\Users\Rach Kolly\.vscode\extensions\redhat.java-1.46.0-win32-x64\jre\21.0.8-win32-x86_64\bin\java.dll
0x00007ffb4ac70000 - 0x00007ffb4b3bd000 	C:\WINDOWS\System32\SHELL32.dll
0x00007ffb49e60000 - 0x00007ffb49fcb000 	C:\WINDOWS\System32\wintypes.dll
0x00007ffb46e20000 - 0x00007ffb4767d000 	C:\WINDOWS\SYSTEM32\windows.storage.dll
0x00007ffb4b990000 - 0x00007ffb4ba82000 	C:\WINDOWS\System32\SHCORE.dll
0x00007ffb4bfa0000 - 0x00007ffb4c002000 	C:\WINDOWS\System32\shlwapi.dll
0x00007ffb49b90000 - 0x00007ffb49bb9000 	C:\WINDOWS\SYSTEM32\profapi.dll
0x00007ffb07b20000 - 0x00007ffb07b38000 	c:\Users\Rach Kolly\.vscode\extensions\redhat.java-1.46.0-win32-x64\jre\21.0.8-win32-x86_64\bin\zip.dll
0x00007ffb2e220000 - 0x00007ffb2e230000 	C:\Users\Rach Kolly\.vscode\extensions\redhat.java-1.46.0-win32-x64\jre\21.0.8-win32-x86_64\bin\net.dll
0x00007ffb41780000 - 0x00007ffb4189f000 	C:\WINDOWS\SYSTEM32\WINHTTP.dll
0x00007ffb486f0000 - 0x00007ffb4875b000 	C:\WINDOWS\system32\mswsock.dll
0x00007ffb07a90000 - 0x00007ffb07aa6000 	C:\Users\Rach Kolly\.vscode\extensions\redhat.java-1.46.0-win32-x64\jre\21.0.8-win32-x86_64\bin\nio.dll
0x00007ffb390d0000 - 0x00007ffb390e0000 	c:\Users\Rach Kolly\.vscode\extensions\redhat.java-1.46.0-win32-x64\jre\21.0.8-win32-x86_64\bin\verify.dll
0x00007ffb32640000 - 0x00007ffb32684000 	C:\Users\Rach Kolly\AppData\Roaming\Code\User\globalStorage\redhat.java\1.46.0\config_win\org.eclipse.equinox.launcher\org.eclipse.equinox.launcher.win32.win32.x86_64_1.2.1400.v20250801-0854\eclipse_11916.dll
0x00007ffb4bac0000 - 0x00007ffb4bc58000 	C:\WINDOWS\System32\ole32.dll
0x00007ffb49810000 - 0x00007ffb4982b000 	C:\WINDOWS\SYSTEM32\CRYPTSP.dll
0x00007ffb485f0000 - 0x00007ffb4862b000 	C:\WINDOWS\system32\rsaenh.dll
0x00007ffb48790000 - 0x00007ffb487bb000 	C:\WINDOWS\SYSTEM32\USERENV.dll
0x00007ffb49b60000 - 0x00007ffb49b86000 	C:\WINDOWS\SYSTEM32\bcrypt.dll
0x00007ffb48cf0000 - 0x00007ffb48cfc000 	C:\WINDOWS\SYSTEM32\CRYPTBASE.dll
0x00007ffb47b70000 - 0x00007ffb47ba4000 	C:\WINDOWS\SYSTEM32\IPHLPAPI.DLL
0x00007ffb4b650000 - 0x00007ffb4b65a000 	C:\WINDOWS\System32\NSI.dll
0x00007ffb325f0000 - 0x00007ffb32639000 	C:\Users\Rach Kolly\AppData\Local\Temp\jna-1375782601\jna2102664004964970435.dll
0x00007ffb4b6e0000 - 0x00007ffb4b6e8000 	C:\WINDOWS\System32\PSAPI.DLL
0x00007ffb41ac0000 - 0x00007ffb41ade000 	C:\WINDOWS\SYSTEM32\dhcpcsvc6.DLL
0x00007ffb419d0000 - 0x00007ffb419f3000 	C:\WINDOWS\SYSTEM32\dhcpcsvc.DLL
0x00007ffb38490000 - 0x00007ffb384b7000 	C:\Users\Rach Kolly\.gradle\native\c067742578af261105cb4f569cf0c3c89f3d7b1fecec35dd04571415982c5e48\windows-amd64\native-platform.dll
0x00007ffb35c70000 - 0x00007ffb35c7a000 	C:\Users\Rach Kolly\.vscode\extensions\redhat.java-1.46.0-win32-x64\jre\21.0.8-win32-x86_64\bin\management.dll
0x00007ffb35c60000 - 0x00007ffb35c6b000 	C:\Users\Rach Kolly\.vscode\extensions\redhat.java-1.46.0-win32-x64\jre\21.0.8-win32-x86_64\bin\management_ext.dll
0x00007ffb20da0000 - 0x00007ffb20dc7000 	C:\Users\Rach Kolly\.gradle\native\1def1411415f61bf3af743bc5b6707747c0891f09f0c88961ee8f79bc544acac\windows-amd64\native-platform.dll
0x00007ffb35c40000 - 0x00007ffb35c49000 	C:\Users\Rach Kolly\.vscode\extensions\redhat.java-1.46.0-win32-x64\jre\21.0.8-win32-x86_64\bin\extnet.dll
0x00007ffb35c50000 - 0x00007ffb35c5e000 	C:\Users\Rach Kolly\.vscode\extensions\redhat.java-1.46.0-win32-x64\jre\21.0.8-win32-x86_64\bin\sunmscapi.dll
0x00007ffb4a100000 - 0x00007ffb4a277000 	C:\WINDOWS\System32\CRYPT32.dll
0x00007ffb48db0000 - 0x00007ffb48de0000 	C:\WINDOWS\SYSTEM32\ncrypt.dll
0x00007ffb48ca0000 - 0x00007ffb48cdf000 	C:\WINDOWS\SYSTEM32\NTASN1.dll
0x00007ffb0fef0000 - 0x00007ffb0fef8000 	C:\WINDOWS\system32\wshunix.dll
0x00007ffb47c10000 - 0x00007ffb47d36000 	C:\WINDOWS\SYSTEM32\DNSAPI.dll
0x00007ffb40990000 - 0x00007ffb4099b000 	C:\Windows\System32\rasadhlp.dll
0x00007ffb42390000 - 0x00007ffb42416000 	C:\WINDOWS\System32\fwpuclnt.dll

JVMTI agents:
c:\Users\Rach Kolly\.vscode\extensions\redhat.java-1.46.0-win32-x64\lombok\lombok-1.18.39-4050.jar path:c:\Users\Rach Kolly\.vscode\extensions\redhat.java-1.46.0-win32-x64\jre\21.0.8-win32-x86_64\bin\instrument.dll, loaded, initialized, instrumentlib options:none

dbghelp: loaded successfully - version: 4.0.5 - missing functions: none
symbol engine: initialized successfully - sym options: 0x614 - pdb path: .;c:\Users\Rach Kolly\.vscode\extensions\redhat.java-1.46.0-win32-x64\jre\21.0.8-win32-x86_64\bin;C:\WINDOWS\SYSTEM32;C:\WINDOWS\WinSxS\amd64_microsoft.windows.common-controls_6595b64144ccf1df_6.0.26100.6899_none_3e0efeeae32e88c1;c:\Users\Rach Kolly\.vscode\extensions\redhat.java-1.46.0-win32-x64\jre\21.0.8-win32-x86_64\bin\server;C:\Users\Rach Kolly\AppData\Roaming\Code\User\globalStorage\redhat.java\1.46.0\config_win\org.eclipse.equinox.launcher\org.eclipse.equinox.launcher.win32.win32.x86_64_1.2.1400.v20250801-0854;C:\Users\Rach Kolly\AppData\Local\Temp\jna-1375782601;C:\Users\Rach Kolly\.gradle\native\c067742578af261105cb4f569cf0c3c89f3d7b1fecec35dd04571415982c5e48\windows-amd64;C:\Users\Rach Kolly\.gradle\native\1def1411415f61bf3af743bc5b6707747c0891f09f0c88961ee8f79bc544acac\windows-amd64

VM Arguments:
jvm_args: --add-modules=ALL-SYSTEM --add-opens=java.base/java.util=ALL-UNNAMED --add-opens=java.base/java.lang=ALL-UNNAMED --add-opens=java.base/sun.nio.fs=ALL-UNNAMED -Declipse.application=org.eclipse.jdt.ls.core.id1 -Dosgi.bundles.defaultStartLevel=4 -Declipse.product=org.eclipse.jdt.ls.core.product -Djava.import.generatesMetadataFilesAtProjectRoot=false -DDetectVMInstallationsJob.disabled=true -Dfile.encoding=utf8 -XX:+UseParallelGC -XX:GCTimeRatio=4 -XX:AdaptiveSizePolicyWeight=90 -Dsun.zip.disableMemoryMapping=true -Xmx2G -Xms100m -Xlog:disable -javaagent:c:\Users\Rach Kolly\.vscode\extensions\redhat.java-1.46.0-win32-x64\lombok\lombok-1.18.39-4050.jar -XX:+HeapDumpOnOutOfMemoryError -XX:HeapDumpPath=c:\Users\Rach Kolly\AppData\Roaming\Code\User\workspaceStorage\0cbd0e41e0e1a9b1775bc30de082a4ce\redhat.java -Daether.dependencyCollector.impl=bf 
java_command: c:\Users\Rach Kolly\.vscode\extensions\redhat.java-1.46.0-win32-x64\server\plugins\org.eclipse.equinox.launcher_1.7.0.v20250519-0528.jar -configuration c:\Users\Rach Kolly\AppData\Roaming\Code\User\globalStorage\redhat.java\1.46.0\config_win -data c:\Users\Rach Kolly\AppData\Roaming\Code\User\workspaceStorage\0cbd0e41e0e1a9b1775bc30de082a4ce\redhat.java\jdt_ws --pipe=\\.\pipe\lsp-4ec77287186e269db48675b4f4f8c6d4-sock
java_class_path (initial): c:\Users\Rach Kolly\.vscode\extensions\redhat.java-1.46.0-win32-x64\server\plugins\org.eclipse.equinox.launcher_1.7.0.v20250519-0528.jar
Launcher Type: SUN_STANDARD

[Global flags]
    uintx AdaptiveSizePolicyWeight                 = 90                                        {product} {command line}
     intx CICompilerCount                          = 12                                        {product} {ergonomic}
    uintx GCTimeRatio                              = 4                                         {product} {command line}
     bool HeapDumpOnOutOfMemoryError               = true                                   {manageable} {command line}
    ccstr HeapDumpPath                             = c:\Users\Rach Kolly\AppData\Roaming\Code\User\workspaceStorage\0cbd0e41e0e1a9b1775bc30de082a4ce\redhat.java         {manageable} {command line}
   size_t InitialHeapSize                          = 104857600                                 {product} {command line}
   size_t MaxHeapSize                              = 2147483648                                {product} {command line}
   size_t MaxNewSize                               = 715653120                                 {product} {ergonomic}
   size_t MinHeapDeltaBytes                        = 524288                                    {product} {ergonomic}
   size_t MinHeapSize                              = 104857600                                 {product} {command line}
   size_t NewSize                                  = 34603008                                  {product} {ergonomic}
    uintx NonNMethodCodeHeapSize                   = 7602480                                {pd product} {ergonomic}
    uintx NonProfiledCodeHeapSize                  = 122027880                              {pd product} {ergonomic}
   size_t OldSize                                  = 70254592                                  {product} {ergonomic}
    uintx ProfiledCodeHeapSize                     = 122027880                              {pd product} {ergonomic}
    uintx ReservedCodeCacheSize                    = 251658240                              {pd product} {ergonomic}
     bool SegmentedCodeCache                       = true                                      {product} {ergonomic}
   size_t SoftMaxHeapSize                          = 2147483648                             {manageable} {ergonomic}
     bool UseCompressedOops                        = true                           {product lp64_product} {ergonomic}
     bool UseLargePagesIndividualAllocation        = false                                  {pd product} {ergonomic}
     bool UseParallelGC                            = true                                      {product} {command line}

Logging:
Log output configuration:
 #0: stdout all=off uptime,level,tags foldmultilines=false
 #1: stderr all=off uptime,level,tags foldmultilines=false

Environment Variables:
CLASSPATH=.;C:\PROGRA~1\IBM\SQLLIB\java\DB2JCC~1.JAR
PATH=C:\Program Files\Common Files\Oracle\Java\javapath;C:\Program Files\Microsoft MPI\Bin\;C:\Program Files (x86)\Common Files\Oracle\Java\javapath;C:\Windows\system32;C:\Windows;C:\Windows\System32\Wbem;C:\Windows\System32\WindowsPowerShell\v1.0\;C:\Windows\System32\OpenSSH\;C:\Program Files (x86)\NVIDIA Corporation\PhysX\Common;C:\Program Files\NVIDIA Corporation\NVIDIA NvDLISR;C:\php-8.1.12;C:\WINDOWS\system32;C:\WINDOWS;C:\WINDOWS\System32\Wbem;C:\WINDOWS\System32\WindowsPowerShell\v1.0\;C:\WINDOWS\System32\OpenSSH\;C:\Program Files\Java\jdk1.8.0_281\bin;C:\Program Files\ibm\gsk8\lib64;C:\Program Files (x86)\ibm\gsk8\lib;C:\Program Files\Microsoft\Web Platform Installer\;C:\Program Files (x86)\Microsoft ASP.NET\ASP.NET Web Pages\v1.0\;C:\Program Files (x86)\Windows Kits\8.0\Windows Performance Toolkit\;C:\Program Files (x86)\Microsoft SQL Server\160\Tools\Binn\;C:\Program Files\Microsoft SQL Server\160\Tools\Binn\;C:\Program Files\Microsoft SQL Server\Client SDK\ODBC\170\Tools\Binn\;C:\Program Files\Microsoft SQL Server\160\DTS\Binn\;C:\Program Files\nodejs\;C:\Program Files\Git\cmd;C:\Program Files\Java\jdk-17\bin;C:\Users\Rach Kolly\AppData\Local\Microsoft\WindowsApps;C:\Users\Rach Kolly\AppData\Local\GitHubDesktop\bin;C:\MinGW\bin;C:\Users\Rach Kolly\AppData\Roaming\npm;C:\Program Files\Java\jdk-17\bin;
USERNAME=Rach Kolly
OS=Windows_NT
PROCESSOR_IDENTIFIER=AMD64 Family 23 Model 96 Stepping 1, AuthenticAMD
TMP=C:\Users\RACHKO~1\AppData\Local\Temp
TEMP=C:\Users\RACHKO~1\AppData\Local\Temp




Periodic native trim disabled

---------------  S Y S T E M  ---------------

OS:
 Windows 11 , 64 bit Build 26100 (10.0.26100.6725)
OS uptime: 1 days 14:00 hours
Hyper-V role detected

CPU: total 16 (initial active 16) (16 cores per cpu, 2 threads per core) family 23 model 96 stepping 1 microcode 0x8600106, cx8, cmov, fxsr, ht, mmx, 3dnowpref, sse, sse2, sse3, ssse3, sse4a, sse4.1, sse4.2, popcnt, lzcnt, tsc, tscinvbit, avx, avx2, aes, clmul, bmi1, bmi2, adx, sha, fma, vzeroupper, clflush, clflushopt, hv, rdtscp, rdpid, f16c
Processor Information for the first 16 processors :
  Max Mhz: 2901, Current Mhz: 2901, Mhz Limit: 2901

Memory: 4k page, system-wide physical 7597M (294M free)
TotalPageFile size 31149M (AvailPageFile size 0M)
current process WorkingSet (physical memory assigned to process): 395M, peak: 819M
current process commit charge ("private bytes"): 1654M, peak: 1755M

vm_info: OpenJDK 64-Bit Server VM (21.0.8+9-LTS) for windows-amd64 JRE (21.0.8+9-LTS), built on 2025-07-15T00:00:00Z by "admin" with MS VC++ 17.7 (VS2022)

END.
