#
# There is insufficient memory for the Java Runtime Environment to continue.
# Native memory allocation (malloc) failed to allocate 1162736 bytes for Chunk::new
# Possible reasons:
#   The system is out of physical RAM or swap space
#   The process is running with CompressedOops enabled, and the Java Heap may be blocking the growth of the native heap
# Possible solutions:
#   Reduce memory load on the system
#   Increase physical memory or swap space
#   Check if swap backing store is full
#   Decrease Java heap size (-Xmx/-Xms)
#   Decrease number of Java threads
#   Decrease Java thread stack sizes (-Xss)
#   Set larger code cache with -XX:ReservedCodeCacheSize=
#   JVM is running with Unscaled Compressed Oops mode in which the Java heap is
#     placed in the first 4GB address space. The Java Heap base address is the
#     maximum limit for the native heap growth. Please use -XX:HeapBaseMinAddress
#     to set the Java Heap base and to place the Java Heap above 4GB virtual address.
# This output file may be truncated or incomplete.
#
#  Out of Memory Error (arena.cpp:189), pid=50068, tid=16008
#
# JRE version: Java(TM) SE Runtime Environment (17.0.12+8) (build 17.0.12+8-LTS-286)
# Java VM: Java HotSpot(TM) 64-Bit Server VM (17.0.12+8-LTS-286, mixed mode, sharing, tiered, compressed oops, compressed class ptrs, g1 gc, windows-amd64)
# No core dump will be written. Minidumps are not enabled by default on client versions of Windows
#

---------------  S U M M A R Y ------------

Command Line: --add-opens=java.base/java.lang=ALL-UNNAMED --add-opens=java.base/java.lang.invoke=ALL-UNNAMED --add-opens=java.base/java.util=ALL-UNNAMED --add-opens=java.prefs/java.util.prefs=ALL-UNNAMED --add-exports=jdk.compiler/com.sun.tools.javac.api=ALL-UNNAMED --add-exports=jdk.compiler/com.sun.tools.javac.util=ALL-UNNAMED --add-opens=java.base/java.util=ALL-UNNAMED --add-opens=java.prefs/java.util.prefs=ALL-UNNAMED --add-opens=java.base/java.nio.charset=ALL-UNNAMED --add-opens=java.base/java.net=ALL-UNNAMED --add-opens=java.base/java.util.concurrent.atomic=ALL-UNNAMED --add-opens=java.xml/javax.xml.namespace=ALL-UNNAMED -XX:MaxMetaspaceSize=384m -XX:+HeapDumpOnOutOfMemoryError -Xms256m -Xmx512m -Dfile.encoding=UTF-8 -Duser.country=PH -Duser.language=en -Duser.variant -javaagent:C:\Users\Rach Kolly\.gradle\wrapper\dists\gradle-8.13-bin\5xuhj0ry160q40clulazy9h7d\gradle-8.13\lib\agents\gradle-instrumentation-agent-8.13.jar org.gradle.launcher.daemon.bootstrap.GradleDaemon 8.13

Host: AMD Ryzen 7 4800H with Radeon Graphics         , 16 cores, 7G,  Windows 11 , 64 bit Build 26100 (10.0.26100.6725)
Time: Sat Oct 25 11:51:11 2025 Malay Peninsula Standard Time elapsed time: 241.379842 seconds (0d 0h 4m 1s)

---------------  T H R E A D  ---------------

Current thread (0x00000292a9c04880):  JavaThread "C2 CompilerThread0" daemon [_thread_in_native, id=16008, stack(0x000000b54c600000,0x000000b54c700000)]


Current CompileTask:
C2: 241388 17023       4       org.gradle.api.internal.project.DefaultProject::getExtensions (5 bytes)

Stack: [0x000000b54c600000,0x000000b54c700000]
Native frames: (J=compiled Java code, j=interpreted, Vv=VM code, C=native code)
V  [jvm.dll+0x67a04a]
V  [jvm.dll+0x7da4ed]
V  [jvm.dll+0x7dbe33]
V  [jvm.dll+0x7dc4a3]
V  [jvm.dll+0x24508f]
V  [jvm.dll+0xab773]
V  [jvm.dll+0xabd3c]
V  [jvm.dll+0x361b9f]
V  [jvm.dll+0x32c431]
V  [jvm.dll+0x32b8ca]
V  [jvm.dll+0x21683f]
V  [jvm.dll+0x215c6f]
V  [jvm.dll+0x1a2960]
V  [jvm.dll+0x22610b]
V  [jvm.dll+0x2242ab]
V  [jvm.dll+0x79075c]
V  [jvm.dll+0x78abea]
V  [jvm.dll+0x678f35]
C  [ucrtbase.dll+0x37b0]
C  [KERNEL32.DLL+0x2e8d7]
C  [ntdll.dll+0x8c53c]


---------------  P R O C E S S  ---------------

Threads class SMR info:
_java_thread_list=0x00000292cebf4b90, length=125, elements={
0x000002928e6b96a0, 0x00000292a9ad2170, 0x00000292a9ad5000, 0x00000292a9bf5330,
0x00000292a9bf5810, 0x00000292a9bf6490, 0x00000292a9c00140, 0x00000292a9c04880,
0x00000292a9c05540, 0x00000292a9c06200, 0x00000292a9d10a80, 0x00000292a9e6b800,
0x00000292c4343f20, 0x00000292c31dee50, 0x00000292c3f3c340, 0x00000292a9d0be50,
0x00000292c320a6a0, 0x00000292c320bff0, 0x00000292c320b5d0, 0x00000292c320bae0,
0x00000292c320d430, 0x00000292c443a960, 0x00000292c44385f0, 0x00000292c443a450,
0x00000292c4438b00, 0x00000292c4439520, 0x00000292c443ae70, 0x00000292c443b890,
0x00000292c443ccd0, 0x00000292c443d1e0, 0x00000292c4439a30, 0x00000292c443d6f0,
0x00000292c4439f40, 0x00000292c443e620, 0x00000292c443ff70, 0x00000292c443dc00,
0x00000292c3209c80, 0x00000292c320a190, 0x00000292c320b0c0, 0x00000292c7c61060,
0x00000292c67d0a00, 0x00000292c67cf0b0, 0x00000292c67d4bd0, 0x00000292c67d2d70,
0x00000292c67d3ca0, 0x00000292c67d2350, 0x00000292c67d46c0, 0x00000292c67d1420,
0x00000292c67d41b0, 0x00000292c67d55f0, 0x00000292c67d6010, 0x00000292c67d6520,
0x00000292c67d3280, 0x00000292c67d3790, 0x00000292c443b380, 0x00000292c5deb5d0,
0x00000292c5deed80, 0x00000292c9d7ddc0, 0x00000292c9d7d3a0, 0x00000292cec8d410,
0x00000292c720de60, 0x00000292c720d950, 0x00000292c720e370, 0x00000292c9d7e2d0,
0x00000292c9d7d8b0, 0x00000292c9d7f200, 0x00000292c9d81570, 0x00000292c7585620,
0x00000292c9d7fc20, 0x00000292c9d81f90, 0x00000292c9d81a80, 0x00000292c9d7f710,
0x00000292c8b31ae0, 0x00000292c7ff2e40, 0x00000292c7ff1a00, 0x00000292c7ff2420,
0x00000292c7ff2930, 0x00000292c625f1e0, 0x00000292c625fc00, 0x00000292c625e7c0,
0x00000292c625e2b0, 0x00000292c625ecd0, 0x00000292c625f6f0, 0x00000292c5a009e0,
0x00000292c5a01910, 0x00000292c5a01e20, 0x00000292c5a01400, 0x00000292c5a02330,
0x00000292c5a00ef0, 0x00000292c72f8160, 0x00000292c72f58e0, 0x00000292c72f53d0,
0x00000292c72f5df0, 0x00000292c72f6d20, 0x00000292c72f6810, 0x00000292c72f6300,
0x00000292c72f7c50, 0x00000292c9827da0, 0x00000292c98287c0, 0x00000292c98282b0,
0x00000292c9828cd0, 0x00000292c98291e0, 0x00000292c71db100, 0x00000292c71da1d0,
0x00000292c71d7e60, 0x00000292c71d97b0, 0x00000292c71d8370, 0x00000292c71d9cc0,
0x00000292c71d8d90, 0x00000292cec8de30, 0x00000292cec8e850, 0x00000292cec8ed60,
0x00000292c59e52f0, 0x00000292c8b310c0, 0x00000292c7589a40, 0x00000292c72f7230,
0x00000292c72f8670, 0x00000292c72f7740, 0x00000292c72f4ec0, 0x00000292c79b2ca0,
0x00000292c79b3bd0, 0x00000292c79b4b00, 0x00000292c79b1d70, 0x00000292c79b1860,
0x00000292c79b2280
}

Java Threads: ( => current thread )
  0x000002928e6b96a0 JavaThread "main" [_thread_blocked, id=4040, stack(0x000000b54b900000,0x000000b54ba00000)]
  0x00000292a9ad2170 JavaThread "Reference Handler" daemon [_thread_blocked, id=50320, stack(0x000000b54c000000,0x000000b54c100000)]
  0x00000292a9ad5000 JavaThread "Finalizer" daemon [_thread_blocked, id=49200, stack(0x000000b54c100000,0x000000b54c200000)]
  0x00000292a9bf5330 JavaThread "Signal Dispatcher" daemon [_thread_blocked, id=47404, stack(0x000000b54c200000,0x000000b54c300000)]
  0x00000292a9bf5810 JavaThread "Attach Listener" daemon [_thread_blocked, id=45260, stack(0x000000b54c300000,0x000000b54c400000)]
  0x00000292a9bf6490 JavaThread "Service Thread" daemon [_thread_blocked, id=10716, stack(0x000000b54c400000,0x000000b54c500000)]
  0x00000292a9c00140 JavaThread "Monitor Deflation Thread" daemon [_thread_blocked, id=49420, stack(0x000000b54c500000,0x000000b54c600000)]
=>0x00000292a9c04880 JavaThread "C2 CompilerThread0" daemon [_thread_in_native, id=16008, stack(0x000000b54c600000,0x000000b54c700000)]
  0x00000292a9c05540 JavaThread "C1 CompilerThread0" daemon [_thread_blocked, id=48860, stack(0x000000b54c700000,0x000000b54c800000)]
  0x00000292a9c06200 JavaThread "Sweeper thread" daemon [_thread_blocked, id=47996, stack(0x000000b54c800000,0x000000b54c900000)]
  0x00000292a9d10a80 JavaThread "Common-Cleaner" daemon [_thread_blocked, id=30704, stack(0x000000b54c900000,0x000000b54ca00000)]
  0x00000292a9e6b800 JavaThread "Notification Thread" daemon [_thread_blocked, id=20096, stack(0x000000b54cb00000,0x000000b54cc00000)]
  0x00000292c4343f20 JavaThread "Daemon health stats" [_thread_blocked, id=31564, stack(0x000000b54d200000,0x000000b54d300000)]
  0x00000292c31dee50 JavaThread "Incoming local TCP Connector on port 63351" [_thread_in_native, id=34548, stack(0x000000b54d300000,0x000000b54d400000)]
  0x00000292c3f3c340 JavaThread "Daemon periodic checks" [_thread_in_native, id=52080, stack(0x000000b54d400000,0x000000b54d500000)]
  0x00000292a9d0be50 JavaThread "Daemon" [_thread_blocked, id=49316, stack(0x000000b54d500000,0x000000b54d600000)]
  0x00000292c320a6a0 JavaThread "Daemon worker" [_thread_in_native, id=46508, stack(0x000000b54d800000,0x000000b54d900000)]
  0x00000292c320bff0 JavaThread "Cache worker for journal cache (C:\Users\Rach Kolly\.gradle\caches\journal-1)" [_thread_blocked, id=42544, stack(0x000000b54ca00000,0x000000b54cb00000)]
  0x00000292c320b5d0 JavaThread "File lock request listener" [_thread_in_native, id=50256, stack(0x000000b54dc00000,0x000000b54dd00000)]
  0x00000292c320bae0 JavaThread "Cache worker for file hash cache (C:\Users\Rach Kolly\.gradle\caches\8.13\fileHashes)" [_thread_blocked, id=47952, stack(0x000000b54dd00000,0x000000b54de00000)]
  0x00000292c320d430 JavaThread "File watcher server" daemon [_thread_in_native, id=53104, stack(0x000000b54ed00000,0x000000b54ee00000)]
  0x00000292c443a960 JavaThread "File watcher consumer" daemon [_thread_blocked, id=48676, stack(0x000000b54ef00000,0x000000b54f000000)]
  0x00000292c44385f0 JavaThread "jar transforms" [_thread_blocked, id=51740, stack(0x000000b54ee00000,0x000000b54ef00000)]
  0x00000292c443a450 JavaThread "jar transforms Thread 2" [_thread_blocked, id=14344, stack(0x000000b54f000000,0x000000b54f100000)]
  0x00000292c4438b00 JavaThread "jar transforms Thread 3" [_thread_blocked, id=52160, stack(0x000000b54f100000,0x000000b54f200000)]
  0x00000292c4439520 JavaThread "jar transforms Thread 4" [_thread_blocked, id=48800, stack(0x000000b54df00000,0x000000b54e000000)]
  0x00000292c443ae70 JavaThread "jar transforms Thread 5" [_thread_blocked, id=17520, stack(0x000000b54e000000,0x000000b54e100000)]
  0x00000292c443b890 JavaThread "Cache worker for file content cache (C:\Users\Rach Kolly\.gradle\caches\8.13\fileContent)" [_thread_blocked, id=35764, stack(0x000000b54f200000,0x000000b54f300000)]
  0x00000292c443ccd0 JavaThread "jar transforms Thread 6" [_thread_blocked, id=54000, stack(0x000000b54f500000,0x000000b54f600000)]
  0x00000292c443d1e0 JavaThread "jar transforms Thread 7" [_thread_blocked, id=54880, stack(0x000000b54f600000,0x000000b54f700000)]
  0x00000292c4439a30 JavaThread "jar transforms Thread 8" [_thread_blocked, id=55112, stack(0x000000b54f800000,0x000000b54f900000)]
  0x00000292c443d6f0 JavaThread "jar transforms Thread 9" [_thread_blocked, id=53960, stack(0x000000b54f700000,0x000000b54f800000)]
  0x00000292c4439f40 JavaThread "jar transforms Thread 10" [_thread_blocked, id=52688, stack(0x000000b54f400000,0x000000b54f500000)]
  0x00000292c443e620 JavaThread "Exec process" [_thread_blocked, id=43456, stack(0x000000b54fc00000,0x000000b54fd00000)]
  0x00000292c443ff70 JavaThread "Exec process Thread 2" [_thread_blocked, id=46244, stack(0x000000b54fd00000,0x000000b54fe00000)]
  0x00000292c443dc00 JavaThread "Exec process Thread 3" [_thread_blocked, id=17128, stack(0x000000b54fe00000,0x000000b54ff00000)]
  0x00000292c3209c80 JavaThread "jar transforms Thread 11" [_thread_blocked, id=51696, stack(0x000000b54de00000,0x000000b54df00000)]
  0x00000292c320a190 JavaThread "jar transforms Thread 12" [_thread_blocked, id=12636, stack(0x000000b54e200000,0x000000b54e300000)]
  0x00000292c320b0c0 JavaThread "jar transforms Thread 13" [_thread_blocked, id=57812, stack(0x000000b54e300000,0x000000b54e400000)]
  0x00000292c7c61060 JavaThread "Memory manager" [_thread_blocked, id=58904, stack(0x000000b550700000,0x000000b550800000)]
  0x00000292c67d0a00 JavaThread "ForkJoinPool.commonPool-worker-1" daemon [_thread_blocked, id=61436, stack(0x000000b555d00000,0x000000b555e00000)]
  0x00000292c67cf0b0 JavaThread "ForkJoinPool.commonPool-worker-3" daemon [_thread_blocked, id=56744, stack(0x000000b555f00000,0x000000b556000000)]
  0x00000292c67d4bd0 JavaThread "ForkJoinPool.commonPool-worker-4" daemon [_thread_blocked, id=61292, stack(0x000000b556000000,0x000000b556100000)]
  0x00000292c67d2d70 JavaThread "ForkJoinPool.commonPool-worker-5" daemon [_thread_blocked, id=61712, stack(0x000000b556100000,0x000000b556200000)]
  0x00000292c67d3ca0 JavaThread "ForkJoinPool.commonPool-worker-7" daemon [_thread_blocked, id=57652, stack(0x000000b556200000,0x000000b556300000)]
  0x00000292c67d2350 JavaThread "ForkJoinPool.commonPool-worker-6" daemon [_thread_blocked, id=60548, stack(0x000000b556300000,0x000000b556400000)]
  0x00000292c67d46c0 JavaThread "ForkJoinPool.commonPool-worker-8" daemon [_thread_blocked, id=20692, stack(0x000000b556400000,0x000000b556500000)]
  0x00000292c67d1420 JavaThread "ForkJoinPool.commonPool-worker-9" daemon [_thread_blocked, id=60648, stack(0x000000b556500000,0x000000b556600000)]
  0x00000292c67d41b0 JavaThread "ForkJoinPool.commonPool-worker-10" daemon [_thread_blocked, id=62048, stack(0x000000b556600000,0x000000b556700000)]
  0x00000292c67d55f0 JavaThread "ForkJoinPool.commonPool-worker-11" daemon [_thread_blocked, id=55568, stack(0x000000b556800000,0x000000b556900000)]
  0x00000292c67d6010 JavaThread "ForkJoinPool.commonPool-worker-12" daemon [_thread_blocked, id=58432, stack(0x000000b556b00000,0x000000b556c00000)]
  0x00000292c67d6520 JavaThread "ForkJoinPool.commonPool-worker-13" daemon [_thread_blocked, id=59848, stack(0x000000b556c00000,0x000000b556d00000)]
  0x00000292c67d3280 JavaThread "ForkJoinPool.commonPool-worker-14" daemon [_thread_blocked, id=61016, stack(0x000000b556d00000,0x000000b556e00000)]
  0x00000292c67d3790 JavaThread "included builds" [_thread_blocked, id=58948, stack(0x000000b556e00000,0x000000b556f00000)]
  0x00000292c443b380 JavaThread "included builds Thread 2" [_thread_blocked, id=61072, stack(0x000000b556f00000,0x000000b557000000)]
  0x00000292c5deb5d0 JavaThread "jar transforms Thread 14" [_thread_blocked, id=47548, stack(0x000000b54f900000,0x000000b54fa00000)]
  0x00000292c5deed80 JavaThread "jar transforms Thread 15" [_thread_blocked, id=61264, stack(0x000000b55c900000,0x000000b55ca00000)]
  0x00000292c9d7ddc0 JavaThread "included builds Thread 3" [_thread_blocked, id=51496, stack(0x000000b54fa00000,0x000000b54fb00000)]
  0x00000292c9d7d3a0 JavaThread "included builds Thread 4" [_thread_blocked, id=52904, stack(0x000000b55ca00000,0x000000b55cb00000)]
  0x00000292cec8d410 JavaThread "jar transforms Thread 16" [_thread_blocked, id=52396, stack(0x000000b55d000000,0x000000b55d100000)]
  0x00000292c720de60 JavaThread "VFS cleanup Thread 2" [_thread_blocked, id=54288, stack(0x000000b54b800000,0x000000b54b900000)]
  0x00000292c720d950 JavaThread "Handler for socket connection from /127.0.0.1:63351 to /127.0.0.1:64457" [_thread_in_native, id=54124, stack(0x000000b54b600000,0x000000b54b700000)]
  0x00000292c720e370 JavaThread "Cancel handler" [_thread_blocked, id=55212, stack(0x000000b54b700000,0x000000b54b800000)]
  0x00000292c9d7e2d0 JavaThread "Asynchronous log dispatcher for DefaultDaemonConnection: socket connection from /127.0.0.1:63351 to /127.0.0.1:64457" [_thread_blocked, id=4472, stack(0x000000b54d600000,0x000000b54d700000)]
  0x00000292c9d7d8b0 JavaThread "Stdin handler" [_thread_blocked, id=53032, stack(0x000000b54d700000,0x000000b54d800000)]
  0x00000292c9d7f200 JavaThread "Daemon client event forwarder" [_thread_blocked, id=55428, stack(0x000000b54d900000,0x000000b54da00000)]
  0x00000292c9d81570 JavaThread "Cache worker for file hash cache (C:\Users\Rach Kolly\Desktop\learn-local-native\android\.gradle\8.13\fileHashes)" [_thread_blocked, id=49040, stack(0x000000b54da00000,0x000000b54db00000)]
  0x00000292c7585620 JavaThread "C1 CompilerThread1" daemon [_thread_blocked, id=33132, stack(0x000000b54db00000,0x000000b54dc00000)]
  0x00000292c9d7fc20 JavaThread "Cache worker for Build Output Cleanup Cache (C:\Users\Rach Kolly\Desktop\learn-local-native\android\.gradle\buildOutputCleanup)" [_thread_blocked, id=55852, stack(0x000000b54ec00000,0x000000b54ed00000)]
  0x00000292c9d81f90 JavaThread "Cache worker for checksums cache (C:\Users\Rach Kolly\Desktop\learn-local-native\android\.gradle\8.13\checksums)" [_thread_blocked, id=49180, stack(0x000000b54f300000,0x000000b54f400000)]
  0x00000292c9d81a80 JavaThread "Cache worker for cache directory md-supplier (C:\Users\Rach Kolly\.gradle\caches\8.13\md-supplier)" [_thread_blocked, id=45396, stack(0x000000b54fb00000,0x000000b54fc00000)]
  0x00000292c9d7f710 JavaThread "Cache worker for cache directory md-rule (C:\Users\Rach Kolly\.gradle\caches\8.13\md-rule)" [_thread_blocked, id=54060, stack(0x000000b54ff00000,0x000000b550000000)]
  0x00000292c8b31ae0 JavaThread "Cache worker for Build Output Cleanup Cache (C:\Users\Rach Kolly\Desktop\learn-local-native\node_modules\@react-native\gradle-plugin\.gradle\buildOutputCleanup)" [_thread_blocked, id=20116, stack(0x000000b550000000,0x000000b550100000)]
  0x00000292c7ff2e40 JavaThread "Unconstrained build operations" [_thread_blocked, id=53396, stack(0x000000b550100000,0x000000b550200000)]
  0x00000292c7ff1a00 JavaThread "Unconstrained build operations Thread 2" [_thread_blocked, id=55644, stack(0x000000b550200000,0x000000b550300000)]
  0x00000292c7ff2420 JavaThread "Unconstrained build operations Thread 3" [_thread_blocked, id=54792, stack(0x000000b550300000,0x000000b550400000)]
  0x00000292c7ff2930 JavaThread "Unconstrained build operations Thread 4" [_thread_blocked, id=55280, stack(0x000000b550400000,0x000000b550500000)]
  0x00000292c625f1e0 JavaThread "Cache worker for Build Output Cleanup Cache (C:\Users\Rach Kolly\Desktop\learn-local-native\node_modules\expo-modules-autolinking\android\expo-gradle-plugin\.gradle\buildOutputCleanup)" [_thread_blocked, id=52640, stack(0x000000b550500000,0x000000b550600000)]
  0x00000292c625fc00 JavaThread "Unconstrained build operations Thread 5" [_thread_blocked, id=51488, stack(0x000000b550600000,0x000000b550700000)]
  0x00000292c625e7c0 JavaThread "Unconstrained build operations Thread 6" [_thread_blocked, id=49880, stack(0x000000b550800000,0x000000b550900000)]
  0x00000292c625e2b0 JavaThread "Unconstrained build operations Thread 7" [_thread_blocked, id=22176, stack(0x000000b550900000,0x000000b550a00000)]
  0x00000292c625ecd0 JavaThread "Unconstrained build operations Thread 8" [_thread_blocked, id=25624, stack(0x000000b550a00000,0x000000b550b00000)]
  0x00000292c625f6f0 JavaThread "Unconstrained build operations Thread 9" [_thread_blocked, id=55472, stack(0x000000b550b00000,0x000000b550c00000)]
  0x00000292c5a009e0 JavaThread "Unconstrained build operations Thread 10" [_thread_blocked, id=49052, stack(0x000000b550c00000,0x000000b550d00000)]
  0x00000292c5a01910 JavaThread "Unconstrained build operations Thread 11" [_thread_blocked, id=12988, stack(0x000000b550d00000,0x000000b550e00000)]
  0x00000292c5a01e20 JavaThread "Unconstrained build operations Thread 12" [_thread_blocked, id=26104, stack(0x000000b550e00000,0x000000b550f00000)]
  0x00000292c5a01400 JavaThread "Unconstrained build operations Thread 13" [_thread_blocked, id=52440, stack(0x000000b550f00000,0x000000b551000000)]
  0x00000292c5a02330 JavaThread "Unconstrained build operations Thread 14" [_thread_blocked, id=16964, stack(0x000000b551000000,0x000000b551100000)]
  0x00000292c5a00ef0 JavaThread "Unconstrained build operations Thread 15" [_thread_blocked, id=47884, stack(0x000000b551100000,0x000000b551200000)]
  0x00000292c72f8160 JavaThread "Unconstrained build operations Thread 16" [_thread_blocked, id=45752, stack(0x000000b551200000,0x000000b551300000)]
  0x00000292c72f58e0 JavaThread "Unconstrained build operations Thread 17" [_thread_blocked, id=47632, stack(0x000000b551300000,0x000000b551400000)]
  0x00000292c72f53d0 JavaThread "Unconstrained build operations Thread 18" [_thread_blocked, id=16592, stack(0x000000b551400000,0x000000b551500000)]
  0x00000292c72f5df0 JavaThread "Unconstrained build operations Thread 19" [_thread_blocked, id=41324, stack(0x000000b551500000,0x000000b551600000)]
  0x00000292c72f6d20 JavaThread "Unconstrained build operations Thread 20" [_thread_blocked, id=30896, stack(0x000000b551600000,0x000000b551700000)]
  0x00000292c72f6810 JavaThread "Unconstrained build operations Thread 21" [_thread_blocked, id=49792, stack(0x000000b551700000,0x000000b551800000)]
  0x00000292c72f6300 JavaThread "Unconstrained build operations Thread 22" [_thread_blocked, id=47932, stack(0x000000b551800000,0x000000b551900000)]
  0x00000292c72f7c50 JavaThread "Unconstrained build operations Thread 23" [_thread_blocked, id=52124, stack(0x000000b551900000,0x000000b551a00000)]
  0x00000292c9827da0 JavaThread "Unconstrained build operations Thread 24" [_thread_blocked, id=52608, stack(0x000000b551a00000,0x000000b551b00000)]
  0x00000292c98287c0 JavaThread "Unconstrained build operations Thread 25" [_thread_blocked, id=51152, stack(0x000000b551b00000,0x000000b551c00000)]
  0x00000292c98282b0 JavaThread "Unconstrained build operations Thread 26" [_thread_blocked, id=25100, stack(0x000000b551c00000,0x000000b551d00000)]
  0x00000292c9828cd0 JavaThread "Unconstrained build operations Thread 27" [_thread_blocked, id=46300, stack(0x000000b551d00000,0x000000b551e00000)]
  0x00000292c98291e0 JavaThread "Unconstrained build operations Thread 28" [_thread_blocked, id=50052, stack(0x000000b551e00000,0x000000b551f00000)]
  0x00000292c71db100 JavaThread "Unconstrained build operations Thread 29" [_thread_blocked, id=21928, stack(0x000000b551f00000,0x000000b552000000)]
  0x00000292c71da1d0 JavaThread "Unconstrained build operations Thread 30" [_thread_blocked, id=52460, stack(0x000000b552000000,0x000000b552100000)]
  0x00000292c71d7e60 JavaThread "Unconstrained build operations Thread 31" [_thread_blocked, id=21488, stack(0x000000b552100000,0x000000b552200000)]
  0x00000292c71d97b0 JavaThread "Unconstrained build operations Thread 32" [_thread_blocked, id=3288, stack(0x000000b552200000,0x000000b552300000)]
  0x00000292c71d8370 JavaThread "Unconstrained build operations Thread 33" [_thread_blocked, id=17392, stack(0x000000b552300000,0x000000b552400000)]
  0x00000292c71d9cc0 JavaThread "Unconstrained build operations Thread 34" [_thread_blocked, id=53008, stack(0x000000b552400000,0x000000b552500000)]
  0x00000292c71d8d90 JavaThread "build event listener" [_thread_blocked, id=48384, stack(0x000000b552500000,0x000000b552600000)]
  0x00000292cec8de30 JavaThread "Unconstrained build operations Thread 35" [_thread_blocked, id=57008, stack(0x000000b552600000,0x000000b552700000)]
  0x00000292cec8e850 JavaThread "Unconstrained build operations Thread 36" [_thread_blocked, id=54960, stack(0x000000b552700000,0x000000b552800000)]
  0x00000292cec8ed60 JavaThread "Unconstrained build operations Thread 37" [_thread_blocked, id=53900, stack(0x000000b552800000,0x000000b552900000)]
  0x00000292c59e52f0 JavaThread "Unconstrained build operations Thread 38" [_thread_blocked, id=36316, stack(0x000000b552900000,0x000000b552a00000)]
  0x00000292c8b310c0 JavaThread "Unconstrained build operations Thread 39" [_thread_blocked, id=56004, stack(0x000000b552a00000,0x000000b552b00000)]
  0x00000292c7589a40 JavaThread "Unconstrained build operations Thread 40" [_thread_blocked, id=52620, stack(0x000000b552b00000,0x000000b552c00000)]
  0x00000292c72f7230 JavaThread "Unconstrained build operations Thread 41" [_thread_blocked, id=58324, stack(0x000000b552c00000,0x000000b552d00000)]
  0x00000292c72f8670 JavaThread "Unconstrained build operations Thread 42" [_thread_blocked, id=19768, stack(0x000000b552d00000,0x000000b552e00000)]
  0x00000292c72f7740 JavaThread "Unconstrained build operations Thread 43" [_thread_blocked, id=58320, stack(0x000000b552e00000,0x000000b552f00000)]
  0x00000292c72f4ec0 JavaThread "Unconstrained build operations Thread 44" [_thread_blocked, id=58152, stack(0x000000b552f00000,0x000000b553000000)]
  0x00000292c79b2ca0 JavaThread "Unconstrained build operations Thread 45" [_thread_blocked, id=55916, stack(0x000000b553000000,0x000000b553100000)]
  0x00000292c79b3bd0 JavaThread "Unconstrained build operations Thread 46" [_thread_blocked, id=54488, stack(0x000000b553100000,0x000000b553200000)]
  0x00000292c79b4b00 JavaThread "Unconstrained build operations Thread 47" [_thread_blocked, id=57848, stack(0x000000b553200000,0x000000b553300000)]
  0x00000292c79b1d70 JavaThread "Unconstrained build operations Thread 48" [_thread_blocked, id=52284, stack(0x000000b553300000,0x000000b553400000)]
  0x00000292c79b1860 JavaThread "Unconstrained build operations Thread 49" [_thread_blocked, id=46228, stack(0x000000b553400000,0x000000b553500000)]
  0x00000292c79b2280 JavaThread "build event listener" [_thread_blocked, id=52024, stack(0x000000b553500000,0x000000b553600000)]

Other Threads:
  0x00000292a9acd010 VMThread "VM Thread" [stack: 0x000000b54bf00000,0x000000b54c000000] [id=45852]
  0x00000292a995aaa0 WatcherThread [stack: 0x000000b54cc00000,0x000000b54cd00000] [id=25280]
  0x000002928c54b700 GCTaskThread "GC Thread#0" [stack: 0x000000b54ba00000,0x000000b54bb00000] [id=31356]
  0x00000292c32e4750 GCTaskThread "GC Thread#1" [stack: 0x000000b54cd00000,0x000000b54ce00000] [id=50252]
  0x00000292a9eff030 GCTaskThread "GC Thread#2" [stack: 0x000000b54ce00000,0x000000b54cf00000] [id=48448]
  0x00000292a9eff2f0 GCTaskThread "GC Thread#3" [stack: 0x000000b54cf00000,0x000000b54d000000] [id=30440]
  0x00000292a9eff5b0 GCTaskThread "GC Thread#4" [stack: 0x000000b54d000000,0x000000b54d100000] [id=33764]
  0x00000292a9effc80 GCTaskThread "GC Thread#5" [stack: 0x000000b54d100000,0x000000b54d200000] [id=48048]
  0x00000292c4e2e950 GCTaskThread "GC Thread#6" [stack: 0x000000b54e100000,0x000000b54e200000] [id=52364]
  0x00000292c4e2d090 GCTaskThread "GC Thread#7" [stack: 0x000000b54e400000,0x000000b54e500000] [id=47212]
  0x00000292c4e2d610 GCTaskThread "GC Thread#8" [stack: 0x000000b54e500000,0x000000b54e600000] [id=3336]
  0x00000292c4e2db90 GCTaskThread "GC Thread#9" [stack: 0x000000b54e600000,0x000000b54e700000] [id=48164]
  0x00000292c4e2e110 GCTaskThread "GC Thread#10" [stack: 0x000000b54e700000,0x000000b54e800000] [id=52552]
  0x00000292c4e2e3d0 GCTaskThread "GC Thread#11" [stack: 0x000000b54e800000,0x000000b54e900000] [id=33776]
  0x00000292c4e2e690 GCTaskThread "GC Thread#12" [stack: 0x000000b54e900000,0x000000b54ea00000] [id=4460]
  0x000002928c54e540 ConcurrentGCThread "G1 Main Marker" [stack: 0x000000b54bb00000,0x000000b54bc00000] [id=23784]
  0x000002928c54e970 ConcurrentGCThread "G1 Conc#0" [stack: 0x000000b54bc00000,0x000000b54bd00000] [id=47864]
  0x00000292c4e2d350 ConcurrentGCThread "G1 Conc#1" [stack: 0x000000b54ea00000,0x000000b54eb00000] [id=52484]
  0x00000292c4e2d8d0 ConcurrentGCThread "G1 Conc#2" [stack: 0x000000b54eb00000,0x000000b54ec00000] [id=43432]
  0x000002928e77e220 ConcurrentGCThread "G1 Refine#0" [stack: 0x000000b54bd00000,0x000000b54be00000] [id=49084]
  0x000002928e77e510 ConcurrentGCThread "G1 Service" [stack: 0x000000b54be00000,0x000000b54bf00000] [id=50152]

Threads with active compile tasks:
C2 CompilerThread0   241453 17023       4       org.gradle.api.internal.project.DefaultProject::getExtensions (5 bytes)

VM state: not at safepoint (normal execution)

VM Mutex/Monitor currently owned by a thread: None

Heap address: 0x00000000e0000000, size: 512 MB, Compressed Oops mode: 32-bit

CDS archive(s) mapped at: [0x00000292aa000000-0x00000292aabd0000-0x00000292aabd0000), size 12386304, SharedBaseAddress: 0x00000292aa000000, ArchiveRelocationMode: 1.
Compressed class space mapped at: 0x00000292ab000000-0x00000292bf000000, reserved size: 335544320
Narrow klass base: 0x00000292aa000000, Narrow klass shift: 0, Narrow klass range: 0x100000000

GC Precious Log:
 CPUs: 16 total, 16 available
 Memory: 7597M
 Large Page Support: Disabled
 NUMA Support: Disabled
 Compressed Oops: Enabled (32-bit)
 Heap Region Size: 1M
 Heap Min Capacity: 256M
 Heap Initial Capacity: 256M
 Heap Max Capacity: 512M
 Pre-touch: Disabled
 Parallel Workers: 13
 Concurrent Workers: 3
 Concurrent Refinement Workers: 13
 Periodic GC: Disabled

Heap:
 garbage-first heap   total 262144K, used 163714K [0x00000000e0000000, 0x0000000100000000)
  region size 1024K, 26 young (26624K), 2 survivors (2048K)
 Metaspace       used 104109K, committed 105600K, reserved 458752K
  class space    used 14384K, committed 15104K, reserved 327680K

Heap Regions: E=young(eden), S=young(survivor), O=old, HS=humongous(starts), HC=humongous(continues), CS=collection set, F=free, OA=open archive, CA=closed archive, TAMS=top-at-mark-start (previous, next)
|   0|0x00000000e0000000, 0x00000000e0100000, 0x00000000e0100000|100%|HS|  |TAMS 0x00000000e0100000, 0x00000000e0000000| Complete 
|   1|0x00000000e0100000, 0x00000000e0200000, 0x00000000e0200000|100%|HC|  |TAMS 0x00000000e0200000, 0x00000000e0100000| Complete 
|   2|0x00000000e0200000, 0x00000000e0300000, 0x00000000e0300000|100%|HC|  |TAMS 0x00000000e0300000, 0x00000000e0200000| Complete 
|   3|0x00000000e0300000, 0x00000000e0400000, 0x00000000e0400000|100%| O|  |TAMS 0x00000000e0400000, 0x00000000e0300000| Untracked 
|   4|0x00000000e0400000, 0x00000000e0500000, 0x00000000e0500000|100%| O|  |TAMS 0x00000000e0500000, 0x00000000e0400000| Untracked 
|   5|0x00000000e0500000, 0x00000000e0600000, 0x00000000e0600000|100%| O|  |TAMS 0x00000000e0600000, 0x00000000e0500000| Untracked 
|   6|0x00000000e0600000, 0x00000000e0700000, 0x00000000e0700000|100%|HS|  |TAMS 0x00000000e0700000, 0x00000000e0600000| Complete 
|   7|0x00000000e0700000, 0x00000000e0800000, 0x00000000e0800000|100%| O|  |TAMS 0x00000000e0800000, 0x00000000e0700000| Untracked 
|   8|0x00000000e0800000, 0x00000000e0900000, 0x00000000e0900000|100%| O|  |TAMS 0x00000000e0900000, 0x00000000e0800000| Untracked 
|   9|0x00000000e0900000, 0x00000000e0a00000, 0x00000000e0a00000|100%| O|  |TAMS 0x00000000e0a00000, 0x00000000e0900000| Untracked 
|  10|0x00000000e0a00000, 0x00000000e0b00000, 0x00000000e0b00000|100%| O|  |TAMS 0x00000000e0b00000, 0x00000000e0a00000| Untracked 
|  11|0x00000000e0b00000, 0x00000000e0c00000, 0x00000000e0c00000|100%| O|  |TAMS 0x00000000e0c00000, 0x00000000e0b00000| Untracked 
|  12|0x00000000e0c00000, 0x00000000e0d00000, 0x00000000e0d00000|100%| O|  |TAMS 0x00000000e0d00000, 0x00000000e0c00000| Untracked 
|  13|0x00000000e0d00000, 0x00000000e0e00000, 0x00000000e0e00000|100%| O|  |TAMS 0x00000000e0e00000, 0x00000000e0d00000| Untracked 
|  14|0x00000000e0e00000, 0x00000000e0f00000, 0x00000000e0f00000|100%| O|  |TAMS 0x00000000e0f00000, 0x00000000e0e00000| Untracked 
|  15|0x00000000e0f00000, 0x00000000e1000000, 0x00000000e1000000|100%| O|  |TAMS 0x00000000e1000000, 0x00000000e0f00000| Untracked 
|  16|0x00000000e1000000, 0x00000000e1100000, 0x00000000e1100000|100%| O|  |TAMS 0x00000000e1100000, 0x00000000e1000000| Untracked 
|  17|0x00000000e1100000, 0x00000000e1200000, 0x00000000e1200000|100%| O|  |TAMS 0x00000000e1200000, 0x00000000e1100000| Untracked 
|  18|0x00000000e1200000, 0x00000000e1300000, 0x00000000e1300000|100%| O|  |TAMS 0x00000000e1300000, 0x00000000e1200000| Untracked 
|  19|0x00000000e1300000, 0x00000000e1400000, 0x00000000e1400000|100%| O|  |TAMS 0x00000000e1400000, 0x00000000e1300000| Untracked 
|  20|0x00000000e1400000, 0x00000000e1500000, 0x00000000e1500000|100%| O|  |TAMS 0x00000000e1500000, 0x00000000e1400000| Untracked 
|  21|0x00000000e1500000, 0x00000000e1600000, 0x00000000e1600000|100%| O|  |TAMS 0x00000000e1600000, 0x00000000e1500000| Untracked 
|  22|0x00000000e1600000, 0x00000000e1700000, 0x00000000e1700000|100%| O|  |TAMS 0x00000000e1700000, 0x00000000e1600000| Untracked 
|  23|0x00000000e1700000, 0x00000000e1800000, 0x00000000e1800000|100%| O|  |TAMS 0x00000000e1800000, 0x00000000e1700000| Untracked 
|  24|0x00000000e1800000, 0x00000000e1900000, 0x00000000e1900000|100%| O|  |TAMS 0x00000000e1900000, 0x00000000e1800000| Untracked 
|  25|0x00000000e1900000, 0x00000000e1a00000, 0x00000000e1a00000|100%| O|  |TAMS 0x00000000e1a00000, 0x00000000e1900000| Untracked 
|  26|0x00000000e1a00000, 0x00000000e1b00000, 0x00000000e1b00000|100%| O|  |TAMS 0x00000000e1b00000, 0x00000000e1a00000| Untracked 
|  27|0x00000000e1b00000, 0x00000000e1c00000, 0x00000000e1c00000|100%| O|  |TAMS 0x00000000e1c00000, 0x00000000e1b00000| Untracked 
|  28|0x00000000e1c00000, 0x00000000e1d00000, 0x00000000e1d00000|100%| O|  |TAMS 0x00000000e1d00000, 0x00000000e1c00000| Untracked 
|  29|0x00000000e1d00000, 0x00000000e1e00000, 0x00000000e1e00000|100%| O|  |TAMS 0x00000000e1e00000, 0x00000000e1d00000| Untracked 
|  30|0x00000000e1e00000, 0x00000000e1f00000, 0x00000000e1f00000|100%| O|  |TAMS 0x00000000e1f00000, 0x00000000e1e00000| Untracked 
|  31|0x00000000e1f00000, 0x00000000e2000000, 0x00000000e2000000|100%| O|  |TAMS 0x00000000e2000000, 0x00000000e1f00000| Untracked 
|  32|0x00000000e2000000, 0x00000000e2100000, 0x00000000e2100000|100%| O|  |TAMS 0x00000000e2100000, 0x00000000e2000000| Untracked 
|  33|0x00000000e2100000, 0x00000000e2200000, 0x00000000e2200000|100%| O|  |TAMS 0x00000000e2200000, 0x00000000e2100000| Untracked 
|  34|0x00000000e2200000, 0x00000000e2300000, 0x00000000e2300000|100%|HS|  |TAMS 0x00000000e2300000, 0x00000000e2200000| Complete 
|  35|0x00000000e2300000, 0x00000000e2400000, 0x00000000e2400000|100%|HC|  |TAMS 0x00000000e2400000, 0x00000000e2300000| Complete 
|  36|0x00000000e2400000, 0x00000000e2500000, 0x00000000e2500000|100%|HC|  |TAMS 0x00000000e2500000, 0x00000000e2400000| Complete 
|  37|0x00000000e2500000, 0x00000000e2600000, 0x00000000e2600000|100%|HS|  |TAMS 0x00000000e2600000, 0x00000000e2500000| Complete 
|  38|0x00000000e2600000, 0x00000000e2700000, 0x00000000e2700000|100%|HC|  |TAMS 0x00000000e2700000, 0x00000000e2600000| Complete 
|  39|0x00000000e2700000, 0x00000000e2800000, 0x00000000e2800000|100%|HC|  |TAMS 0x00000000e2800000, 0x00000000e2700000| Complete 
|  40|0x00000000e2800000, 0x00000000e2900000, 0x00000000e2900000|100%| O|  |TAMS 0x00000000e2900000, 0x00000000e2800000| Untracked 
|  41|0x00000000e2900000, 0x00000000e2a00000, 0x00000000e2a00000|100%| O|  |TAMS 0x00000000e2a00000, 0x00000000e2900000| Untracked 
|  42|0x00000000e2a00000, 0x00000000e2b00000, 0x00000000e2b00000|100%| O|  |TAMS 0x00000000e2b00000, 0x00000000e2a00000| Untracked 
|  43|0x00000000e2b00000, 0x00000000e2c00000, 0x00000000e2c00000|100%| O|  |TAMS 0x00000000e2c00000, 0x00000000e2b00000| Untracked 
|  44|0x00000000e2c00000, 0x00000000e2d00000, 0x00000000e2d00000|100%| O|  |TAMS 0x00000000e2d00000, 0x00000000e2c00000| Untracked 
|  45|0x00000000e2d00000, 0x00000000e2e00000, 0x00000000e2e00000|100%| O|  |TAMS 0x00000000e2e00000, 0x00000000e2d00000| Untracked 
|  46|0x00000000e2e00000, 0x00000000e2f00000, 0x00000000e2f00000|100%| O|  |TAMS 0x00000000e2f00000, 0x00000000e2e00000| Untracked 
|  47|0x00000000e2f00000, 0x00000000e3000000, 0x00000000e3000000|100%| O|  |TAMS 0x00000000e3000000, 0x00000000e2f00000| Untracked 
|  48|0x00000000e3000000, 0x00000000e3100000, 0x00000000e3100000|100%| O|  |TAMS 0x00000000e3100000, 0x00000000e3000000| Untracked 
|  49|0x00000000e3100000, 0x00000000e3200000, 0x00000000e3200000|100%| O|  |TAMS 0x00000000e3200000, 0x00000000e3100000| Untracked 
|  50|0x00000000e3200000, 0x00000000e3300000, 0x00000000e3300000|100%| O|  |TAMS 0x00000000e3300000, 0x00000000e3200000| Untracked 
|  51|0x00000000e3300000, 0x00000000e3400000, 0x00000000e3400000|100%| O|  |TAMS 0x00000000e3400000, 0x00000000e3300000| Untracked 
|  52|0x00000000e3400000, 0x00000000e3500000, 0x00000000e3500000|100%| O|  |TAMS 0x00000000e3500000, 0x00000000e3400000| Untracked 
|  53|0x00000000e3500000, 0x00000000e3600000, 0x00000000e3600000|100%| O|  |TAMS 0x00000000e3600000, 0x00000000e3500000| Untracked 
|  54|0x00000000e3600000, 0x00000000e3700000, 0x00000000e3700000|100%| O|  |TAMS 0x00000000e3700000, 0x00000000e3600000| Untracked 
|  55|0x00000000e3700000, 0x00000000e3800000, 0x00000000e3800000|100%| O|  |TAMS 0x00000000e3800000, 0x00000000e3700000| Untracked 
|  56|0x00000000e3800000, 0x00000000e3900000, 0x00000000e3900000|100%| O|  |TAMS 0x00000000e3900000, 0x00000000e3800000| Untracked 
|  57|0x00000000e3900000, 0x00000000e3a00000, 0x00000000e3a00000|100%| O|  |TAMS 0x00000000e3a00000, 0x00000000e3900000| Untracked 
|  58|0x00000000e3a00000, 0x00000000e3b00000, 0x00000000e3b00000|100%| O|  |TAMS 0x00000000e3b00000, 0x00000000e3a00000| Untracked 
|  59|0x00000000e3b00000, 0x00000000e3c00000, 0x00000000e3c00000|100%| O|  |TAMS 0x00000000e3c00000, 0x00000000e3b00000| Untracked 
|  60|0x00000000e3c00000, 0x00000000e3d00000, 0x00000000e3d00000|100%| O|  |TAMS 0x00000000e3d00000, 0x00000000e3c00000| Untracked 
|  61|0x00000000e3d00000, 0x00000000e3e00000, 0x00000000e3e00000|100%| O|  |TAMS 0x00000000e3e00000, 0x00000000e3d00000| Untracked 
|  62|0x00000000e3e00000, 0x00000000e3f00000, 0x00000000e3f00000|100%| O|  |TAMS 0x00000000e3f00000, 0x00000000e3e00000| Untracked 
|  63|0x00000000e3f00000, 0x00000000e4000000, 0x00000000e4000000|100%| O|  |TAMS 0x00000000e4000000, 0x00000000e3f00000| Untracked 
|  64|0x00000000e4000000, 0x00000000e4100000, 0x00000000e4100000|100%| O|  |TAMS 0x00000000e4100000, 0x00000000e4000000| Untracked 
|  65|0x00000000e4100000, 0x00000000e4200000, 0x00000000e4200000|100%| O|  |TAMS 0x00000000e4200000, 0x00000000e4100000| Untracked 
|  66|0x00000000e4200000, 0x00000000e4300000, 0x00000000e4300000|100%| O|  |TAMS 0x00000000e4300000, 0x00000000e4200000| Untracked 
|  67|0x00000000e4300000, 0x00000000e4400000, 0x00000000e4400000|100%| O|  |TAMS 0x00000000e4400000, 0x00000000e4300000| Untracked 
|  68|0x00000000e4400000, 0x00000000e4500000, 0x00000000e4500000|100%| O|  |TAMS 0x00000000e4500000, 0x00000000e4400000| Untracked 
|  69|0x00000000e4500000, 0x00000000e4600000, 0x00000000e4600000|100%| O|  |TAMS 0x00000000e4600000, 0x00000000e4500000| Untracked 
|  70|0x00000000e4600000, 0x00000000e4700000, 0x00000000e4700000|100%| O|  |TAMS 0x00000000e4700000, 0x00000000e4600000| Untracked 
|  71|0x00000000e4700000, 0x00000000e4800000, 0x00000000e4800000|100%| O|  |TAMS 0x00000000e4800000, 0x00000000e4700000| Untracked 
|  72|0x00000000e4800000, 0x00000000e4900000, 0x00000000e4900000|100%| O|  |TAMS 0x00000000e4900000, 0x00000000e4800000| Untracked 
|  73|0x00000000e4900000, 0x00000000e4a00000, 0x00000000e4a00000|100%| O|  |TAMS 0x00000000e4a00000, 0x00000000e4900000| Untracked 
|  74|0x00000000e4a00000, 0x00000000e4b00000, 0x00000000e4b00000|100%| O|  |TAMS 0x00000000e4b00000, 0x00000000e4a00000| Untracked 
|  75|0x00000000e4b00000, 0x00000000e4b00000, 0x00000000e4c00000|  0%| F|  |TAMS 0x00000000e4b00000, 0x00000000e4b00000| Untracked 
|  76|0x00000000e4c00000, 0x00000000e4d00000, 0x00000000e4d00000|100%| O|  |TAMS 0x00000000e4d00000, 0x00000000e4c00000| Untracked 
|  77|0x00000000e4d00000, 0x00000000e4e00000, 0x00000000e4e00000|100%| O|  |TAMS 0x00000000e4e00000, 0x00000000e4d00000| Untracked 
|  78|0x00000000e4e00000, 0x00000000e4f00000, 0x00000000e4f00000|100%| O|  |TAMS 0x00000000e4f00000, 0x00000000e4e00000| Untracked 
|  79|0x00000000e4f00000, 0x00000000e5000000, 0x00000000e5000000|100%| O|  |TAMS 0x00000000e5000000, 0x00000000e4f00000| Untracked 
|  80|0x00000000e5000000, 0x00000000e5100000, 0x00000000e5100000|100%| O|  |TAMS 0x00000000e5100000, 0x00000000e5000000| Untracked 
|  81|0x00000000e5100000, 0x00000000e5200000, 0x00000000e5200000|100%| O|  |TAMS 0x00000000e5200000, 0x00000000e5100000| Untracked 
|  82|0x00000000e5200000, 0x00000000e5300000, 0x00000000e5300000|100%| O|  |TAMS 0x00000000e5200000, 0x00000000e5200000| Untracked 
|  83|0x00000000e5300000, 0x00000000e5400000, 0x00000000e5400000|100%| O|  |TAMS 0x00000000e5300000, 0x00000000e5300000| Untracked 
|  84|0x00000000e5400000, 0x00000000e5500000, 0x00000000e5500000|100%| O|  |TAMS 0x00000000e5500000, 0x00000000e5400000| Untracked 
|  85|0x00000000e5500000, 0x00000000e5600000, 0x00000000e5600000|100%| O|  |TAMS 0x00000000e5600000, 0x00000000e5500000| Untracked 
|  86|0x00000000e5600000, 0x00000000e5700000, 0x00000000e5700000|100%| O|  |TAMS 0x00000000e5700000, 0x00000000e5600000| Untracked 
|  87|0x00000000e5700000, 0x00000000e5800000, 0x00000000e5800000|100%| O|  |TAMS 0x00000000e5800000, 0x00000000e5700000| Untracked 
|  88|0x00000000e5800000, 0x00000000e5900000, 0x00000000e5900000|100%| O|  |TAMS 0x00000000e5900000, 0x00000000e5800000| Untracked 
|  89|0x00000000e5900000, 0x00000000e5a00000, 0x00000000e5a00000|100%| O|  |TAMS 0x00000000e5a00000, 0x00000000e5900000| Untracked 
|  90|0x00000000e5a00000, 0x00000000e5b00000, 0x00000000e5b00000|100%| O|  |TAMS 0x00000000e5b00000, 0x00000000e5a00000| Untracked 
|  91|0x00000000e5b00000, 0x00000000e5b00000, 0x00000000e5c00000|  0%| F|  |TAMS 0x00000000e5b00000, 0x00000000e5b00000| Untracked 
|  92|0x00000000e5c00000, 0x00000000e5d00000, 0x00000000e5d00000|100%|HS|  |TAMS 0x00000000e5d00000, 0x00000000e5c00000| Complete 
|  93|0x00000000e5d00000, 0x00000000e5e00000, 0x00000000e5e00000|100%|HS|  |TAMS 0x00000000e5e00000, 0x00000000e5d00000| Complete 
|  94|0x00000000e5e00000, 0x00000000e5f00000, 0x00000000e5f00000|100%|HS|  |TAMS 0x00000000e5f00000, 0x00000000e5e00000| Complete 
|  95|0x00000000e5f00000, 0x00000000e6000000, 0x00000000e6000000|100%|HS|  |TAMS 0x00000000e6000000, 0x00000000e5f00000| Complete 
|  96|0x00000000e6000000, 0x00000000e6100000, 0x00000000e6100000|100%|HS|  |TAMS 0x00000000e6100000, 0x00000000e6000000| Complete 
|  97|0x00000000e6100000, 0x00000000e6200000, 0x00000000e6200000|100%|HS|  |TAMS 0x00000000e6200000, 0x00000000e6100000| Complete 
|  98|0x00000000e6200000, 0x00000000e6300000, 0x00000000e6300000|100%|HS|  |TAMS 0x00000000e6300000, 0x00000000e6200000| Complete 
|  99|0x00000000e6300000, 0x00000000e6400000, 0x00000000e6400000|100%|HC|  |TAMS 0x00000000e6400000, 0x00000000e6300000| Complete 
| 100|0x00000000e6400000, 0x00000000e6500000, 0x00000000e6500000|100%|HC|  |TAMS 0x00000000e6500000, 0x00000000e6400000| Complete 
| 101|0x00000000e6500000, 0x00000000e6600000, 0x00000000e6600000|100%| O|  |TAMS 0x00000000e6600000, 0x00000000e6500000| Untracked 
| 102|0x00000000e6600000, 0x00000000e6700000, 0x00000000e6700000|100%|HS|  |TAMS 0x00000000e6700000, 0x00000000e6600000| Complete 
| 103|0x00000000e6700000, 0x00000000e6800000, 0x00000000e6800000|100%| O|  |TAMS 0x00000000e6800000, 0x00000000e6700000| Untracked 
| 104|0x00000000e6800000, 0x00000000e6900000, 0x00000000e6900000|100%| O|  |TAMS 0x00000000e6900000, 0x00000000e6800000| Untracked 
| 105|0x00000000e6900000, 0x00000000e6a00000, 0x00000000e6a00000|100%| O|  |TAMS 0x00000000e6a00000, 0x00000000e6900000| Untracked 
| 106|0x00000000e6a00000, 0x00000000e6b00000, 0x00000000e6b00000|100%| O|  |TAMS 0x00000000e6b00000, 0x00000000e6a00000| Untracked 
| 107|0x00000000e6b00000, 0x00000000e6c00000, 0x00000000e6c00000|100%| O|  |TAMS 0x00000000e6c00000, 0x00000000e6b00000| Untracked 
| 108|0x00000000e6c00000, 0x00000000e6d00000, 0x00000000e6d00000|100%| O|  |TAMS 0x00000000e6d00000, 0x00000000e6c00000| Untracked 
| 109|0x00000000e6d00000, 0x00000000e6e00000, 0x00000000e6e00000|100%| O|  |TAMS 0x00000000e6e00000, 0x00000000e6d00000| Untracked 
| 110|0x00000000e6e00000, 0x00000000e6f00000, 0x00000000e6f00000|100%| O|  |TAMS 0x00000000e6f00000, 0x00000000e6e00000| Untracked 
| 111|0x00000000e6f00000, 0x00000000e7000000, 0x00000000e7000000|100%| O|  |TAMS 0x00000000e7000000, 0x00000000e6f00000| Untracked 
| 112|0x00000000e7000000, 0x00000000e7100000, 0x00000000e7100000|100%| O|  |TAMS 0x00000000e7100000, 0x00000000e7000000| Untracked 
| 113|0x00000000e7100000, 0x00000000e7200000, 0x00000000e7200000|100%| O|  |TAMS 0x00000000e7200000, 0x00000000e7100000| Untracked 
| 114|0x00000000e7200000, 0x00000000e7300000, 0x00000000e7300000|100%| O|  |TAMS 0x00000000e7300000, 0x00000000e7200000| Untracked 
| 115|0x00000000e7300000, 0x00000000e7400000, 0x00000000e7400000|100%| O|  |TAMS 0x00000000e7400000, 0x00000000e7300000| Untracked 
| 116|0x00000000e7400000, 0x00000000e7500000, 0x00000000e7500000|100%| O|  |TAMS 0x00000000e7500000, 0x00000000e7400000| Untracked 
| 117|0x00000000e7500000, 0x00000000e7600000, 0x00000000e7600000|100%| O|  |TAMS 0x00000000e7600000, 0x00000000e7500000| Untracked 
| 118|0x00000000e7600000, 0x00000000e7700000, 0x00000000e7700000|100%| O|  |TAMS 0x00000000e7700000, 0x00000000e7600000| Untracked 
| 119|0x00000000e7700000, 0x00000000e7800000, 0x00000000e7800000|100%| O|  |TAMS 0x00000000e7800000, 0x00000000e7700000| Untracked 
| 120|0x00000000e7800000, 0x00000000e7800000, 0x00000000e7900000|  0%| F|  |TAMS 0x00000000e7800000, 0x00000000e7800000| Untracked 
| 121|0x00000000e7900000, 0x00000000e7a00000, 0x00000000e7a00000|100%| O|  |TAMS 0x00000000e7a00000, 0x00000000e7900000| Untracked 
| 122|0x00000000e7a00000, 0x00000000e7b00000, 0x00000000e7b00000|100%| O|  |TAMS 0x00000000e7b00000, 0x00000000e7a00000| Untracked 
| 123|0x00000000e7b00000, 0x00000000e7c00000, 0x00000000e7c00000|100%| O|  |TAMS 0x00000000e7c00000, 0x00000000e7b00000| Untracked 
| 124|0x00000000e7c00000, 0x00000000e7d00000, 0x00000000e7d00000|100%| O|  |TAMS 0x00000000e7d00000, 0x00000000e7c00000| Untracked 
| 125|0x00000000e7d00000, 0x00000000e7e00000, 0x00000000e7e00000|100%| O|  |TAMS 0x00000000e7e00000, 0x00000000e7d00000| Untracked 
| 126|0x00000000e7e00000, 0x00000000e7f00000, 0x00000000e7f00000|100%| O|  |TAMS 0x00000000e7f00000, 0x00000000e7e00000| Untracked 
| 127|0x00000000e7f00000, 0x00000000e8000000, 0x00000000e8000000|100%| O|  |TAMS 0x00000000e8000000, 0x00000000e7f00000| Untracked 
| 128|0x00000000e8000000, 0x00000000e8100000, 0x00000000e8100000|100%| O|  |TAMS 0x00000000e8100000, 0x00000000e8000000| Untracked 
| 129|0x00000000e8100000, 0x00000000e8200000, 0x00000000e8200000|100%| O|  |TAMS 0x00000000e8200000, 0x00000000e8100000| Untracked 
| 130|0x00000000e8200000, 0x00000000e8300000, 0x00000000e8300000|100%| O|  |TAMS 0x00000000e8244200, 0x00000000e8200000| Untracked 
| 131|0x00000000e8300000, 0x00000000e8400000, 0x00000000e8400000|100%| O|  |TAMS 0x00000000e8300000, 0x00000000e8300000| Untracked 
| 132|0x00000000e8400000, 0x00000000e8500000, 0x00000000e8500000|100%| O|  |TAMS 0x00000000e8400000, 0x00000000e8400000| Untracked 
| 133|0x00000000e8500000, 0x00000000e8600000, 0x00000000e8600000|100%| O|  |TAMS 0x00000000e8500000, 0x00000000e8500000| Untracked 
| 134|0x00000000e8600000, 0x00000000e8700000, 0x00000000e8700000|100%| O|  |TAMS 0x00000000e8600000, 0x00000000e8600000| Untracked 
| 135|0x00000000e8700000, 0x00000000e8800000, 0x00000000e8800000|100%| O|  |TAMS 0x00000000e8700000, 0x00000000e8700000| Untracked 
| 136|0x00000000e8800000, 0x00000000e8900000, 0x00000000e8900000|100%| O|  |TAMS 0x00000000e8800000, 0x00000000e8800000| Untracked 
| 137|0x00000000e8900000, 0x00000000e8a00000, 0x00000000e8a00000|100%| O|  |TAMS 0x00000000e8900000, 0x00000000e8900000| Untracked 
| 138|0x00000000e8a00000, 0x00000000e8a6b000, 0x00000000e8b00000| 41%| O|  |TAMS 0x00000000e8a00000, 0x00000000e8a00000| Untracked 
| 139|0x00000000e8b00000, 0x00000000e8b00000, 0x00000000e8c00000|  0%| F|  |TAMS 0x00000000e8b00000, 0x00000000e8b00000| Untracked 
| 140|0x00000000e8c00000, 0x00000000e8c00000, 0x00000000e8d00000|  0%| F|  |TAMS 0x00000000e8c00000, 0x00000000e8c00000| Untracked 
| 141|0x00000000e8d00000, 0x00000000e8d00000, 0x00000000e8e00000|  0%| F|  |TAMS 0x00000000e8d00000, 0x00000000e8d00000| Untracked 
| 142|0x00000000e8e00000, 0x00000000e8e00000, 0x00000000e8f00000|  0%| F|  |TAMS 0x00000000e8e00000, 0x00000000e8e00000| Untracked 
| 143|0x00000000e8f00000, 0x00000000e8f00000, 0x00000000e9000000|  0%| F|  |TAMS 0x00000000e8f00000, 0x00000000e8f00000| Untracked 
| 144|0x00000000e9000000, 0x00000000e9000000, 0x00000000e9100000|  0%| F|  |TAMS 0x00000000e9000000, 0x00000000e9000000| Untracked 
| 145|0x00000000e9100000, 0x00000000e9100000, 0x00000000e9200000|  0%| F|  |TAMS 0x00000000e9100000, 0x00000000e9100000| Untracked 
| 146|0x00000000e9200000, 0x00000000e9200000, 0x00000000e9300000|  0%| F|  |TAMS 0x00000000e9200000, 0x00000000e9200000| Untracked 
| 147|0x00000000e9300000, 0x00000000e9300000, 0x00000000e9400000|  0%| F|  |TAMS 0x00000000e9300000, 0x00000000e9300000| Untracked 
| 148|0x00000000e9400000, 0x00000000e9400000, 0x00000000e9500000|  0%| F|  |TAMS 0x00000000e9400000, 0x00000000e9400000| Untracked 
| 149|0x00000000e9500000, 0x00000000e9500000, 0x00000000e9600000|  0%| F|  |TAMS 0x00000000e9500000, 0x00000000e9500000| Untracked 
| 150|0x00000000e9600000, 0x00000000e9600000, 0x00000000e9700000|  0%| F|  |TAMS 0x00000000e9600000, 0x00000000e9600000| Untracked 
| 151|0x00000000e9700000, 0x00000000e9700000, 0x00000000e9800000|  0%| F|  |TAMS 0x00000000e9700000, 0x00000000e9700000| Untracked 
| 152|0x00000000e9800000, 0x00000000e9800000, 0x00000000e9900000|  0%| F|  |TAMS 0x00000000e9800000, 0x00000000e9800000| Untracked 
| 153|0x00000000e9900000, 0x00000000e9900000, 0x00000000e9a00000|  0%| F|  |TAMS 0x00000000e9900000, 0x00000000e9900000| Untracked 
| 154|0x00000000e9a00000, 0x00000000e9a00000, 0x00000000e9b00000|  0%| F|  |TAMS 0x00000000e9a00000, 0x00000000e9a00000| Untracked 
| 155|0x00000000e9b00000, 0x00000000e9b00000, 0x00000000e9c00000|  0%| F|  |TAMS 0x00000000e9b00000, 0x00000000e9b00000| Untracked 
| 156|0x00000000e9c00000, 0x00000000e9c00000, 0x00000000e9d00000|  0%| F|  |TAMS 0x00000000e9c00000, 0x00000000e9c00000| Untracked 
| 157|0x00000000e9d00000, 0x00000000e9d00000, 0x00000000e9e00000|  0%| F|  |TAMS 0x00000000e9d00000, 0x00000000e9d00000| Untracked 
| 158|0x00000000e9e00000, 0x00000000e9e00000, 0x00000000e9f00000|  0%| F|  |TAMS 0x00000000e9e00000, 0x00000000e9e00000| Untracked 
| 159|0x00000000e9f00000, 0x00000000e9f00000, 0x00000000ea000000|  0%| F|  |TAMS 0x00000000e9f00000, 0x00000000e9f00000| Untracked 
| 160|0x00000000ea000000, 0x00000000ea000000, 0x00000000ea100000|  0%| F|  |TAMS 0x00000000ea000000, 0x00000000ea000000| Untracked 
| 161|0x00000000ea100000, 0x00000000ea100000, 0x00000000ea200000|  0%| F|  |TAMS 0x00000000ea100000, 0x00000000ea100000| Untracked 
| 162|0x00000000ea200000, 0x00000000ea200000, 0x00000000ea300000|  0%| F|  |TAMS 0x00000000ea200000, 0x00000000ea200000| Untracked 
| 163|0x00000000ea300000, 0x00000000ea300000, 0x00000000ea400000|  0%| F|  |TAMS 0x00000000ea300000, 0x00000000ea300000| Untracked 
| 164|0x00000000ea400000, 0x00000000ea400000, 0x00000000ea500000|  0%| F|  |TAMS 0x00000000ea400000, 0x00000000ea400000| Untracked 
| 165|0x00000000ea500000, 0x00000000ea500000, 0x00000000ea600000|  0%| F|  |TAMS 0x00000000ea500000, 0x00000000ea500000| Untracked 
| 166|0x00000000ea600000, 0x00000000ea600000, 0x00000000ea700000|  0%| F|  |TAMS 0x00000000ea600000, 0x00000000ea600000| Untracked 
| 167|0x00000000ea700000, 0x00000000ea700000, 0x00000000ea800000|  0%| F|  |TAMS 0x00000000ea700000, 0x00000000ea700000| Untracked 
| 168|0x00000000ea800000, 0x00000000ea800000, 0x00000000ea900000|  0%| F|  |TAMS 0x00000000ea800000, 0x00000000ea800000| Untracked 
| 169|0x00000000ea900000, 0x00000000ea900000, 0x00000000eaa00000|  0%| F|  |TAMS 0x00000000ea900000, 0x00000000ea900000| Untracked 
| 170|0x00000000eaa00000, 0x00000000eaa00000, 0x00000000eab00000|  0%| F|  |TAMS 0x00000000eaa00000, 0x00000000eaa00000| Untracked 
| 171|0x00000000eab00000, 0x00000000eab00000, 0x00000000eac00000|  0%| F|  |TAMS 0x00000000eab00000, 0x00000000eab00000| Untracked 
| 172|0x00000000eac00000, 0x00000000eac00000, 0x00000000ead00000|  0%| F|  |TAMS 0x00000000eac00000, 0x00000000eac00000| Untracked 
| 173|0x00000000ead00000, 0x00000000ead00000, 0x00000000eae00000|  0%| F|  |TAMS 0x00000000ead00000, 0x00000000ead00000| Untracked 
| 174|0x00000000eae00000, 0x00000000eae00000, 0x00000000eaf00000|  0%| F|  |TAMS 0x00000000eae00000, 0x00000000eae00000| Untracked 
| 175|0x00000000eaf00000, 0x00000000eaf00000, 0x00000000eb000000|  0%| F|  |TAMS 0x00000000eaf00000, 0x00000000eaf00000| Untracked 
| 176|0x00000000eb000000, 0x00000000eb000000, 0x00000000eb100000|  0%| F|  |TAMS 0x00000000eb000000, 0x00000000eb000000| Untracked 
| 177|0x00000000eb100000, 0x00000000eb100000, 0x00000000eb200000|  0%| F|  |TAMS 0x00000000eb100000, 0x00000000eb100000| Untracked 
| 178|0x00000000eb200000, 0x00000000eb200000, 0x00000000eb300000|  0%| F|  |TAMS 0x00000000eb200000, 0x00000000eb200000| Untracked 
| 179|0x00000000eb300000, 0x00000000eb300000, 0x00000000eb400000|  0%| F|  |TAMS 0x00000000eb300000, 0x00000000eb300000| Untracked 
| 180|0x00000000eb400000, 0x00000000eb400000, 0x00000000eb500000|  0%| F|  |TAMS 0x00000000eb400000, 0x00000000eb400000| Untracked 
| 181|0x00000000eb500000, 0x00000000eb500000, 0x00000000eb600000|  0%| F|  |TAMS 0x00000000eb500000, 0x00000000eb500000| Untracked 
| 182|0x00000000eb600000, 0x00000000eb600000, 0x00000000eb700000|  0%| F|  |TAMS 0x00000000eb600000, 0x00000000eb600000| Untracked 
| 183|0x00000000eb700000, 0x00000000eb700000, 0x00000000eb800000|  0%| F|  |TAMS 0x00000000eb700000, 0x00000000eb700000| Untracked 
| 184|0x00000000eb800000, 0x00000000eb800000, 0x00000000eb900000|  0%| F|  |TAMS 0x00000000eb800000, 0x00000000eb800000| Untracked 
| 185|0x00000000eb900000, 0x00000000eb900000, 0x00000000eba00000|  0%| F|  |TAMS 0x00000000eb900000, 0x00000000eb900000| Untracked 
| 186|0x00000000eba00000, 0x00000000eba00000, 0x00000000ebb00000|  0%| F|  |TAMS 0x00000000eba00000, 0x00000000eba00000| Untracked 
| 187|0x00000000ebb00000, 0x00000000ebb00000, 0x00000000ebc00000|  0%| F|  |TAMS 0x00000000ebb00000, 0x00000000ebb00000| Untracked 
| 188|0x00000000ebc00000, 0x00000000ebc00000, 0x00000000ebd00000|  0%| F|  |TAMS 0x00000000ebc00000, 0x00000000ebc00000| Untracked 
| 189|0x00000000ebd00000, 0x00000000ebd00000, 0x00000000ebe00000|  0%| F|  |TAMS 0x00000000ebd00000, 0x00000000ebd00000| Untracked 
| 190|0x00000000ebe00000, 0x00000000ebe00000, 0x00000000ebf00000|  0%| F|  |TAMS 0x00000000ebe00000, 0x00000000ebe00000| Untracked 
| 191|0x00000000ebf00000, 0x00000000ebf00000, 0x00000000ec000000|  0%| F|  |TAMS 0x00000000ebf00000, 0x00000000ebf00000| Untracked 
| 192|0x00000000ec000000, 0x00000000ec000000, 0x00000000ec100000|  0%| F|  |TAMS 0x00000000ec000000, 0x00000000ec000000| Untracked 
| 193|0x00000000ec100000, 0x00000000ec100000, 0x00000000ec200000|  0%| F|  |TAMS 0x00000000ec100000, 0x00000000ec100000| Untracked 
| 194|0x00000000ec200000, 0x00000000ec200000, 0x00000000ec300000|  0%| F|  |TAMS 0x00000000ec200000, 0x00000000ec200000| Untracked 
| 195|0x00000000ec300000, 0x00000000ec300000, 0x00000000ec400000|  0%| F|  |TAMS 0x00000000ec300000, 0x00000000ec300000| Untracked 
| 196|0x00000000ec400000, 0x00000000ec400000, 0x00000000ec500000|  0%| F|  |TAMS 0x00000000ec400000, 0x00000000ec400000| Untracked 
| 197|0x00000000ec500000, 0x00000000ec500000, 0x00000000ec600000|  0%| F|  |TAMS 0x00000000ec500000, 0x00000000ec500000| Untracked 
| 198|0x00000000ec600000, 0x00000000ec600000, 0x00000000ec700000|  0%| F|  |TAMS 0x00000000ec600000, 0x00000000ec600000| Untracked 
| 199|0x00000000ec700000, 0x00000000ec700000, 0x00000000ec800000|  0%| F|  |TAMS 0x00000000ec700000, 0x00000000ec700000| Untracked 
| 200|0x00000000ec800000, 0x00000000ec800000, 0x00000000ec900000|  0%| F|  |TAMS 0x00000000ec800000, 0x00000000ec800000| Untracked 
| 201|0x00000000ec900000, 0x00000000ec900000, 0x00000000eca00000|  0%| F|  |TAMS 0x00000000ec900000, 0x00000000ec900000| Untracked 
| 202|0x00000000eca00000, 0x00000000eca00000, 0x00000000ecb00000|  0%| F|  |TAMS 0x00000000eca00000, 0x00000000eca00000| Untracked 
| 203|0x00000000ecb00000, 0x00000000ecb00000, 0x00000000ecc00000|  0%| F|  |TAMS 0x00000000ecb00000, 0x00000000ecb00000| Untracked 
| 204|0x00000000ecc00000, 0x00000000ecc00000, 0x00000000ecd00000|  0%| F|  |TAMS 0x00000000ecc00000, 0x00000000ecc00000| Untracked 
| 205|0x00000000ecd00000, 0x00000000ecd00000, 0x00000000ece00000|  0%| F|  |TAMS 0x00000000ecd00000, 0x00000000ecd00000| Untracked 
| 206|0x00000000ece00000, 0x00000000ece00000, 0x00000000ecf00000|  0%| F|  |TAMS 0x00000000ece00000, 0x00000000ece00000| Untracked 
| 207|0x00000000ecf00000, 0x00000000ecf00000, 0x00000000ed000000|  0%| F|  |TAMS 0x00000000ecf00000, 0x00000000ecf00000| Untracked 
| 208|0x00000000ed000000, 0x00000000ed000000, 0x00000000ed100000|  0%| F|  |TAMS 0x00000000ed000000, 0x00000000ed000000| Untracked 
| 209|0x00000000ed100000, 0x00000000ed100000, 0x00000000ed200000|  0%| F|  |TAMS 0x00000000ed100000, 0x00000000ed100000| Untracked 
| 210|0x00000000ed200000, 0x00000000ed200000, 0x00000000ed300000|  0%| F|  |TAMS 0x00000000ed200000, 0x00000000ed200000| Untracked 
| 211|0x00000000ed300000, 0x00000000ed300000, 0x00000000ed400000|  0%| F|  |TAMS 0x00000000ed300000, 0x00000000ed300000| Untracked 
| 212|0x00000000ed400000, 0x00000000ed400000, 0x00000000ed500000|  0%| F|  |TAMS 0x00000000ed400000, 0x00000000ed400000| Untracked 
| 213|0x00000000ed500000, 0x00000000ed500000, 0x00000000ed600000|  0%| F|  |TAMS 0x00000000ed500000, 0x00000000ed500000| Untracked 
| 214|0x00000000ed600000, 0x00000000ed600000, 0x00000000ed700000|  0%| F|  |TAMS 0x00000000ed600000, 0x00000000ed600000| Untracked 
| 215|0x00000000ed700000, 0x00000000ed700000, 0x00000000ed800000|  0%| F|  |TAMS 0x00000000ed700000, 0x00000000ed700000| Untracked 
| 216|0x00000000ed800000, 0x00000000ed800000, 0x00000000ed900000|  0%| F|  |TAMS 0x00000000ed800000, 0x00000000ed800000| Untracked 
| 217|0x00000000ed900000, 0x00000000ed900000, 0x00000000eda00000|  0%| F|  |TAMS 0x00000000ed900000, 0x00000000ed900000| Untracked 
| 218|0x00000000eda00000, 0x00000000eda00000, 0x00000000edb00000|  0%| F|  |TAMS 0x00000000eda00000, 0x00000000eda00000| Untracked 
| 219|0x00000000edb00000, 0x00000000edb00000, 0x00000000edc00000|  0%| F|  |TAMS 0x00000000edb00000, 0x00000000edb00000| Untracked 
| 220|0x00000000edc00000, 0x00000000edc00000, 0x00000000edd00000|  0%| F|  |TAMS 0x00000000edc00000, 0x00000000edc00000| Untracked 
| 221|0x00000000edd00000, 0x00000000edd00000, 0x00000000ede00000|  0%| F|  |TAMS 0x00000000edd00000, 0x00000000edd00000| Untracked 
| 222|0x00000000ede00000, 0x00000000ede00000, 0x00000000edf00000|  0%| F|  |TAMS 0x00000000ede00000, 0x00000000ede00000| Untracked 
| 223|0x00000000edf00000, 0x00000000edf00000, 0x00000000ee000000|  0%| F|  |TAMS 0x00000000edf00000, 0x00000000edf00000| Untracked 
| 224|0x00000000ee000000, 0x00000000ee000000, 0x00000000ee100000|  0%| F|  |TAMS 0x00000000ee000000, 0x00000000ee000000| Untracked 
| 225|0x00000000ee100000, 0x00000000ee100000, 0x00000000ee200000|  0%| F|  |TAMS 0x00000000ee100000, 0x00000000ee100000| Untracked 
| 226|0x00000000ee200000, 0x00000000ee200000, 0x00000000ee300000|  0%| F|  |TAMS 0x00000000ee200000, 0x00000000ee200000| Untracked 
| 227|0x00000000ee300000, 0x00000000ee300000, 0x00000000ee400000|  0%| F|  |TAMS 0x00000000ee300000, 0x00000000ee300000| Untracked 
| 228|0x00000000ee400000, 0x00000000ee400000, 0x00000000ee500000|  0%| F|  |TAMS 0x00000000ee400000, 0x00000000ee400000| Untracked 
| 229|0x00000000ee500000, 0x00000000ee500000, 0x00000000ee600000|  0%| F|  |TAMS 0x00000000ee500000, 0x00000000ee500000| Untracked 
| 230|0x00000000ee600000, 0x00000000ee684b48, 0x00000000ee700000| 51%| E|  |TAMS 0x00000000ee600000, 0x00000000ee600000| Complete 
| 231|0x00000000ee700000, 0x00000000ee800000, 0x00000000ee800000|100%| E|CS|TAMS 0x00000000ee700000, 0x00000000ee700000| Complete 
| 232|0x00000000ee800000, 0x00000000ee900000, 0x00000000ee900000|100%| E|CS|TAMS 0x00000000ee800000, 0x00000000ee800000| Complete 
| 233|0x00000000ee900000, 0x00000000eea00000, 0x00000000eea00000|100%| E|CS|TAMS 0x00000000ee900000, 0x00000000ee900000| Complete 
| 234|0x00000000eea00000, 0x00000000eeb00000, 0x00000000eeb00000|100%| E|CS|TAMS 0x00000000eea00000, 0x00000000eea00000| Complete 
| 235|0x00000000eeb00000, 0x00000000eec00000, 0x00000000eec00000|100%| E|CS|TAMS 0x00000000eeb00000, 0x00000000eeb00000| Complete 
| 236|0x00000000eec00000, 0x00000000eed00000, 0x00000000eed00000|100%| E|CS|TAMS 0x00000000eec00000, 0x00000000eec00000| Complete 
| 237|0x00000000eed00000, 0x00000000eee00000, 0x00000000eee00000|100%| E|CS|TAMS 0x00000000eed00000, 0x00000000eed00000| Complete 
| 238|0x00000000eee00000, 0x00000000eef00000, 0x00000000eef00000|100%| E|CS|TAMS 0x00000000eee00000, 0x00000000eee00000| Complete 
| 239|0x00000000eef00000, 0x00000000ef000000, 0x00000000ef000000|100%| E|CS|TAMS 0x00000000eef00000, 0x00000000eef00000| Complete 
| 240|0x00000000ef000000, 0x00000000ef100000, 0x00000000ef100000|100%| E|CS|TAMS 0x00000000ef000000, 0x00000000ef000000| Complete 
| 241|0x00000000ef100000, 0x00000000ef200000, 0x00000000ef200000|100%| E|CS|TAMS 0x00000000ef100000, 0x00000000ef100000| Complete 
| 242|0x00000000ef200000, 0x00000000ef300000, 0x00000000ef300000|100%| E|CS|TAMS 0x00000000ef200000, 0x00000000ef200000| Complete 
| 243|0x00000000ef300000, 0x00000000ef400000, 0x00000000ef400000|100%| E|CS|TAMS 0x00000000ef300000, 0x00000000ef300000| Complete 
| 244|0x00000000ef400000, 0x00000000ef500000, 0x00000000ef500000|100%| E|CS|TAMS 0x00000000ef400000, 0x00000000ef400000| Complete 
| 245|0x00000000ef500000, 0x00000000ef600000, 0x00000000ef600000|100%| E|CS|TAMS 0x00000000ef500000, 0x00000000ef500000| Complete 
| 246|0x00000000ef600000, 0x00000000ef700000, 0x00000000ef700000|100%| E|CS|TAMS 0x00000000ef600000, 0x00000000ef600000| Complete 
| 247|0x00000000ef700000, 0x00000000ef800000, 0x00000000ef800000|100%| E|CS|TAMS 0x00000000ef700000, 0x00000000ef700000| Complete 
| 248|0x00000000ef800000, 0x00000000ef900000, 0x00000000ef900000|100%| E|CS|TAMS 0x00000000ef800000, 0x00000000ef800000| Complete 
| 249|0x00000000ef900000, 0x00000000efa00000, 0x00000000efa00000|100%| E|CS|TAMS 0x00000000ef900000, 0x00000000ef900000| Complete 
| 250|0x00000000efa00000, 0x00000000efb00000, 0x00000000efb00000|100%| E|CS|TAMS 0x00000000efa00000, 0x00000000efa00000| Complete 
| 251|0x00000000efb00000, 0x00000000efc00000, 0x00000000efc00000|100%| E|CS|TAMS 0x00000000efb00000, 0x00000000efb00000| Complete 
| 252|0x00000000efc00000, 0x00000000efc758a0, 0x00000000efd00000| 45%| S|CS|TAMS 0x00000000efc00000, 0x00000000efc00000| Complete 
| 253|0x00000000efd00000, 0x00000000efe00000, 0x00000000efe00000|100%| S|CS|TAMS 0x00000000efd00000, 0x00000000efd00000| Complete 
| 254|0x00000000efe00000, 0x00000000eff00000, 0x00000000eff00000|100%| E|CS|TAMS 0x00000000efe00000, 0x00000000efe00000| Complete 
| 255|0x00000000eff00000, 0x00000000f0000000, 0x00000000f0000000|100%| E|CS|TAMS 0x00000000eff00000, 0x00000000eff00000| Complete 

Card table byte_map: [0x00000292a5900000,0x00000292a5a00000] _byte_map_base: 0x00000292a5200000

Marking Bits (Prev, Next): (CMBitMap*) 0x000002928c54bc70, (CMBitMap*) 0x000002928c54bc30
 Prev Bits: [0x00000292a6300000, 0x00000292a6b00000)
 Next Bits: [0x00000292a5b00000, 0x00000292a6300000)

Polling page: 0x000002928dde0000

Metaspace:

Usage:
  Non-class:     87.62 MB used.
      Class:     14.05 MB used.
       Both:    101.67 MB used.

Virtual space:
  Non-class space:      128.00 MB reserved,      88.38 MB ( 69%) committed,  2 nodes.
      Class space:      320.00 MB reserved,      14.75 MB (  5%) committed,  1 nodes.
             Both:      448.00 MB reserved,     103.12 MB ( 23%) committed. 

Chunk freelists:
   Non-Class:  7.50 MB
       Class:  1.21 MB
        Both:  8.71 MB

MaxMetaspaceSize: 384.00 MB
CompressedClassSpaceSize: 320.00 MB
Initial GC threshold: 21.00 MB
Current GC threshold: 170.75 MB
CDS: on
MetaspaceReclaimPolicy: balanced
 - commit_granule_bytes: 65536.
 - commit_granule_words: 8192.
 - virtual_space_node_default_size: 8388608.
 - enlarge_chunks_in_place: 1.
 - new_chunks_are_fully_committed: 0.
 - uncommit_free_chunks: 1.
 - use_allocation_guard: 0.
 - handle_deallocations: 1.


Internal statistics:

num_allocs_failed_limit: 15.
num_arena_births: 2026.
num_arena_deaths: 8.
num_vsnodes_births: 3.
num_vsnodes_deaths: 0.
num_space_committed: 1650.
num_space_uncommitted: 0.
num_chunks_returned_to_freelist: 27.
num_chunks_taken_from_freelist: 7064.
num_chunk_merges: 15.
num_chunk_splits: 4372.
num_chunks_enlarged: 2540.
num_inconsistent_stats: 0.

CodeHeap 'non-profiled nmethods': size=119168Kb used=10251Kb max_used=10251Kb free=108916Kb
 bounds [0x000002929db10000, 0x000002929e520000, 0x00000292a4f70000]
CodeHeap 'profiled nmethods': size=119104Kb used=29277Kb max_used=29277Kb free=89826Kb
 bounds [0x0000029295f70000, 0x0000029297c10000, 0x000002929d3c0000]
CodeHeap 'non-nmethods': size=7488Kb used=2976Kb max_used=4130Kb free=4511Kb
 bounds [0x000002929d3c0000, 0x000002929d850000, 0x000002929db10000]
 total_blobs=15654 nmethods=14707 adapters=857
 compilation: enabled
              stopped_count=0, restarted_count=0
 full_count=0

Compilation events (20 events):
Event: 240.328 Thread 0x00000292c7585620 nmethod 17064 0x0000029297c02790 code [0x0000029297c02920, 0x0000029297c02a48]
Event: 240.328 Thread 0x00000292a9c05540 nmethod 17063 0x0000029297c02b10 code [0x0000029297c02cc0, 0x0000029297c02f58]
Event: 240.328 Thread 0x00000292a9c05540 17065       3       org.gradle.api.internal.plugins.DefaultPluginManager::addPlugin (104 bytes)
Event: 240.328 Thread 0x00000292c7585620 17066       3       org.gradle.api.internal.plugins.DefaultPotentialPluginWithId::isImperative (10 bytes)
Event: 240.328 Thread 0x00000292c7585620 nmethod 17066 0x0000029297c03090 code [0x0000029297c03240, 0x0000029297c03408]
Event: 240.328 Thread 0x00000292c7585620 17067       3       org.gradle.api.internal.plugins.DefaultPluginManager::producePluginInstance (28 bytes)
Event: 240.328 Thread 0x00000292c7585620 nmethod 17067 0x0000029297c03510 code [0x0000029297c036e0, 0x0000029297c03a18]
Event: 240.328 Thread 0x00000292c7585620 17068   !   3       org.gradle.api.internal.plugins.DefaultPluginManager::instantiatePlugin (44 bytes)
Event: 240.329 Thread 0x00000292c7585620 nmethod 17068 0x0000029297c03b10 code [0x0000029297c03dc0, 0x0000029297c04be8]
Event: 240.329 Thread 0x00000292a9c05540 nmethod 17065 0x0000029297c05110 code [0x0000029297c05400, 0x0000029297c06678]
Event: 240.329 Thread 0x00000292c7585620 17069       3       org.gradle.api.internal.plugins.DefaultPotentialPluginWithId::isHasRules (10 bytes)
Event: 240.329 Thread 0x00000292a9c05540 17070   !   3       org.gradle.api.internal.plugins.ImperativeOnlyPluginTarget::applyImperative (32 bytes)
Event: 240.330 Thread 0x00000292c7585620 nmethod 17069 0x0000029297c06c90 code [0x0000029297c06e40, 0x0000029297c07008]
Event: 240.330 Thread 0x00000292a9c05540 nmethod 17070 0x0000029297c07110 code [0x0000029297c072e0, 0x0000029297c076b8]
Event: 240.336 Thread 0x00000292c7585620 17071       3       org.gradle.api.internal.plugins.DefaultPluginRegistry::inspect (27 bytes)
Event: 240.336 Thread 0x00000292c7585620 nmethod 17071 0x0000029297c07890 code [0x0000029297c07aa0, 0x0000029297c080f8]
Event: 240.338 Thread 0x00000292c7585620 17072       3       org.gradle.api.reflect.TypeOf::typeOf (9 bytes)
Event: 240.338 Thread 0x00000292a9c05540 17073       3       org.gradle.api.reflect.TypeOf$5::<init> (7 bytes)
Event: 240.338 Thread 0x00000292a9c05540 nmethod 17073 0x0000029297c08410 code [0x0000029297c085c0, 0x0000029297c08838]
Event: 240.339 Thread 0x00000292c7585620 nmethod 17072 0x0000029297c08990 code [0x0000029297c08b40, 0x0000029297c08e58]

GC Heap History (20 events):
Event: 206.088 GC heap before
{Heap before GC invocations=18 (full 0):
 garbage-first heap   total 262144K, used 205573K [0x00000000e0000000, 0x0000000100000000)
  region size 1024K, 118 young (120832K), 11 survivors (11264K)
 Metaspace       used 86859K, committed 88064K, reserved 458752K
  class space    used 12117K, committed 12672K, reserved 327680K
}
Event: 206.115 GC heap after
{Heap after GC invocations=19 (full 0):
 garbage-first heap   total 262144K, used 100271K [0x00000000e0000000, 0x0000000100000000)
  region size 1024K, 6 young (6144K), 6 survivors (6144K)
 Metaspace       used 86859K, committed 88064K, reserved 458752K
  class space    used 12117K, committed 12672K, reserved 327680K
}
Event: 211.659 GC heap before
{Heap before GC invocations=19 (full 0):
 garbage-first heap   total 262144K, used 214959K [0x00000000e0000000, 0x0000000100000000)
  region size 1024K, 113 young (115712K), 6 survivors (6144K)
 Metaspace       used 88460K, committed 89728K, reserved 458752K
  class space    used 12297K, committed 12864K, reserved 327680K
}
Event: 211.678 GC heap after
{Heap after GC invocations=20 (full 0):
 garbage-first heap   total 262144K, used 112735K [0x00000000e0000000, 0x0000000100000000)
  region size 1024K, 14 young (14336K), 14 survivors (14336K)
 Metaspace       used 88460K, committed 89728K, reserved 458752K
  class space    used 12297K, committed 12864K, reserved 327680K
}
Event: 216.063 GC heap before
{Heap before GC invocations=20 (full 0):
 garbage-first heap   total 262144K, used 214111K [0x00000000e0000000, 0x0000000100000000)
  region size 1024K, 108 young (110592K), 14 survivors (14336K)
 Metaspace       used 93853K, committed 95168K, reserved 458752K
  class space    used 12963K, committed 13568K, reserved 327680K
}
Event: 216.091 GC heap after
{Heap after GC invocations=21 (full 0):
 garbage-first heap   total 262144K, used 120737K [0x00000000e0000000, 0x0000000100000000)
  region size 1024K, 7 young (7168K), 7 survivors (7168K)
 Metaspace       used 93853K, committed 95168K, reserved 458752K
  class space    used 12963K, committed 13568K, reserved 327680K
}
Event: 221.856 GC heap before
{Heap before GC invocations=21 (full 0):
 garbage-first heap   total 262144K, used 213921K [0x00000000e0000000, 0x0000000100000000)
  region size 1024K, 95 young (97280K), 7 survivors (7168K)
 Metaspace       used 99246K, committed 100608K, reserved 458752K
  class space    used 13668K, committed 14336K, reserved 327680K
}
Event: 221.879 GC heap after
{Heap after GC invocations=22 (full 0):
 garbage-first heap   total 262144K, used 127757K [0x00000000e0000000, 0x0000000100000000)
  region size 1024K, 4 young (4096K), 4 survivors (4096K)
 Metaspace       used 99246K, committed 100608K, reserved 458752K
  class space    used 13668K, committed 14336K, reserved 327680K
}
Event: 222.778 GC heap before
{Heap before GC invocations=22 (full 0):
 garbage-first heap   total 262144K, used 145165K [0x00000000e0000000, 0x0000000100000000)
  region size 1024K, 22 young (22528K), 4 survivors (4096K)
 Metaspace       used 100357K, committed 101696K, reserved 458752K
  class space    used 13803K, committed 14464K, reserved 327680K
}
Event: 222.797 GC heap after
{Heap after GC invocations=23 (full 0):
 garbage-first heap   total 262144K, used 127963K [0x00000000e0000000, 0x0000000100000000)
  region size 1024K, 4 young (4096K), 4 survivors (4096K)
 Metaspace       used 100357K, committed 101696K, reserved 458752K
  class space    used 13803K, committed 14464K, reserved 327680K
}
Event: 227.167 GC heap before
{Heap before GC invocations=24 (full 0):
 garbage-first heap   total 262144K, used 217051K [0x00000000e0000000, 0x0000000100000000)
  region size 1024K, 91 young (93184K), 4 survivors (4096K)
 Metaspace       used 102439K, committed 103872K, reserved 458752K
  class space    used 14157K, committed 14848K, reserved 327680K
}
Event: 227.179 GC heap after
{Heap after GC invocations=25 (full 0):
 garbage-first heap   total 262144K, used 133113K [0x00000000e0000000, 0x0000000100000000)
  region size 1024K, 9 young (9216K), 9 survivors (9216K)
 Metaspace       used 102439K, committed 103872K, reserved 458752K
  class space    used 14157K, committed 14848K, reserved 327680K
}
Event: 227.249 GC heap before
{Heap before GC invocations=25 (full 0):
 garbage-first heap   total 262144K, used 136185K [0x00000000e0000000, 0x0000000100000000)
  region size 1024K, 12 young (12288K), 9 survivors (9216K)
 Metaspace       used 102458K, committed 103872K, reserved 458752K
  class space    used 14160K, committed 14848K, reserved 327680K
}
Event: 227.273 GC heap after
{Heap after GC invocations=26 (full 0):
 garbage-first heap   total 262144K, used 132703K [0x00000000e0000000, 0x0000000100000000)
  region size 1024K, 2 young (2048K), 2 survivors (2048K)
 Metaspace       used 102458K, committed 103872K, reserved 458752K
  class space    used 14160K, committed 14848K, reserved 327680K
}
Event: 236.651 GC heap before
{Heap before GC invocations=26 (full 0):
 garbage-first heap   total 262144K, used 217695K [0x00000000e0000000, 0x0000000100000000)
  region size 1024K, 85 young (87040K), 2 survivors (2048K)
 Metaspace       used 103507K, committed 104896K, reserved 458752K
  class space    used 14306K, committed 14976K, reserved 327680K
}
Event: 236.660 GC heap after
{Heap after GC invocations=27 (full 0):
 garbage-first heap   total 262144K, used 134763K [0x00000000e0000000, 0x0000000100000000)
  region size 1024K, 4 young (4096K), 4 survivors (4096K)
 Metaspace       used 103507K, committed 104896K, reserved 458752K
  class space    used 14306K, committed 14976K, reserved 327680K
}
Event: 239.921 GC heap before
{Heap before GC invocations=28 (full 0):
 garbage-first heap   total 262144K, used 218731K [0x00000000e0000000, 0x0000000100000000)
  region size 1024K, 86 young (88064K), 4 survivors (4096K)
 Metaspace       used 103914K, committed 105344K, reserved 458752K
  class space    used 14356K, committed 15040K, reserved 327680K
}
Event: 239.934 GC heap after
{Heap after GC invocations=29 (full 0):
 garbage-first heap   total 262144K, used 140935K [0x00000000e0000000, 0x0000000100000000)
  region size 1024K, 10 young (10240K), 10 survivors (10240K)
 Metaspace       used 103914K, committed 105344K, reserved 458752K
  class space    used 14356K, committed 15040K, reserved 327680K
}
Event: 239.989 GC heap before
{Heap before GC invocations=29 (full 0):
 garbage-first heap   total 262144K, used 142983K [0x00000000e0000000, 0x0000000100000000)
  region size 1024K, 12 young (12288K), 10 survivors (10240K)
 Metaspace       used 103931K, committed 105472K, reserved 458752K
  class space    used 14359K, committed 15104K, reserved 327680K
}
Event: 240.003 GC heap after
{Heap after GC invocations=30 (full 0):
 garbage-first heap   total 262144K, used 140162K [0x00000000e0000000, 0x0000000100000000)
  region size 1024K, 2 young (2048K), 2 survivors (2048K)
 Metaspace       used 103931K, committed 105472K, reserved 458752K
  class space    used 14359K, committed 15104K, reserved 327680K
}

Deoptimization events (20 events):
Event: 237.286 Thread 0x00000292c320a6a0 Uncommon trap: trap_request=0xffffffd6 fr.pc=0x000002929e343448 relative=0x0000000000000688
Event: 237.286 Thread 0x00000292c320a6a0 Uncommon trap: reason=array_check action=maybe_recompile pc=0x000002929e343448 method=java.util.ComparableTimSort.binarySort([Ljava/lang/Object;III)V @ 215 c2
Event: 237.286 Thread 0x00000292c320a6a0 DEOPT PACKING pc=0x000002929e343448 sp=0x000000b54d8f4bc0
Event: 237.286 Thread 0x00000292c320a6a0 DEOPT UNPACKING pc=0x000002929d4123a3 sp=0x000000b54d8f4b60 mode 2
Event: 237.902 Thread 0x00000292c320a6a0 Uncommon trap: trap_request=0xfffffff4 fr.pc=0x000002929e463624 relative=0x0000000000000104
Event: 237.902 Thread 0x00000292c320a6a0 Uncommon trap: reason=null_check action=make_not_entrant pc=0x000002929e463624 method=org.gradle.api.internal.collections.CollectionFilter.filter(Ljava/lang/Object;)Ljava/lang/Object; @ 5 c2
Event: 237.902 Thread 0x00000292c320a6a0 DEOPT PACKING pc=0x000002929e463624 sp=0x000000b54d8f5150
Event: 237.902 Thread 0x00000292c320a6a0 DEOPT UNPACKING pc=0x000002929d4123a3 sp=0x000000b54d8f50f0 mode 2
Event: 238.747 Thread 0x00000292c320a6a0 Uncommon trap: trap_request=0xffffffde fr.pc=0x000002929e1ffd9c relative=0x0000000000003a3c
Event: 238.747 Thread 0x00000292c320a6a0 Uncommon trap: reason=class_check action=maybe_recompile pc=0x000002929e1ffd9c method=com.google.common.cache.LocalCache$Segment.storeLoadedValue(Ljava/lang/Object;ILcom/google/common/cache/LocalCache$LoadingValueReference;Ljava/lang/Object;)Z @ 282 c2
Event: 238.747 Thread 0x00000292c320a6a0 DEOPT PACKING pc=0x000002929e1ffd9c sp=0x000000b54d8f6500
Event: 238.747 Thread 0x00000292c320a6a0 DEOPT UNPACKING pc=0x000002929d4123a3 sp=0x000000b54d8f6508 mode 2
Event: 238.749 Thread 0x00000292c320a6a0 Uncommon trap: trap_request=0xffffffde fr.pc=0x000002929e1ffd9c relative=0x0000000000003a3c
Event: 238.749 Thread 0x00000292c320a6a0 Uncommon trap: reason=class_check action=maybe_recompile pc=0x000002929e1ffd9c method=com.google.common.cache.LocalCache$Segment.storeLoadedValue(Ljava/lang/Object;ILcom/google/common/cache/LocalCache$LoadingValueReference;Ljava/lang/Object;)Z @ 282 c2
Event: 238.749 Thread 0x00000292c320a6a0 DEOPT PACKING pc=0x000002929e1ffd9c sp=0x000000b54d8f6500
Event: 238.749 Thread 0x00000292c320a6a0 DEOPT UNPACKING pc=0x000002929d4123a3 sp=0x000000b54d8f6508 mode 2
Event: 239.169 Thread 0x00000292c320a6a0 Uncommon trap: trap_request=0xffffffde fr.pc=0x000002929e1ffd9c relative=0x0000000000003a3c
Event: 239.169 Thread 0x00000292c320a6a0 Uncommon trap: reason=class_check action=maybe_recompile pc=0x000002929e1ffd9c method=com.google.common.cache.LocalCache$Segment.storeLoadedValue(Ljava/lang/Object;ILcom/google/common/cache/LocalCache$LoadingValueReference;Ljava/lang/Object;)Z @ 282 c2
Event: 239.169 Thread 0x00000292c320a6a0 DEOPT PACKING pc=0x000002929e1ffd9c sp=0x000000b54d8f6500
Event: 239.169 Thread 0x00000292c320a6a0 DEOPT UNPACKING pc=0x000002929d4123a3 sp=0x000000b54d8f6508 mode 2

Classes unloaded (4 events):
Event: 223.050 Thread 0x00000292a9acd010 Unloading class 0x00000292abbf4c00 'jdk/internal/reflect/GeneratedSerializationConstructorAccessor142'
Event: 223.051 Thread 0x00000292a9acd010 Unloading class 0x00000292abbe4400 'java/lang/invoke/LambdaForm$DMH+0x00000292abbe4400'
Event: 223.051 Thread 0x00000292a9acd010 Unloading class 0x00000292abbb4c00 'java/lang/invoke/LambdaForm$MH+0x00000292abbb4c00'
Event: 223.051 Thread 0x00000292a9acd010 Unloading class 0x00000292abbb4400 'java/lang/invoke/LambdaForm$DMH+0x00000292abbb4400'

Classes redefined (0 events):
No events

Internal exceptions (20 events):
Event: 236.410 Thread 0x00000292c320a6a0 Exception <a 'sun/nio/fs/WindowsException'{0x00000000ec1a0398}> (0x00000000ec1a0398) 
thrown [s\open\src\hotspot\share\prims\jni.cpp, line 516]
Event: 236.413 Thread 0x00000292c320a6a0 Exception <a 'sun/nio/fs/WindowsException'{0x00000000ec1c2f38}> (0x00000000ec1c2f38) 
thrown [s\open\src\hotspot\share\prims\jni.cpp, line 516]
Event: 236.418 Thread 0x00000292c320a6a0 Exception <a 'sun/nio/fs/WindowsException'{0x00000000ec1c4cb0}> (0x00000000ec1c4cb0) 
thrown [s\open\src\hotspot\share\prims\jni.cpp, line 516]
Event: 236.768 Thread 0x00000292c320a6a0 Exception <a 'sun/nio/fs/WindowsException'{0x00000000efd7c878}> (0x00000000efd7c878) 
thrown [s\open\src\hotspot\share\prims\jni.cpp, line 516]
Event: 236.772 Thread 0x00000292c320a6a0 Exception <a 'sun/nio/fs/WindowsException'{0x00000000efd7e618}> (0x00000000efd7e618) 
thrown [s\open\src\hotspot\share\prims\jni.cpp, line 516]
Event: 236.777 Thread 0x00000292c320a6a0 Exception <a 'sun/nio/fs/WindowsException'{0x00000000efd803b8}> (0x00000000efd803b8) 
thrown [s\open\src\hotspot\share\prims\jni.cpp, line 516]
Event: 236.783 Thread 0x00000292c320a6a0 Exception <a 'sun/nio/fs/WindowsException'{0x00000000efd82130}> (0x00000000efd82130) 
thrown [s\open\src\hotspot\share\prims\jni.cpp, line 516]
Event: 236.924 Thread 0x00000292c320a6a0 Exception <a 'sun/nio/fs/WindowsException'{0x00000000ee660598}> (0x00000000ee660598) 
thrown [s\open\src\hotspot\share\prims\jni.cpp, line 516]
Event: 236.924 Thread 0x00000292c320a6a0 Exception <a 'sun/nio/fs/WindowsException'{0x00000000ee6608a8}> (0x00000000ee6608a8) 
thrown [s\open\src\hotspot\share\prims\jni.cpp, line 516]
Event: 236.925 Thread 0x00000292c320a6a0 Exception <a 'sun/nio/fs/WindowsException'{0x00000000ee663a60}> (0x00000000ee663a60) 
thrown [s\open\src\hotspot\share\prims\jni.cpp, line 516]
Event: 236.925 Thread 0x00000292c320a6a0 Exception <a 'sun/nio/fs/WindowsException'{0x00000000ee663e68}> (0x00000000ee663e68) 
thrown [s\open\src\hotspot\share\prims\jni.cpp, line 516]
Event: 236.926 Thread 0x00000292c320a6a0 Exception <a 'sun/nio/fs/WindowsException'{0x00000000ee667c98}> (0x00000000ee667c98) 
thrown [s\open\src\hotspot\share\prims\jni.cpp, line 516]
Event: 236.926 Thread 0x00000292c320a6a0 Exception <a 'sun/nio/fs/WindowsException'{0x00000000ee6680a0}> (0x00000000ee6680a0) 
thrown [s\open\src\hotspot\share\prims\jni.cpp, line 516]
Event: 237.530 Thread 0x00000292c320a6a0 Exception <a 'java/lang/ClassNotFoundException'{0x00000000ed91d060}: GradleAnnotationProcessorPatchPluginBeanInfo> (0x00000000ed91d060) 
thrown [s\open\src\hotspot\share\classfile\systemDictionary.cpp, line 256]
Event: 237.533 Thread 0x00000292c320a6a0 Exception <a 'java/lang/ClassNotFoundException'{0x00000000ed92afb0}: GradleAnnotationProcessorPatchPluginCustomizer> (0x00000000ed92afb0) 
thrown [s\open\src\hotspot\share\classfile\systemDictionary.cpp, line 256]
Event: 237.544 Thread 0x00000292c320a6a0 Exception <a 'java/lang/ClassNotFoundException'{0x00000000ed95b020}: GradleAnnotationProcessorPatchPlugin$AnnotationProcessorModelBuilderBeanInfo> (0x00000000ed95b020) 
thrown [s\open\src\hotspot\share\classfile\systemDictionary.cpp, line 256]
Event: 237.547 Thread 0x00000292c320a6a0 Exception <a 'java/lang/ClassNotFoundException'{0x00000000ed9691a8}: GradleAnnotationProcessorPatchPlugin$AnnotationProcessorModelBuilderCustomizer> (0x00000000ed9691a8) 
thrown [s\open\src\hotspot\share\classfile\systemDictionary.cpp, line 256]
Event: 237.562 Thread 0x00000292c320a6a0 Exception <a 'java/lang/ClassNotFoundException'{0x00000000ed9e2758}: org/gradle/tooling/provider/model/internal/DefaultToolingModelBuilderRegistryBeanInfo> (0x00000000ed9e2758) 
thrown [s\open\src\hotspot\share\classfile\systemDictionary.cpp, line 256]
Event: 237.566 Thread 0x00000292c320a6a0 Exception <a 'java/lang/ClassNotFoundException'{0x00000000ed9fdad8}: org/gradle/tooling/provider/model/internal/DefaultToolingModelBuilderRegistryCustomizer> (0x00000000ed9fdad8) 
thrown [s\open\src\hotspot\share\classfile\systemDictionary.cpp, line 256]
Event: 237.902 Thread 0x00000292c320a6a0 Implicit null exception at 0x000002929e46355e to 0x000002929e463610

VM Operations (20 events):
Event: 236.162 Executing VM operation: Cleanup
Event: 236.162 Executing VM operation: Cleanup done
Event: 236.651 Executing VM operation: G1CollectForAllocation
Event: 236.660 Executing VM operation: G1CollectForAllocation done
Event: 236.794 Executing VM operation: G1Concurrent
Event: 236.807 Executing VM operation: G1Concurrent done
Event: 236.863 Executing VM operation: G1Concurrent
Event: 236.864 Executing VM operation: G1Concurrent done
Event: 237.872 Executing VM operation: Cleanup
Event: 237.873 Executing VM operation: Cleanup done
Event: 238.886 Executing VM operation: Cleanup
Event: 238.900 Executing VM operation: Cleanup done
Event: 239.900 Executing VM operation: Cleanup
Event: 239.901 Executing VM operation: Cleanup done
Event: 239.920 Executing VM operation: G1CollectForAllocation
Event: 239.934 Executing VM operation: G1CollectForAllocation done
Event: 239.989 Executing VM operation: G1CollectForAllocation
Event: 240.003 Executing VM operation: G1CollectForAllocation done
Event: 240.804 Executing VM operation: HandshakeAllThreads
Event: 240.804 Executing VM operation: HandshakeAllThreads done

Events (20 events):
Event: 237.319 Thread 0x00000292c71d97b0 Thread added: 0x00000292c71d97b0
Event: 237.322 Thread 0x00000292c71d8370 Thread added: 0x00000292c71d8370
Event: 237.323 Thread 0x00000292c71d9cc0 Thread added: 0x00000292c71d9cc0
Event: 237.792 Thread 0x00000292c71d8d90 Thread added: 0x00000292c71d8d90
Event: 240.093 Thread 0x00000292cec8de30 Thread added: 0x00000292cec8de30
Event: 240.096 Thread 0x00000292cec8e850 Thread added: 0x00000292cec8e850
Event: 240.097 Thread 0x00000292cec8ed60 Thread added: 0x00000292cec8ed60
Event: 240.099 Thread 0x00000292c59e52f0 Thread added: 0x00000292c59e52f0
Event: 240.100 Thread 0x00000292c8b310c0 Thread added: 0x00000292c8b310c0
Event: 240.102 Thread 0x00000292c7589a40 Thread added: 0x00000292c7589a40
Event: 240.104 Thread 0x00000292c72f7230 Thread added: 0x00000292c72f7230
Event: 240.106 Thread 0x00000292c72f8670 Thread added: 0x00000292c72f8670
Event: 240.107 Thread 0x00000292c72f7740 Thread added: 0x00000292c72f7740
Event: 240.108 Thread 0x00000292c72f4ec0 Thread added: 0x00000292c72f4ec0
Event: 240.110 Thread 0x00000292c79b2ca0 Thread added: 0x00000292c79b2ca0
Event: 240.111 Thread 0x00000292c79b3bd0 Thread added: 0x00000292c79b3bd0
Event: 240.113 Thread 0x00000292c79b4b00 Thread added: 0x00000292c79b4b00
Event: 240.114 Thread 0x00000292c79b1d70 Thread added: 0x00000292c79b1d70
Event: 240.116 Thread 0x00000292c79b1860 Thread added: 0x00000292c79b1860
Event: 240.219 Thread 0x00000292c79b2280 Thread added: 0x00000292c79b2280


Dynamic libraries:
0x00007ff7fe090000 - 0x00007ff7fe0a0000 	C:\Program Files\Java\jdk-17\bin\java.exe
0x00007ffb4cae0000 - 0x00007ffb4cd48000 	C:\WINDOWS\SYSTEM32\ntdll.dll
0x00007ffb4bc60000 - 0x00007ffb4bd29000 	C:\WINDOWS\System32\KERNEL32.DLL
0x00007ffb4a370000 - 0x00007ffb4a762000 	C:\WINDOWS\System32\KERNELBASE.dll
0x00007ffb49d10000 - 0x00007ffb49e5b000 	C:\WINDOWS\System32\ucrtbase.dll
0x00007ffb399a0000 - 0x00007ffb399bb000 	C:\Program Files\Java\jdk-17\bin\VCRUNTIME140.dll
0x00007ffb390a0000 - 0x00007ffb390b9000 	C:\Program Files\Java\jdk-17\bin\jli.dll
0x00007ffb4c510000 - 0x00007ffb4c5c4000 	C:\WINDOWS\System32\ADVAPI32.dll
0x00007ffb4abc0000 - 0x00007ffb4ac69000 	C:\WINDOWS\System32\msvcrt.dll
0x00007ffb4ab10000 - 0x00007ffb4abb6000 	C:\WINDOWS\System32\sechost.dll
0x00007ffb4a9f0000 - 0x00007ffb4ab08000 	C:\WINDOWS\System32\RPCRT4.dll
0x00007ffb4b480000 - 0x00007ffb4b645000 	C:\WINDOWS\System32\USER32.dll
0x00007ffb48ef0000 - 0x00007ffb49183000 	C:\WINDOWS\WinSxS\amd64_microsoft.windows.common-controls_6595b64144ccf1df_6.0.26100.6899_none_3e0efeeae32e88c1\COMCTL32.dll
0x00007ffb4a280000 - 0x00007ffb4a2a7000 	C:\WINDOWS\System32\win32u.dll
0x00007ffb4bd30000 - 0x00007ffb4bd5b000 	C:\WINDOWS\System32\GDI32.dll
0x00007ffb49fd0000 - 0x00007ffb4a0fd000 	C:\WINDOWS\System32\gdi32full.dll
0x00007ffb4a800000 - 0x00007ffb4a8a3000 	C:\WINDOWS\System32\msvcp_win.dll
0x00007ffb3ead0000 - 0x00007ffb3eadb000 	C:\WINDOWS\SYSTEM32\VERSION.dll
0x00007ffb4c5d0000 - 0x00007ffb4c5ff000 	C:\WINDOWS\System32\IMM32.DLL
0x00007ffb42e20000 - 0x00007ffb42e2c000 	C:\Program Files\Java\jdk-17\bin\vcruntime140_1.dll
0x00007ffb07b70000 - 0x00007ffb07bfe000 	C:\Program Files\Java\jdk-17\bin\msvcp140.dll
0x00007ffa80eb0000 - 0x00007ffa81a90000 	C:\Program Files\Java\jdk-17\bin\server\jvm.dll
0x00007ffb4b6e0000 - 0x00007ffb4b6e8000 	C:\WINDOWS\System32\PSAPI.DLL
0x00007ffb391e0000 - 0x00007ffb391ea000 	C:\WINDOWS\SYSTEM32\WSOCK32.dll
0x00007ffb3ea90000 - 0x00007ffb3eac5000 	C:\WINDOWS\SYSTEM32\WINMM.dll
0x00007ffb4c010000 - 0x00007ffb4c084000 	C:\WINDOWS\System32\WS2_32.dll
0x00007ffb480f0000 - 0x00007ffb4810b000 	C:\WINDOWS\SYSTEM32\kernel.appcore.dll
0x00007ffb384c0000 - 0x00007ffb384ca000 	C:\Program Files\Java\jdk-17\bin\jimage.dll
0x00007ffb494c0000 - 0x00007ffb49702000 	C:\WINDOWS\SYSTEM32\DBGHELP.DLL
0x00007ffb4c190000 - 0x00007ffb4c50b000 	C:\WINDOWS\System32\combase.dll
0x00007ffb4b6f0000 - 0x00007ffb4b7c7000 	C:\WINDOWS\System32\OLEAUT32.dll
0x00007ffb49390000 - 0x00007ffb493cc000 	C:\WINDOWS\SYSTEM32\dbgcore.DLL
0x00007ffb49c70000 - 0x00007ffb49d08000 	C:\WINDOWS\System32\bcryptPrimitives.dll
0x00007ffb363b0000 - 0x00007ffb363be000 	C:\Program Files\Java\jdk-17\bin\instrument.dll
0x00007ffb35c10000 - 0x00007ffb35c35000 	C:\Program Files\Java\jdk-17\bin\java.dll
0x00007ffaff130000 - 0x00007ffaff207000 	C:\Program Files\Java\jdk-17\bin\jsvml.dll
0x00007ffb4ac70000 - 0x00007ffb4b3bd000 	C:\WINDOWS\System32\SHELL32.dll
0x00007ffb49e60000 - 0x00007ffb49fcb000 	C:\WINDOWS\System32\wintypes.dll
0x00007ffb46e20000 - 0x00007ffb4767d000 	C:\WINDOWS\SYSTEM32\windows.storage.dll
0x00007ffb4b990000 - 0x00007ffb4ba82000 	C:\WINDOWS\System32\SHCORE.dll
0x00007ffb4bfa0000 - 0x00007ffb4c002000 	C:\WINDOWS\System32\shlwapi.dll
0x00007ffb49b90000 - 0x00007ffb49bb9000 	C:\WINDOWS\SYSTEM32\profapi.dll
0x00007ffb30f90000 - 0x00007ffb30fa8000 	C:\Program Files\Java\jdk-17\bin\zip.dll
0x00007ffb27e50000 - 0x00007ffb27e69000 	C:\Program Files\Java\jdk-17\bin\net.dll
0x00007ffb41780000 - 0x00007ffb4189f000 	C:\WINDOWS\SYSTEM32\WINHTTP.dll
0x00007ffb486f0000 - 0x00007ffb4875b000 	C:\WINDOWS\system32\mswsock.dll
0x00007ffb1c800000 - 0x00007ffb1c816000 	C:\Program Files\Java\jdk-17\bin\nio.dll
0x00007ffb363a0000 - 0x00007ffb363b0000 	C:\Program Files\Java\jdk-17\bin\verify.dll
0x00007ffb20da0000 - 0x00007ffb20dc7000 	C:\Users\Rach Kolly\.gradle\native\1def1411415f61bf3af743bc5b6707747c0891f09f0c88961ee8f79bc544acac\windows-amd64\native-platform.dll
0x00007ffb13d70000 - 0x00007ffb13de8000 	C:\Users\Rach Kolly\.gradle\native\0.2.7\x86_64-windows-gnu\gradle-fileevents.dll
0x00007ffb1e4e0000 - 0x00007ffb1e4ea000 	C:\Program Files\Java\jdk-17\bin\management.dll
0x00007ffb1c870000 - 0x00007ffb1c87b000 	C:\Program Files\Java\jdk-17\bin\management_ext.dll
0x00007ffb47b70000 - 0x00007ffb47ba4000 	C:\WINDOWS\SYSTEM32\IPHLPAPI.DLL
0x00007ffb4b650000 - 0x00007ffb4b65a000 	C:\WINDOWS\System32\NSI.dll
0x00007ffb41ac0000 - 0x00007ffb41ade000 	C:\WINDOWS\SYSTEM32\dhcpcsvc6.DLL
0x00007ffb419d0000 - 0x00007ffb419f3000 	C:\WINDOWS\SYSTEM32\dhcpcsvc.DLL
0x00007ffb47c10000 - 0x00007ffb47d36000 	C:\WINDOWS\SYSTEM32\DNSAPI.dll
0x00007ffb49810000 - 0x00007ffb4982b000 	C:\WINDOWS\SYSTEM32\CRYPTSP.dll
0x00007ffb485f0000 - 0x00007ffb4862b000 	C:\WINDOWS\system32\rsaenh.dll
0x00007ffb48790000 - 0x00007ffb487bb000 	C:\WINDOWS\SYSTEM32\USERENV.dll
0x00007ffb49b60000 - 0x00007ffb49b86000 	C:\WINDOWS\SYSTEM32\bcrypt.dll
0x00007ffb48cf0000 - 0x00007ffb48cfc000 	C:\WINDOWS\SYSTEM32\CRYPTBASE.dll
0x00007ffb1c7f0000 - 0x00007ffb1c7fe000 	C:\Program Files\Java\jdk-17\bin\sunmscapi.dll
0x00007ffb4a100000 - 0x00007ffb4a277000 	C:\WINDOWS\System32\CRYPT32.dll
0x00007ffb48db0000 - 0x00007ffb48de0000 	C:\WINDOWS\SYSTEM32\ncrypt.dll
0x00007ffb48ca0000 - 0x00007ffb48cdf000 	C:\WINDOWS\SYSTEM32\NTASN1.dll
0x00007ffb0fef0000 - 0x00007ffb0fef8000 	C:\WINDOWS\system32\wshunix.dll

dbghelp: loaded successfully - version: 4.0.5 - missing functions: none
symbol engine: initialized successfully - sym options: 0x614 - pdb path: .;C:\Program Files\Java\jdk-17\bin;C:\WINDOWS\SYSTEM32;C:\WINDOWS\WinSxS\amd64_microsoft.windows.common-controls_6595b64144ccf1df_6.0.26100.6899_none_3e0efeeae32e88c1;C:\Program Files\Java\jdk-17\bin\server;C:\Users\Rach Kolly\.gradle\native\1def1411415f61bf3af743bc5b6707747c0891f09f0c88961ee8f79bc544acac\windows-amd64;C:\Users\Rach Kolly\.gradle\native\0.2.7\x86_64-windows-gnu

VM Arguments:
jvm_args: --add-opens=java.base/java.lang=ALL-UNNAMED --add-opens=java.base/java.lang.invoke=ALL-UNNAMED --add-opens=java.base/java.util=ALL-UNNAMED --add-opens=java.prefs/java.util.prefs=ALL-UNNAMED --add-exports=jdk.compiler/com.sun.tools.javac.api=ALL-UNNAMED --add-exports=jdk.compiler/com.sun.tools.javac.util=ALL-UNNAMED --add-opens=java.base/java.util=ALL-UNNAMED --add-opens=java.prefs/java.util.prefs=ALL-UNNAMED --add-opens=java.base/java.nio.charset=ALL-UNNAMED --add-opens=java.base/java.net=ALL-UNNAMED --add-opens=java.base/java.util.concurrent.atomic=ALL-UNNAMED --add-opens=java.xml/javax.xml.namespace=ALL-UNNAMED -XX:MaxMetaspaceSize=384m -XX:+HeapDumpOnOutOfMemoryError -Xms256m -Xmx512m -Dfile.encoding=UTF-8 -Duser.country=PH -Duser.language=en -Duser.variant -javaagent:C:\Users\Rach Kolly\.gradle\wrapper\dists\gradle-8.13-bin\5xuhj0ry160q40clulazy9h7d\gradle-8.13\lib\agents\gradle-instrumentation-agent-8.13.jar 
java_command: org.gradle.launcher.daemon.bootstrap.GradleDaemon 8.13
java_class_path (initial): C:\Users\Rach Kolly\.gradle\wrapper\dists\gradle-8.13-bin\5xuhj0ry160q40clulazy9h7d\gradle-8.13\lib\gradle-daemon-main-8.13.jar
Launcher Type: SUN_STANDARD

[Global flags]
     intx CICompilerCount                          = 12                                        {product} {ergonomic}
   size_t CompressedClassSpaceSize                 = 335544320                                 {product} {ergonomic}
     uint ConcGCThreads                            = 3                                         {product} {ergonomic}
     uint G1ConcRefinementThreads                  = 13                                        {product} {ergonomic}
   size_t G1HeapRegionSize                         = 1048576                                   {product} {ergonomic}
    uintx GCDrainStackTargetSize                   = 64                                        {product} {ergonomic}
     bool HeapDumpOnOutOfMemoryError               = true                                   {manageable} {command line}
   size_t InitialHeapSize                          = 268435456                                 {product} {command line}
   size_t MarkStackSize                            = 4194304                                   {product} {ergonomic}
   size_t MaxHeapSize                              = 536870912                                 {product} {command line}
   size_t MaxMetaspaceSize                         = 402653184                                 {product} {command line}
   size_t MaxNewSize                               = 321912832                                 {product} {ergonomic}
   size_t MinHeapDeltaBytes                        = 1048576                                   {product} {ergonomic}
   size_t MinHeapSize                              = 268435456                                 {product} {command line}
    uintx NonNMethodCodeHeapSize                   = 7602480                                {pd product} {ergonomic}
    uintx NonProfiledCodeHeapSize                  = 122027880                              {pd product} {ergonomic}
    uintx ProfiledCodeHeapSize                     = 122027880                              {pd product} {ergonomic}
    uintx ReservedCodeCacheSize                    = 251658240                              {pd product} {ergonomic}
     bool SegmentedCodeCache                       = true                                      {product} {ergonomic}
   size_t SoftMaxHeapSize                          = 536870912                              {manageable} {ergonomic}
     bool UseCompressedClassPointers               = true                           {product lp64_product} {ergonomic}
     bool UseCompressedOops                        = true                           {product lp64_product} {ergonomic}
     bool UseG1GC                                  = true                                      {product} {ergonomic}
     bool UseLargePagesIndividualAllocation        = false                                  {pd product} {ergonomic}

Logging:
Log output configuration:
 #0: stdout all=warning uptime,level,tags
 #1: stderr all=off uptime,level,tags

Environment Variables:
CLASSPATH=.;C:\PROGRA~1\IBM\SQLLIB\java\DB2JCC~1.JAR
PATH=C:\Program Files\Common Files\Oracle\Java\javapath;C:\Program Files\Microsoft MPI\Bin\;C:\Program Files (x86)\Common Files\Oracle\Java\javapath;C:\Windows\system32;C:\Windows;C:\Windows\System32\Wbem;C:\Windows\System32\WindowsPowerShell\v1.0\;C:\Windows\System32\OpenSSH\;C:\Program Files (x86)\NVIDIA Corporation\PhysX\Common;C:\Program Files\NVIDIA Corporation\NVIDIA NvDLISR;C:\php-8.1.12;C:\WINDOWS\system32;C:\WINDOWS;C:\WINDOWS\System32\Wbem;C:\WINDOWS\System32\WindowsPowerShell\v1.0\;C:\WINDOWS\System32\OpenSSH\;C:\Program Files\Java\jdk1.8.0_281\bin;C:\Program Files\ibm\gsk8\lib64;C:\Program Files (x86)\ibm\gsk8\lib;C:\Program Files\Microsoft\Web Platform Installer\;C:\Program Files (x86)\Microsoft ASP.NET\ASP.NET Web Pages\v1.0\;C:\Program Files (x86)\Windows Kits\8.0\Windows Performance Toolkit\;C:\Program Files (x86)\Microsoft SQL Server\160\Tools\Binn\;C:\Program Files\Microsoft SQL Server\160\Tools\Binn\;C:\Program Files\Microsoft SQL Server\Client SDK\ODBC\170\Tools\Binn\;C:\Program Files\Microsoft SQL Server\160\DTS\Binn\;C:\Program Files\nodejs\;C:\Program Files\Git\cmd;C:\Program Files\Java\jdk-17\bin;C:\Users\Rach Kolly\AppData\Local\Microsoft\WindowsApps;C:\Users\Rach Kolly\AppData\Local\GitHubDesktop\bin;C:\MinGW\bin;C:\Users\Rach Kolly\AppData\Roaming\npm;C:\Program Files\Java\jdk-17\bin;
USERNAME=Rach Kolly
OS=Windows_NT
PROCESSOR_IDENTIFIER=AMD64 Family 23 Model 96 Stepping 1, AuthenticAMD



---------------  S Y S T E M  ---------------

OS:
 Windows 11 , 64 bit Build 26100 (10.0.26100.6725)
OS uptime: 1 days 13:57 hours
Hyper-V role detected

CPU: total 16 (initial active 16) (16 cores per cpu, 2 threads per core) family 23 model 96 stepping 1 microcode 0x8600106, cx8, cmov, fxsr, ht, mmx, 3dnowpref, sse, sse2, sse3, ssse3, sse4a, sse4.1, sse4.2, popcnt, lzcnt, tsc, tscinvbit, avx, avx2, aes, clmul, bmi1, bmi2, adx, sha, fma, vzeroupper, clflush, clflushopt, hv

Memory: 4k page, system-wide physical 7597M (407M free)
TotalPageFile size 31149M (AvailPageFile size 1M)
current process WorkingSet (physical memory assigned to process): 415M, peak: 499M
current process commit charge ("private bytes"): 621M, peak: 633M

vm_info: Java HotSpot(TM) 64-Bit Server VM (17.0.12+8-LTS-286) for windows-amd64 JRE (17.0.12+8-LTS-286), built on Jun  5 2024 06:46:59 by "mach5one" with MS VC++ 17.6 (VS2022)

END.
